#
# A fatal error has been detected by the Java Runtime Environment:
#
#  SIGSEGV (0xb) at pc=0x0000000129f76e48, pid=14982, tid=2571
#
# JRE version: Java(TM) SE Runtime Environment (8.0_66-b17) (build 1.8.0_66-b17)
# Java VM: Java HotSpot(TM) 64-Bit Server VM (25.66-b17 mixed mode bsd-amd64 compressed oops)
# Problematic frame:
# C  [libjfxwebkit.dylib+0x92ae48]  WebCore::DocumentLoader::responseReceived(WebCore::CachedResource*, WebCore::ResourceResponse const&)+0x6b8
#
# Failed to write core dump. Core dumps have been disabled. To enable core dumping, try "ulimit -c unlimited" before starting Java again
#
# If you would like to submit a bug report, please visit:
#   http://bugreport.java.com/bugreport/crash.jsp
# The crash happened outside the Java Virtual Machine in native code.
# See problematic frame for where to report the bug.
#

---------------  T H R E A D  ---------------

Current thread (0x00007fb82e115800):  JavaThread "JavaFX Application Thread" [_thread_in_native, id=2571, stack(0x00007fff597bb000,0x00007fff59fbb000)]

siginfo: si_signo: 11 (SIGSEGV), si_code: 1 (SEGV_MAPERR), si_addr: 0x0000000000000038

Registers:
RAX=0x0000000000000000, RBX=0x00007fb832611710, RCX=0x0000000000000000, RDX=0x000000000000000c
RSP=0x00007fff59fb54d0, RBP=0x00007fff59fb5610, RSI=0x00007fb832611700, RDI=0x0000000000000000
R8 =0x000000000000f009, R9 =0x0000000000000000, R10=0x0000000000000000, R11=0x0000000000000000
R12=0x00007fb832611610, R13=0x00007fb82e328600, R14=0x00007fb82e328968, R15=0x00007fff7f78e070
RIP=0x0000000129f76e48, EFLAGS=0x0000000000010246, ERR=0x0000000000000004
  TRAPNO=0x000000000000000e

Top of Stack: (sp=0x00007fff59fb54d0)
0x00007fff59fb54d0:   00007fb8326081a8 00007fb82e328600
0x00007fff59fb54e0:   00007fb82e3288b0 00007fb8326092c0
0x00007fff59fb54f0:   00007fb832608148 00007fb80000000f
0x00007fff59fb5500:   00007fff59fb5580 0000000105c67600
0x00007fff59fb5510:   0000000000001006 0000000000000010
0x00007fff59fb5520:   00000001080612e0 0000000032611470
0x00007fff59fb5530:   0000000000000001 00007fb832611480
0x00007fff59fb5540:   ff80000000001006 00007fb83261ffff
0x00007fff59fb5550:   00007fff59fb5560 0000000000000000
0x00007fff59fb5560:   00007fff59fb58d8 00000000000000c8
0x00007fff59fb5570:   0000000105c60000 0000000000000010
0x00007fff59fb5580:   00007fff59fb55b0 00007fff93a485b1
0x00007fff59fb5590:   0000000105c90000 0000000000000010
0x00007fff59fb55a0:   00007fff59fb5638 00007fb8326084b0
0x00007fff59fb55b0:   00007fff59fb55d0 00007fff93a470dc
0x00007fff59fb55c0:   0000000000000010 00007fb832608048
0x00007fff59fb55d0:   00007fff59fb55e0 00007fb832611170
0x00007fff59fb55e0:   da0078462a1ec526 00007fb82e328600
0x00007fff59fb55f0:   0000000000000001 00007fb832608048
0x00007fff59fb5600:   00007fb832611370 0000000000000002
0x00007fff59fb5610:   00007fff59fb5690 0000000129f62ff0
0x00007fff59fb5620:   0000000000000000 00007fb832608148
0x00007fff59fb5630:   00007fb832608040 00007fb832608048
0x00007fff59fb5640:   00007fb832611370 0000000200000002
0x00007fff59fb5650:   0000000000000001 00007fb832608040
0x00007fff59fb5660:   00007fb82e328600 00007fff59fb5700
0x00007fff59fb5670:   00007fff59fb58d8 00000000000000c8
0x00007fff59fb5680:   00007fff59fb5700 00007fb8326084b0
0x00007fff59fb5690:   00007fff59fb56d0 0000000129fb1b7a
0x00007fff59fb56a0:   0000000129fb1ad0 00007fb82e1159f8
0x00007fff59fb56b0:   00007fff59fb58d8 00000000000000c8
0x00007fff59fb56c0:   00007fff59fb5700 0000000000000000 

Instructions: (pc=0x0000000129f76e48)
0x0000000129f76e28:   00 00 01 49 83 bd 68 01 00 00 00 74 0f 31 f6 4c
0x0000000129f76e38:   89 ef e8 91 06 00 00 e9 50 01 00 00 49 8b 45 10
0x0000000129f76e48:   48 8b 48 38 f6 81 f9 00 00 00 04 74 3d 4c 89 f7
0x0000000129f76e58:   e8 73 0e 18 00 48 8b 38 48 8d 35 70 ce c8 00 e8 

Register to memory mapping:

RAX=0x0000000000000000 is an unknown value
RBX=0x00007fb832611710 is an unknown value
RCX=0x0000000000000000 is an unknown value
RDX=0x000000000000000c is an unknown value
RSP=0x00007fff59fb54d0 is pointing into the stack for thread: 0x00007fb82e115800
RBP=0x00007fff59fb5610 is pointing into the stack for thread: 0x00007fb82e115800
RSI=0x00007fb832611700 is an unknown value
RDI=0x0000000000000000 is an unknown value
R8 =0x000000000000f009 is an unknown value
R9 =0x0000000000000000 is an unknown value
R10=0x0000000000000000 is an unknown value
R11=0x0000000000000000 is an unknown value
R12=0x00007fb832611610 is an unknown value
R13=0x00007fb82e328600 is an unknown value
R14=0x00007fb82e328968 is an unknown value
R15=0x00007fff7f78e070: __stack_chk_guard+0 in /usr/lib/system/libsystem_c.dylib at 0x00007fff9f279000


Stack: [0x00007fff597bb000,0x00007fff59fbb000],  sp=0x00007fff59fb54d0,  free space=8169k
Native frames: (J=compiled Java code, j=interpreted, Vv=VM code, C=native code)
C  [libjfxwebkit.dylib+0x92ae48]  WebCore::DocumentLoader::responseReceived(WebCore::CachedResource*, WebCore::ResourceResponse const&)+0x6b8
C  [libjfxwebkit.dylib+0x916ff0]  WebCore::CachedRawResource::responseReceived(WebCore::ResourceResponse const&)+0xe0
C  [libjfxwebkit.dylib+0x965b7a]  WebCore::SubresourceLoader::didReceiveResponse(WebCore::ResourceResponse const&)+0xaa
C  [libjfxwebkit.dylib+0xab2dc6]  Java_com_sun_webkit_network_URLLoader_twkDidReceiveResponse+0x76
j  com.sun.webkit.network.URLLoader.twkDidReceiveResponse(ILjava/lang/String;Ljava/lang/String;JLjava/lang/String;Ljava/lang/String;J)V+0
j  com.sun.webkit.network.URLLoader.notifyDidReceiveResponse(ILjava/lang/String;Ljava/lang/String;JLjava/lang/String;Ljava/lang/String;)V+91
j  com.sun.webkit.network.URLLoader.lambda$didReceiveResponse$94(ILjava/lang/String;Ljava/lang/String;JLjava/lang/String;Ljava/lang/String;)V+17
j  com.sun.webkit.network.URLLoader$$Lambda$205.run()V+28
j  com.sun.javafx.application.PlatformImpl.lambda$null$173(Ljava/lang/Runnable;)Ljava/lang/Void;+1
j  com.sun.javafx.application.PlatformImpl$$Lambda$49.run()Ljava/lang/Object;+4
v  ~StubRoutines::call_stub
V  [libjvm.dylib+0x2ea35e]  JavaCalls::call_helper(JavaValue*, methodHandle*, JavaCallArguments*, Thread*)+0x6ae
V  [libjvm.dylib+0x34a888]  JVM_DoPrivileged+0x4b8
j  java.security.AccessController.doPrivileged(Ljava/security/PrivilegedAction;Ljava/security/AccessControlContext;)Ljava/lang/Object;+0
j  com.sun.javafx.application.PlatformImpl.lambda$runLater$174(Ljava/lang/Runnable;Ljava/security/AccessControlContext;)V+7
j  com.sun.javafx.application.PlatformImpl$$Lambda$48.run()V+8
j  com.sun.glass.ui.InvokeLaterDispatcher$Future.run()V+4
v  ~StubRoutines::call_stub
V  [libjvm.dylib+0x2ea35e]  JavaCalls::call_helper(JavaValue*, methodHandle*, JavaCallArguments*, Thread*)+0x6ae
V  [libjvm.dylib+0x321467]  jni_invoke_nonstatic(JNIEnv_*, JavaValue*, _jobject*, JNICallType, _jmethodID*, JNI_ArgumentPusher*, Thread*)+0x2ec
V  [libjvm.dylib+0x313c3b]  jni_CallVoidMethod+0x16b
C  [libglass.dylib+0x463b]  -[GlassRunnable run]+0x6b
C  [Foundation+0x8dd4b]  __NSThreadPerformPerform+0x117
C  [CoreFoundation+0x7e5c1]  __CFRUNLOOP_IS_CALLING_OUT_TO_A_SOURCE0_PERFORM_FUNCTION__+0x11
C  [CoreFoundation+0x70397]  __CFRunLoopDoSources0+0x1a7
C  [CoreFoundation+0x6f93f]  __CFRunLoopRun+0x39f
C  [CoreFoundation+0x6f338]  CFRunLoopRunSpecific+0x128
C  [HIToolbox+0x30935]  RunCurrentEventLoopInMode+0xeb
C  [HIToolbox+0x3076f]  ReceiveNextEventCommon+0x1b0
C  [HIToolbox+0x305af]  _BlockUntilNextEventMatchingListInModeWithFilter+0x47
C  [AppKit+0x8a0ee]  _DPSNextEvent+0x42b
C  [AppKit+0x456943]  -[NSApplication _nextEventMatchingEventMask:untilDate:inMode:dequeue:]+0x1c6
C  [AppKit+0x7ffc8]  -[NSApplication run]+0x2aa
C  [libglass.dylib+0x65ec]  -[GlassApplication runLoop:]+0x72c
C  [Foundation+0x8dd4b]  __NSThreadPerformPerform+0x117
C  [CoreFoundation+0x7e5c1]  __CFRUNLOOP_IS_CALLING_OUT_TO_A_SOURCE0_PERFORM_FUNCTION__+0x11
C  [CoreFoundation+0x7041c]  __CFRunLoopDoSources0+0x22c
C  [CoreFoundation+0x6f93f]  __CFRunLoopRun+0x39f
C  [CoreFoundation+0x6f338]  CFRunLoopRunSpecific+0x128
C  [java+0x6463]  CreateExecutionEnvironment+0x367
C  [java+0x21ac]  JLI_Launch+0x7a0
C  [java+0x84c0]  main+0x65
C  [java+0x1a04]  start+0x34
C  0x0000000000000008

Java frames: (J=compiled Java code, j=interpreted, Vv=VM code)
j  com.sun.webkit.network.URLLoader.twkDidReceiveResponse(ILjava/lang/String;Ljava/lang/String;JLjava/lang/String;Ljava/lang/String;J)V+0
j  com.sun.webkit.network.URLLoader.notifyDidReceiveResponse(ILjava/lang/String;Ljava/lang/String;JLjava/lang/String;Ljava/lang/String;)V+91
j  com.sun.webkit.network.URLLoader.lambda$didReceiveResponse$94(ILjava/lang/String;Ljava/lang/String;JLjava/lang/String;Ljava/lang/String;)V+17
j  com.sun.webkit.network.URLLoader$$Lambda$205.run()V+28
j  com.sun.javafx.application.PlatformImpl.lambda$null$173(Ljava/lang/Runnable;)Ljava/lang/Void;+1
j  com.sun.javafx.application.PlatformImpl$$Lambda$49.run()Ljava/lang/Object;+4
v  ~StubRoutines::call_stub
j  java.security.AccessController.doPrivileged(Ljava/security/PrivilegedAction;Ljava/security/AccessControlContext;)Ljava/lang/Object;+0
j  com.sun.javafx.application.PlatformImpl.lambda$runLater$174(Ljava/lang/Runnable;Ljava/security/AccessControlContext;)V+7
j  com.sun.javafx.application.PlatformImpl$$Lambda$48.run()V+8
j  com.sun.glass.ui.InvokeLaterDispatcher$Future.run()V+4
v  ~StubRoutines::call_stub

---------------  P R O C E S S  ---------------

Java Threads: ( => current thread )
  0x00007fb82e34d000 JavaThread "Keep-Alive-Timer" daemon [_thread_blocked, id=70931, stack(0x000070000269b000,0x000070000279b000)]
  0x00007fb82eb81800 JavaThread "URL-Loader-1" daemon [_thread_blocked, id=68867, stack(0x0000700002598000,0x0000700002698000)]
  0x00007fb82eb87000 JavaThread "Timer-0" [_thread_blocked, id=68647, stack(0x0000700002495000,0x0000700002595000)]
  0x00007fb82d384800 JavaThread "Thread-6" daemon [_thread_in_native, id=66847, stack(0x0000700002392000,0x0000700002492000)]
  0x00007fb82eaea800 JavaThread "FX Access Thread (Visual Debugger)" daemon [_thread_blocked, id=62215, stack(0x0000700002189000,0x0000700002289000)]
  0x00007fb82d1c7000 JavaThread "Prism Font Disposer" daemon [_thread_blocked, id=58887, stack(0x0000700001efd000,0x0000700001ffd000)]
  0x00007fb82e0b7000 JavaThread "Disposer" daemon [_thread_blocked, id=55811, stack(0x0000700001dfa000,0x0000700001efa000)]
  0x00007fb82d986000 JavaThread "JavaFX-Launcher" [_thread_blocked, id=55043, stack(0x0000700001c74000,0x0000700001d74000)]
  0x00007fb82f058800 JavaThread "Thread-3" daemon [_thread_in_native, id=43011, stack(0x0000700001b6e000,0x0000700001bee000)]
=>0x00007fb82e115800 JavaThread "JavaFX Application Thread" [_thread_in_native, id=2571, stack(0x00007fff597bb000,0x00007fff59fbb000)]
  0x00007fb82e05b000 JavaThread "Thread-1" daemon [_thread_blocked, id=29451, stack(0x0000700001965000,0x0000700001a65000)]
  0x00007fb82e8e1000 JavaThread "QuantumRenderer-0" daemon [_thread_blocked, id=23811, stack(0x0000700001862000,0x0000700001962000)]
  0x00007fb82d83f800 JavaThread "Service Thread" daemon [_thread_blocked, id=22787, stack(0x000070000165c000,0x000070000175c000)]
  0x00007fb82e023000 JavaThread "C1 CompilerThread3" daemon [_thread_blocked, id=22275, stack(0x0000700001559000,0x0000700001659000)]
  0x00007fb82e01a800 JavaThread "C2 CompilerThread2" daemon [_thread_blocked, id=21763, stack(0x0000700001456000,0x0000700001556000)]
  0x00007fb82e019800 JavaThread "C2 CompilerThread1" daemon [_thread_blocked, id=21251, stack(0x0000700001353000,0x0000700001453000)]
  0x00007fb82e019000 JavaThread "C2 CompilerThread0" daemon [_thread_blocked, id=20739, stack(0x0000700001250000,0x0000700001350000)]
  0x00007fb82e017000 JavaThread "JDWP Command Reader" daemon [_thread_in_native, id=20227, stack(0x000070000114d000,0x000070000124d000)]
  0x00007fb82e015800 JavaThread "JDWP Event Helper Thread" daemon [_thread_blocked, id=19715, stack(0x000070000104a000,0x000070000114a000)]
  0x00007fb82e016800 JavaThread "JDWP Transport Listener: dt_socket" daemon [_thread_blocked, id=19203, stack(0x0000700000f47000,0x0000700001047000)]
  0x00007fb82e013800 JavaThread "Signal Dispatcher" daemon [_thread_blocked, id=15887, stack(0x0000700000e44000,0x0000700000f44000)]
  0x00007fb82e804800 JavaThread "Finalizer" daemon [_thread_blocked, id=13827, stack(0x0000700000c3b000,0x0000700000d3b000)]
  0x00007fb82e804000 JavaThread "Reference Handler" daemon [_thread_blocked, id=13315, stack(0x0000700000b38000,0x0000700000c38000)]
  0x00007fb82b807000 JavaThread "main" [_thread_blocked, id=4099, stack(0x0000700000084000,0x0000700000184000)]

Other Threads:
  0x00007fb82d831800 VMThread [stack: 0x0000700000a35000,0x0000700000b35000] [id=12803]
  0x00007fb82d843000 WatcherThread [stack: 0x000070000175f000,0x000070000185f000] [id=23299]

VM state:not at safepoint (normal execution)

VM Mutex/Monitor currently owned by a thread: None

Heap:
 PSYoungGen      total 76288K, used 60313K [0x000000076ab00000, 0x0000000770000000, 0x00000007c0000000)
  eden space 65536K, 92% used [0x000000076ab00000,0x000000076e5e67d8,0x000000076eb00000)
  from space 10752K, 0% used [0x000000076f580000,0x000000076f580000,0x0000000770000000)
  to   space 10752K, 0% used [0x000000076eb00000,0x000000076eb00000,0x000000076f580000)
 ParOldGen       total 175104K, used 0K [0x00000006c0000000, 0x00000006cab00000, 0x000000076ab00000)
  object space 175104K, 0% used [0x00000006c0000000,0x00000006c0000000,0x00000006cab00000)
 Metaspace       used 18132K, capacity 18808K, committed 19072K, reserved 1064960K
  class space    used 2480K, capacity 2675K, committed 2688K, reserved 1048576K

Card table byte_map: [0x00000001173c0000,0x0000000117bc1000] byte_map_base: 0x0000000113dc0000

Marking Bits: (ParMarkBitMap*) 0x00000001067f7e20
 Begin Bits: [0x0000000118117000, 0x000000011c117000)
 End Bits:   [0x000000011c117000, 0x0000000120117000)

Polling page: 0x0000000106ee3000

CodeCache: size=245760Kb used=4669Kb max_used=4679Kb free=241090Kb
 bounds [0x0000000108000000, 0x00000001084a0000, 0x0000000117000000]
 total_blobs=1956 nmethods=1289 adapters=588
 compilation: enabled

Compilation events (10 events):
Event: 2.633 Thread 0x00007fb82e023000 1340       3       com.sun.org.apache.xerces.internal.xni.XMLString::setValues (16 bytes)
Event: 2.633 Thread 0x00007fb82e023000 nmethod 1340 0x0000000108480490 code [0x00000001084805e0, 0x0000000108480750]
Event: 2.633 Thread 0x00007fb82e023000 1339       3       com.sun.org.apache.xerces.internal.xni.QName::setValues (22 bytes)
Event: 2.633 Thread 0x00007fb82e023000 nmethod 1339 0x0000000108485e10 code [0x0000000108485f60, 0x0000000108486110]
Event: 2.633 Thread 0x00007fb82e023000 1341       3       com.sun.org.apache.xerces.internal.util.XMLAttributesImpl::isSpecified (10 bytes)
Event: 2.633 Thread 0x00007fb82e023000 nmethod 1341 0x0000000108486190 code [0x0000000108486300, 0x0000000108486490]
Event: 2.633 Thread 0x00007fb82e023000 1344       3       com.sun.org.apache.xerces.internal.util.XMLAttributesImpl::getAugmentations (24 bytes)
Event: 2.633 Thread 0x00007fb82e023000 nmethod 1344 0x0000000108486590 code [0x0000000108486700, 0x0000000108486910]
Event: 2.633 Thread 0x00007fb82e023000 1342       3       com.sun.org.apache.xerces.internal.impl.XMLScanner::scanAttributeValue (1018 bytes)
Event: 2.635 Thread 0x00007fb82e019800 1349  s    4       java.lang.StringBuffer::append (13 bytes)

GC Heap History (0 events):
No events

Deoptimization events (10 events):
Event: 0.947 Thread 0x00007fb82e115800 Uncommon trap: reason=unstable_if action=reinterpret pc=0x0000000108379144 method=javafx.beans.property.ObjectPropertyBase.get()Ljava/lang/Object; @ 9
Event: 1.086 Thread 0x00007fb82e115800 Uncommon trap: reason=unstable_if action=reinterpret pc=0x00000001083784f0 method=java.lang.CharacterData.of(I)Ljava/lang/CharacterData; @ 4
Event: 1.107 Thread 0x00007fb82e115800 Uncommon trap: reason=null_check action=make_not_entrant pc=0x0000000108367178 method=javafx.scene.Node.getParent()Ljavafx/scene/Parent; @ 18
Event: 1.110 Thread 0x00007fb82e115800 Uncommon trap: reason=array_check action=maybe_recompile pc=0x00000001083ea76c method=com.sun.javafx.css.SimpleSelector.applies(Ljavafx/css/Styleable;[Ljava/util/Set;I)Z @ 37
Event: 1.284 Thread 0x00007fb82e115800 Uncommon trap: reason=unstable_if action=reinterpret pc=0x000000010834c608 method=jdk.internal.org.objectweb.asm.Type.getArgumentsAndReturnSizes(Ljava/lang/String;)I @ 47
Event: 1.368 Thread 0x00007fb82e115800 Uncommon trap: reason=unstable_if action=reinterpret pc=0x00000001081dbc78 method=java.lang.CharacterDataLatin1.toUpperCase(I)I @ 12
Event: 1.368 Thread 0x00007fb82e115800 Uncommon trap: reason=unstable_if action=reinterpret pc=0x000000010831e620 method=java.lang.CharacterDataLatin1.toUpperCase(I)I @ 12
Event: 1.370 Thread 0x00007fb82d383800 Uncommon trap: reason=unstable_if action=reinterpret pc=0x0000000108378de4 method=java.lang.String.trim()Ljava/lang/String; @ 23
Event: 1.423 Thread 0x00007fb82e115800 Uncommon trap: reason=unstable_if action=reinterpret pc=0x00000001082a750c method=java.lang.AbstractStringBuilder.append(Ljava/lang/String;)Ljava/lang/AbstractStringBuilder; @ 1
Event: 1.424 Thread 0x00007fb82e115800 Uncommon trap: reason=unstable_if action=reinterpret pc=0x000000010821acf4 method=java.lang.AbstractStringBuilder.append(Ljava/lang/String;)Ljava/lang/AbstractStringBuilder; @ 1

Internal exceptions (10 events):
Event: 0.448 Thread 0x00007fb82e115800 Exception <a 'java/lang/NullPointerException'> (0x000000076bd3b970) thrown at [/HUDSON3/workspace/8-2-build-macosx-x86_64/jdk8u66/4988/hotspot/src/share/vm/interpreter/linkResolver.cpp, line 1178]
Event: 0.448 Thread 0x00007fb82e115800 Exception <a 'java/lang/NullPointerException'> (0x000000076bd3b970) thrown at [/HUDSON3/workspace/8-2-build-macosx-x86_64/jdk8u66/4988/hotspot/src/share/vm/prims/jvm.cpp, line 1390]
Event: 0.536 Thread 0x00007fb82e115800 Exception <a 'java/io/FileNotFoundException'> (0x000000076c152468) thrown at [/HUDSON3/workspace/8-2-build-macosx-x86_64/jdk8u66/4988/hotspot/src/share/vm/prims/jni.cpp, line 709]
Event: 0.713 Thread 0x00007fb82e115800 Implicit null exception at 0x00000001082c4914 to 0x00000001082c4c69
Event: 0.717 Thread 0x00007fb82e115800 Implicit null exception at 0x000000010825912f to 0x000000010825919d
Event: 1.107 Thread 0x00007fb82e115800 Implicit null exception at 0x00000001083670ec to 0x0000000108367169
Event: 1.415 Thread 0x00007fb82e115800 Exception <a 'sun/nio/fs/UnixException'> (0x000000076dc474b8) thrown at [/HUDSON3/workspace/8-2-build-macosx-x86_64/jdk8u66/4988/hotspot/src/share/vm/prims/jni.cpp, line 709]
Event: 1.416 Thread 0x00007fb82e115800 Exception <a 'sun/nio/fs/UnixException'> (0x000000076dc49278) thrown at [/HUDSON3/workspace/8-2-build-macosx-x86_64/jdk8u66/4988/hotspot/src/share/vm/prims/jni.cpp, line 709]
Event: 1.423 Thread 0x00007fb82e115800 Implicit null exception at 0x00000001082a7036 to 0x00000001082a74f1
Event: 1.424 Thread 0x00007fb82e115800 Implicit null exception at 0x000000010821a876 to 0x000000010821acdd

Events (10 events):
Event: 2.634 loading class com/sun/org/apache/xerces/internal/dom/ElementDefinitionImpl done
Event: 2.634 loading class com/sun/org/apache/xerces/internal/dom/DeferredElementDefinitionImpl done
Event: 2.634 loading class skydesktop/NavPoint
Event: 2.634 loading class skydesktop/NavPoint done
Event: 2.634 Thread 0x00007fb82e115800 DEOPT PACKING pc=0x0000000108209431 sp=0x00007fff59fb45d0
Event: 2.634 Thread 0x00007fb82e115800 DEOPT UNPACKING pc=0x0000000108047633 sp=0x00007fff59fb4340 mode 1
Event: 2.634 Thread 0x00007fb82e115800 DEOPT PACKING pc=0x000000010819bbd4 sp=0x00007fff59fb4650
Event: 2.634 Thread 0x00007fb82e115800 DEOPT UNPACKING pc=0x0000000108047633 sp=0x00007fff59fb4490 mode 1
Event: 2.634 Thread 0x00007fb82e115800 DEOPT PACKING pc=0x000000010819b974 sp=0x00007fff59fb47e0
Event: 2.634 Thread 0x00007fb82e115800 DEOPT UNPACKING pc=0x0000000108047633 sp=0x00007fff59fb4620 mode 1


Dynamic libraries:
0x000000000b8a2000 	/System/Library/Frameworks/Cocoa.framework/Versions/A/Cocoa
0x000000000b8a2000 	/System/Library/Frameworks/Security.framework/Versions/A/Security
0x000000000b8a2000 	/System/Library/Frameworks/ApplicationServices.framework/Versions/A/ApplicationServices
0x000000000b8a2000 	/usr/lib/libz.1.dylib
0x000000000b8a2000 	/usr/lib/libSystem.B.dylib
0x000000000b8a2000 	/usr/lib/libobjc.A.dylib
0x000000000b8a2000 	/System/Library/Frameworks/CoreFoundation.framework/Versions/A/CoreFoundation
0x000000000b8a2000 	/System/Library/Frameworks/Foundation.framework/Versions/C/Foundation
0x000000000b8a2000 	/System/Library/Frameworks/AppKit.framework/Versions/C/AppKit
0x000000000b8a2000 	/System/Library/Frameworks/CoreData.framework/Versions/A/CoreData
0x000000000b8a2000 	/System/Library/PrivateFrameworks/RemoteViewServices.framework/Versions/A/RemoteViewServices
0x000000000b8a2000 	/System/Library/PrivateFrameworks/UIFoundation.framework/Versions/A/UIFoundation
0x000000000b8a2000 	/usr/lib/libScreenReader.dylib
0x000000000b8a2000 	/System/Library/Frameworks/Accelerate.framework/Versions/A/Accelerate
0x000000000b8a2000 	/System/Library/Frameworks/IOSurface.framework/Versions/A/IOSurface
0x000000000b8a2000 	/System/Library/Frameworks/AudioToolbox.framework/Versions/A/AudioToolbox
0x000000000b8a2000 	/System/Library/Frameworks/AudioUnit.framework/Versions/A/AudioUnit
0x000000000b8a2000 	/System/Library/PrivateFrameworks/DataDetectorsCore.framework/Versions/A/DataDetectorsCore
0x000000000b8a2000 	/System/Library/PrivateFrameworks/DesktopServicesPriv.framework/Versions/A/DesktopServicesPriv
0x000000000b8a2000 	/System/Library/Frameworks/Carbon.framework/Versions/A/Frameworks/HIToolbox.framework/Versions/A/HIToolbox
0x000000000b8a2000 	/System/Library/Frameworks/QuartzCore.framework/Versions/A/QuartzCore
0x000000000b8a2000 	/System/Library/Frameworks/Carbon.framework/Versions/A/Frameworks/SpeechRecognition.framework/Versions/A/SpeechRecognition
0x000000000b8a2000 	/usr/lib/libauto.dylib
0x000000000b8a2000 	/usr/lib/libicucore.A.dylib
0x000000000b8a2000 	/usr/lib/libxml2.2.dylib
0x000000000b8a2000 	/System/Library/PrivateFrameworks/CoreUI.framework/Versions/A/CoreUI
0x000000000b8a2000 	/System/Library/Frameworks/CoreAudio.framework/Versions/A/CoreAudio
0x000000000b8a2000 	/System/Library/Frameworks/DiskArbitration.framework/Versions/A/DiskArbitration
0x000000000b8a2000 	/usr/lib/liblangid.dylib
0x000000000b8a2000 	/System/Library/PrivateFrameworks/MultitouchSupport.framework/Versions/A/MultitouchSupport
0x000000000b8a2000 	/System/Library/Frameworks/IOKit.framework/Versions/A/IOKit
0x000000000b8a2000 	/usr/lib/libDiagnosticMessagesClient.dylib
0x000000000b8a2000 	/System/Library/Frameworks/CoreServices.framework/Versions/A/CoreServices
0x000000000b8a2000 	/System/Library/PrivateFrameworks/PerformanceAnalysis.framework/Versions/A/PerformanceAnalysis
0x000000000b8a2000 	/System/Library/PrivateFrameworks/GenerationalStorage.framework/Versions/A/GenerationalStorage
0x000000000b8a2000 	/System/Library/Frameworks/OpenGL.framework/Versions/A/OpenGL
0x000000000b8a2000 	/System/Library/PrivateFrameworks/Sharing.framework/Versions/A/Sharing
0x000000000b8a2000 	/System/Library/Frameworks/CoreGraphics.framework/Versions/A/CoreGraphics
0x000000000b8a2000 	/System/Library/Frameworks/CoreImage.framework/Versions/A/CoreImage
0x000000000b8a2000 	/System/Library/Frameworks/CoreText.framework/Versions/A/CoreText
0x000000000b8a2000 	/System/Library/Frameworks/ImageIO.framework/Versions/A/ImageIO
0x000000000b8a2000 	/System/Library/PrivateFrameworks/Backup.framework/Versions/A/Backup
0x000000000b8a2000 	/usr/lib/libextension.dylib
0x000000000b8a2000 	/usr/lib/libarchive.2.dylib
0x000000000b8a2000 	/System/Library/Frameworks/CFNetwork.framework/Versions/A/CFNetwork
0x000000000b8a2000 	/System/Library/Frameworks/SystemConfiguration.framework/Versions/A/SystemConfiguration
0x000000000b8a2000 	/usr/lib/libCRFSuite.dylib
0x000000000b8a2000 	/usr/lib/libc++.1.dylib
0x000000000b8a2000 	/usr/lib/libc++abi.dylib
0x000000000b8a2000 	/usr/lib/system/libcache.dylib
0x000000000b8a2000 	/usr/lib/system/libcommonCrypto.dylib
0x000000000b8a2000 	/usr/lib/system/libcompiler_rt.dylib
0x000000000b8a2000 	/usr/lib/system/libcopyfile.dylib
0x000000000b8a2000 	/usr/lib/system/libcorecrypto.dylib
0x000000000b8a2000 	/usr/lib/system/libdispatch.dylib
0x000000000b8a2000 	/usr/lib/system/libdyld.dylib
0x000000000b8a2000 	/usr/lib/system/libkeymgr.dylib
0x000000000b8a2000 	/usr/lib/system/liblaunch.dylib
0x000000000b8a2000 	/usr/lib/system/libmacho.dylib
0x000000000b8a2000 	/usr/lib/system/libquarantine.dylib
0x000000000b8a2000 	/usr/lib/system/libremovefile.dylib
0x000000000b8a2000 	/usr/lib/system/libsystem_asl.dylib
0x000000000b8a2000 	/usr/lib/system/libsystem_blocks.dylib
0x000000000b8a2000 	/usr/lib/system/libsystem_c.dylib
0x000000000b8a2000 	/usr/lib/system/libsystem_configuration.dylib
0x000000000b8a2000 	/usr/lib/system/libsystem_coreservices.dylib
0x000000000b8a2000 	/usr/lib/system/libsystem_coretls.dylib
0x000000000b8a2000 	/usr/lib/system/libsystem_dnssd.dylib
0x000000000b8a2000 	/usr/lib/system/libsystem_info.dylib
0x000000000b8a2000 	/usr/lib/system/libsystem_kernel.dylib
0x000000000b8a2000 	/usr/lib/system/libsystem_m.dylib
0x000000000b8a2000 	/usr/lib/system/libsystem_malloc.dylib
0x000000000b8a2000 	/usr/lib/system/libsystem_network.dylib
0x000000000b8a2000 	/usr/lib/system/libsystem_networkextension.dylib
0x000000000b8a2000 	/usr/lib/system/libsystem_notify.dylib
0x000000000b8a2000 	/usr/lib/system/libsystem_platform.dylib
0x000000000b8a2000 	/usr/lib/system/libsystem_pthread.dylib
0x000000000b8a2000 	/usr/lib/system/libsystem_sandbox.dylib
0x000000000b8a2000 	/usr/lib/system/libsystem_secinit.dylib
0x000000000b8a2000 	/usr/lib/system/libsystem_trace.dylib
0x000000000b8a2000 	/usr/lib/system/libunc.dylib
0x000000000b8a2000 	/usr/lib/system/libunwind.dylib
0x000000000b8a2000 	/usr/lib/system/libxpc.dylib
0x000000000b8a2000 	/usr/lib/libenergytrace.dylib
0x000000000b8a2000 	/usr/lib/libbsm.0.dylib
0x000000000b8a2000 	/usr/lib/system/libkxld.dylib
0x000000000b8a2000 	/usr/lib/libxar.1.dylib
0x000000000b8a2000 	/usr/lib/libsqlite3.dylib
0x000000000b8a2000 	/usr/lib/libpam.2.dylib
0x000000000b8a2000 	/usr/lib/libOpenScriptingUtil.dylib
0x000000000b8a2000 	/usr/lib/libbz2.1.0.dylib
0x000000000b8a2000 	/usr/lib/liblzma.5.dylib
0x000000000b8a2000 	/System/Library/Frameworks/CoreServices.framework/Versions/A/Frameworks/FSEvents.framework/Versions/A/FSEvents
0x000000000b8a2000 	/System/Library/Frameworks/CoreServices.framework/Versions/A/Frameworks/CarbonCore.framework/Versions/A/CarbonCore
0x000000000b8a2000 	/System/Library/Frameworks/CoreServices.framework/Versions/A/Frameworks/Metadata.framework/Versions/A/Metadata
0x000000000b8a2000 	/System/Library/Frameworks/CoreServices.framework/Versions/A/Frameworks/OSServices.framework/Versions/A/OSServices
0x000000000b8a2000 	/System/Library/Frameworks/CoreServices.framework/Versions/A/Frameworks/SearchKit.framework/Versions/A/SearchKit
0x000000000b8a2000 	/System/Library/Frameworks/CoreServices.framework/Versions/A/Frameworks/AE.framework/Versions/A/AE
0x000000000b8a2000 	/System/Library/Frameworks/CoreServices.framework/Versions/A/Frameworks/LaunchServices.framework/Versions/A/LaunchServices
0x000000000b8a2000 	/System/Library/Frameworks/CoreServices.framework/Versions/A/Frameworks/DictionaryServices.framework/Versions/A/DictionaryServices
0x000000000b8a2000 	/System/Library/Frameworks/CoreServices.framework/Versions/A/Frameworks/SharedFileList.framework/Versions/A/SharedFileList
0x000000000b8a2000 	/System/Library/Frameworks/NetFS.framework/Versions/A/NetFS
0x000000000b8a2000 	/System/Library/PrivateFrameworks/NetAuth.framework/Versions/A/NetAuth
0x000000000b8a2000 	/System/Library/PrivateFrameworks/login.framework/Versions/A/Frameworks/loginsupport.framework/Versions/A/loginsupport
0x000000000b8a2000 	/System/Library/PrivateFrameworks/TCC.framework/Versions/A/TCC
0x000000000b8a2000 	/usr/lib/libmecabra.dylib
0x000000000b8a2000 	/System/Library/Frameworks/ApplicationServices.framework/Versions/A/Frameworks/ATS.framework/Versions/A/ATS
0x000000000b8a2000 	/System/Library/Frameworks/ApplicationServices.framework/Versions/A/Frameworks/ColorSync.framework/Versions/A/ColorSync
0x000000000b8a2000 	/System/Library/Frameworks/ApplicationServices.framework/Versions/A/Frameworks/HIServices.framework/Versions/A/HIServices
0x000000000b8a2000 	/System/Library/Frameworks/ApplicationServices.framework/Versions/A/Frameworks/LangAnalysis.framework/Versions/A/LangAnalysis
0x000000000b8a2000 	/System/Library/Frameworks/ApplicationServices.framework/Versions/A/Frameworks/PrintCore.framework/Versions/A/PrintCore
0x000000000b8a2000 	/System/Library/Frameworks/ApplicationServices.framework/Versions/A/Frameworks/QD.framework/Versions/A/QD
0x000000000b8a2000 	/System/Library/Frameworks/ApplicationServices.framework/Versions/A/Frameworks/SpeechSynthesis.framework/Versions/A/SpeechSynthesis
0x000000000b8a2000 	/System/Library/Frameworks/Metal.framework/Versions/A/Metal
0x000000000b8a2000 	/System/Library/Frameworks/Accelerate.framework/Versions/A/Frameworks/vImage.framework/Versions/A/vImage
0x000000000b8a2000 	/System/Library/Frameworks/Accelerate.framework/Versions/A/Frameworks/vecLib.framework/Versions/A/vecLib
0x000000000b8a2000 	/System/Library/Frameworks/Accelerate.framework/Versions/A/Frameworks/vecLib.framework/Versions/A/libvDSP.dylib
0x000000000b8a2000 	/System/Library/Frameworks/Accelerate.framework/Versions/A/Frameworks/vecLib.framework/Versions/A/libvMisc.dylib
0x000000000b8a2000 	/System/Library/Frameworks/Accelerate.framework/Versions/A/Frameworks/vecLib.framework/Versions/A/libLAPACK.dylib
0x000000000b8a2000 	/System/Library/Frameworks/Accelerate.framework/Versions/A/Frameworks/vecLib.framework/Versions/A/libBLAS.dylib
0x000000000b8a2000 	/System/Library/Frameworks/Accelerate.framework/Versions/A/Frameworks/vecLib.framework/Versions/A/libLinearAlgebra.dylib
0x000000000b8a2000 	/System/Library/Frameworks/Accelerate.framework/Versions/A/Frameworks/vecLib.framework/Versions/A/libSparseBLAS.dylib
0x000000000b8a2000 	/System/Library/PrivateFrameworks/GPUCompiler.framework/libmetal_timestamp.dylib
0x000000000b8a2000 	/System/Library/Frameworks/OpenGL.framework/Versions/A/Libraries/libCoreFSCache.dylib
0x000000000b8a2000 	/System/Library/PrivateFrameworks/IOAccelerator.framework/Versions/A/IOAccelerator
0x000000000b8a2000 	/System/Library/Frameworks/ApplicationServices.framework/Versions/A/Frameworks/ATS.framework/Versions/A/Resources/libFontParser.dylib
0x000000000b8a2000 	/System/Library/Frameworks/ApplicationServices.framework/Versions/A/Frameworks/ATS.framework/Versions/A/Resources/libFontRegistry.dylib
0x000000000b8a2000 	/System/Library/PrivateFrameworks/AppleVPA.framework/Versions/A/AppleVPA
0x000000000b8a2000 	/System/Library/PrivateFrameworks/AppleJPEG.framework/Versions/A/AppleJPEG
0x000000000b8a2000 	/System/Library/Frameworks/ImageIO.framework/Versions/A/Resources/libJPEG.dylib
0x000000000b8a2000 	/System/Library/Frameworks/ImageIO.framework/Versions/A/Resources/libTIFF.dylib
0x000000000b8a2000 	/System/Library/Frameworks/ImageIO.framework/Versions/A/Resources/libPng.dylib
0x000000000b8a2000 	/System/Library/Frameworks/ImageIO.framework/Versions/A/Resources/libGIF.dylib
0x000000000b8a2000 	/System/Library/Frameworks/ImageIO.framework/Versions/A/Resources/libJP2.dylib
0x000000000b8a2000 	/System/Library/Frameworks/ImageIO.framework/Versions/A/Resources/libRadiance.dylib
0x000000000b8a2000 	/System/Library/Frameworks/CoreVideo.framework/Versions/A/CoreVideo
0x000000000b8a2000 	/System/Library/Frameworks/OpenGL.framework/Versions/A/Libraries/libGLU.dylib
0x000000000b8a2000 	/System/Library/Frameworks/OpenGL.framework/Versions/A/Libraries/libGFXShared.dylib
0x000000000b8a2000 	/System/Library/Frameworks/OpenGL.framework/Versions/A/Libraries/libGL.dylib
0x000000000b8a2000 	/System/Library/Frameworks/OpenGL.framework/Versions/A/Libraries/libGLImage.dylib
0x000000000b8a2000 	/System/Library/Frameworks/OpenGL.framework/Versions/A/Libraries/libCVMSPluginSupport.dylib
0x000000000b8a2000 	/System/Library/Frameworks/OpenGL.framework/Versions/A/Libraries/libCoreVMClient.dylib
0x000000000b8a2000 	/usr/lib/libcups.2.dylib
0x000000000b8a2000 	/System/Library/Frameworks/Kerberos.framework/Versions/A/Kerberos
0x000000000b8a2000 	/System/Library/Frameworks/GSS.framework/Versions/A/GSS
0x000000000b8a2000 	/usr/lib/libresolv.9.dylib
0x000000000b8a2000 	/usr/lib/libiconv.2.dylib
0x000000000b8a2000 	/System/Library/PrivateFrameworks/Heimdal.framework/Versions/A/Heimdal
0x000000000b8a2000 	/usr/lib/libheimdal-asn1.dylib
0x000000000b8a2000 	/System/Library/Frameworks/OpenDirectory.framework/Versions/A/OpenDirectory
0x000000000b8a2000 	/System/Library/PrivateFrameworks/CommonAuth.framework/Versions/A/CommonAuth
0x000000000b8a2000 	/System/Library/Frameworks/OpenDirectory.framework/Versions/A/Frameworks/CFOpenDirectory.framework/Versions/A/CFOpenDirectory
0x000000000b8a2000 	/System/Library/Frameworks/SecurityFoundation.framework/Versions/A/SecurityFoundation
0x000000000b8a2000 	/System/Library/PrivateFrameworks/LanguageModeling.framework/Versions/A/LanguageModeling
0x000000000b8a2000 	/usr/lib/libmarisa.dylib
0x000000000b8a2000 	/usr/lib/libChineseTokenizer.dylib
0x000000000b8a2000 	/usr/lib/libcmph.dylib
0x000000000b8a2000 	/usr/lib/libcompression.dylib
0x000000000b8a2000 	/System/Library/Frameworks/ServiceManagement.framework/Versions/A/ServiceManagement
0x000000000b8a2000 	/usr/lib/libxslt.1.dylib
0x000000000b8a2000 	/System/Library/Frameworks/Carbon.framework/Versions/A/Frameworks/Ink.framework/Versions/A/Ink
0x000000000b8a2000 	/usr/lib/libFosl_dynamic.dylib
0x000000000b8a2000 	/System/Library/PrivateFrameworks/FaceCore.framework/Versions/A/FaceCore
0x000000000b8a2000 	/System/Library/Frameworks/OpenCL.framework/Versions/A/OpenCL
0x000000000b8a2000 	/System/Library/PrivateFrameworks/CrashReporterSupport.framework/Versions/A/CrashReporterSupport
0x000000000b8a2000 	/System/Library/PrivateFrameworks/IconServices.framework/Versions/A/IconServices
0x000000000b8a2000 	/System/Library/PrivateFrameworks/Apple80211.framework/Versions/A/Apple80211
0x000000000b8a2000 	/System/Library/Frameworks/CoreWLAN.framework/Versions/A/CoreWLAN
0x000000000b8a2000 	/System/Library/Frameworks/IOBluetooth.framework/Versions/A/IOBluetooth
0x000000000b8a2000 	/System/Library/PrivateFrameworks/CoreWiFi.framework/Versions/A/CoreWiFi
0x000000000b8a2000 	/System/Library/Frameworks/CoreBluetooth.framework/Versions/A/CoreBluetooth
0x000000000b8a2000 	/System/Library/PrivateFrameworks/ChunkingLibrary.framework/Versions/A/ChunkingLibrary
0x000000000b8a2000 	/System/Library/PrivateFrameworks/DebugSymbols.framework/Versions/A/DebugSymbols
0x000000000b8a2000 	/System/Library/PrivateFrameworks/CoreSymbolication.framework/Versions/A/CoreSymbolication
0x000000000b8a2000 	/System/Library/PrivateFrameworks/Symbolication.framework/Versions/A/Symbolication
0x000000000b8a2000 	/System/Library/PrivateFrameworks/SpeechRecognitionCore.framework/Versions/A/SpeechRecognitionCore
0x000000004b391000 	/System/Library/CoreServices/Encodings/libKoreanConverter.dylib
0x0000000105f1a000 	/Library/Java/JavaVirtualMachines/jdk1.8.0_66.jdk/Contents/Home/jre/lib/server/libjvm.dylib
0x000000000b8a2000 	/usr/lib/libstdc++.6.dylib
0x0000000106ea0000 	/Library/Java/JavaVirtualMachines/jdk1.8.0_66.jdk/Contents/Home/jre/lib/libverify.dylib
0x0000000106eae000 	/Library/Java/JavaVirtualMachines/jdk1.8.0_66.jdk/Contents/Home/jre/lib/libjava.dylib
0x0000000106ee4000 	/Library/Java/JavaVirtualMachines/jdk1.8.0_66.jdk/Contents/Home/jre/lib/libjdwp.dylib
0x0000000106f2f000 	/Library/Java/JavaVirtualMachines/jdk1.8.0_66.jdk/Contents/Home/jre/lib/libnpt.dylib
0x0000000106f3c000 	/Library/Java/JavaVirtualMachines/jdk1.8.0_66.jdk/Contents/Home/jre/lib/libzip.dylib
0x0000000122fe2000 	/System/Library/Frameworks/JavaVM.framework/Frameworks/JavaRuntimeSupport.framework/JavaRuntimeSupport
0x0000000122ffd000 	/System/Library/Frameworks/JavaVM.framework/Versions/A/Frameworks/JavaNativeFoundation.framework/Versions/A/JavaNativeFoundation
0x0000000123012000 	/System/Library/Frameworks/JavaVM.framework/Versions/A/JavaVM
0x000000000b8a2000 	/System/Library/Frameworks/Carbon.framework/Versions/A/Carbon
0x0000000106ff4000 	/System/Library/PrivateFrameworks/JavaLaunching.framework/Versions/A/JavaLaunching
0x000000000b8a2000 	/System/Library/Frameworks/Carbon.framework/Versions/A/Frameworks/CommonPanels.framework/Versions/A/CommonPanels
0x000000000b8a2000 	/System/Library/Frameworks/Carbon.framework/Versions/A/Frameworks/Help.framework/Versions/A/Help
0x000000000b8a2000 	/System/Library/Frameworks/Carbon.framework/Versions/A/Frameworks/ImageCapture.framework/Versions/A/ImageCapture
0x000000000b8a2000 	/System/Library/Frameworks/Carbon.framework/Versions/A/Frameworks/OpenScripting.framework/Versions/A/OpenScripting
0x000000000b8a2000 	/System/Library/Frameworks/Carbon.framework/Versions/A/Frameworks/Print.framework/Versions/A/Print
0x000000000b8a2000 	/System/Library/Frameworks/Carbon.framework/Versions/A/Frameworks/SecurityHI.framework/Versions/A/SecurityHI
0x0000000124934000 	/Library/Java/JavaVirtualMachines/jdk1.8.0_66.jdk/Contents/Home/jre/lib/libdt_socket.dylib
0x0000000124a11000 	/Library/Java/JavaVirtualMachines/jdk1.8.0_66.jdk/Contents/Home/jre/lib/libprism_es2.dylib
0x0000000124a93000 	/System/Library/Frameworks/OpenGL.framework/Resources/GLEngine.bundle/GLEngine
0x000000000b8a2000 	/System/Library/Frameworks/OpenGL.framework/Versions/A/Libraries/libGLProgrammability.dylib
0x0000000124c7b000 	/System/Library/Extensions/AppleIntelHD5000GraphicsGLDriver.bundle/Contents/MacOS/AppleIntelHD5000GraphicsGLDriver
0x000000000b8a2000 	/System/Library/PrivateFrameworks/GPUSupport.framework/Versions/A/Libraries/libGPUSupportMercury.dylib
0x000000000b8a2000 	/System/Library/Extensions/GeForceGLDriver.bundle/Contents/MacOS/GeForceGLDriver
0x000000000b8a2000 	/System/Library/Extensions/GeForceGLDriver.bundle/Contents/MacOS/libclh.dylib
0x00000001253d2000 	/System/Library/Frameworks/OpenGL.framework/Resources//GLRendererFloat.bundle/GLRendererFloat
0x000000000b8a2000 	/System/Library/Frameworks/OpenCL.framework/Versions/A/Libraries/libcldcpuengine.dylib
0x000000000b8a2000 	/System/Library/PrivateFrameworks/DiskImages.framework/Versions/A/DiskImages
0x000000000b8a2000 	/System/Library/Frameworks/DiscRecording.framework/Versions/A/DiscRecording
0x000000000b8a2000 	/usr/lib/libcsfde.dylib
0x000000000b8a2000 	/usr/lib/libcurl.4.dylib
0x000000000b8a2000 	/System/Library/PrivateFrameworks/MediaKit.framework/Versions/A/MediaKit
0x000000000b8a2000 	/System/Library/PrivateFrameworks/ProtectedCloudStorage.framework/Versions/A/ProtectedCloudStorage
0x000000000b8a2000 	/usr/lib/libCoreStorage.dylib
0x000000000b8a2000 	/System/Library/PrivateFrameworks/EFILogin.framework/Versions/A/EFILogin
0x000000000b8a2000 	/usr/lib/libutil.dylib
0x000000000b8a2000 	/System/Library/PrivateFrameworks/FindMyDevice.framework/Versions/A/FindMyDevice
0x000000000b8a2000 	/System/Library/Frameworks/LDAP.framework/Versions/A/LDAP
0x000000000b8a2000 	/usr/lib/libsasl2.2.dylib
0x000000000b8a2000 	/System/Library/PrivateFrameworks/CoreDaemon.framework/Versions/B/CoreDaemon
0x000000000b8a2000 	/usr/lib/libcrypto.0.9.8.dylib
0x000000000b8a2000 	/System/Library/PrivateFrameworks/AppleSRP.framework/Versions/A/AppleSRP
0x000000000b8a2000 	/System/Library/PrivateFrameworks/TrustEvaluationAgent.framework/Versions/A/TrustEvaluationAgent
0x000000012566e000 	/Library/Java/JavaVirtualMachines/jdk1.8.0_66.jdk/Contents/Home/jre/lib/libglass.dylib
0x000000000b8a2000 	/System/Library/PrivateFrameworks/CoreServicesInternal.framework/Versions/A/CoreServicesInternal
0x000000000b8a2000 	/System/Library/CoreServices/RawCamera.bundle/Contents/MacOS/RawCamera
0x000000000b8a2000 	/System/Library/Frameworks/CoreGraphics.framework/Versions/A/Resources/libRIP.A.dylib
0x0000000126860000 	/System/Library/Frameworks/Accelerate.framework/Frameworks/vImage.framework/Versions/A/Libraries/libCGInterfaces.dylib
0x000000000b8a2000 	/System/Library/PrivateFrameworks/FamilyControls.framework/Versions/A/FamilyControls
0x000000000b8a2000 	/System/Library/PrivateFrameworks/CommerceKit.framework/Versions/A/Frameworks/CommerceCore.framework/Versions/A/CommerceCore
0x000000000b8a2000 	/System/Library/PrivateFrameworks/SystemAdministration.framework/Versions/A/SystemAdministration
0x000000000b8a2000 	/System/Library/PrivateFrameworks/AppContainer.framework/Versions/A/AppContainer
0x000000000b8a2000 	/System/Library/PrivateFrameworks/SecCodeWrapper.framework/Versions/A/SecCodeWrapper
0x000000000b8a2000 	/System/Library/Frameworks/DirectoryService.framework/Versions/A/DirectoryService
0x000000000b8a2000 	/System/Library/PrivateFrameworks/LoginUIKit.framework/Versions/A/Frameworks/LoginUICore.framework/Versions/A/LoginUICore
0x000000000b8a2000 	/usr/lib/libodfde.dylib
0x000000012960e000 	/Library/Java/JavaVirtualMachines/jdk1.8.0_66.jdk/Contents/Home/jre/lib/libjavafx_iio.dylib
0x000000012964c000 	/Library/Java/JavaVirtualMachines/jdk1.8.0_66.jdk/Contents/Home/jre/lib/libjfxwebkit.dylib
0x000000012bd36000 	/Library/Java/JavaVirtualMachines/jdk1.8.0_66.jdk/Contents/Home/jre/lib/libjavafx_font.dylib
0x000000000b8a2000 	/System/Library/Frameworks/CoreGraphics.framework/Versions/A/Resources/libCGXType.A.dylib
0x000000012edb9000 	cl_kernels
0x000000000b8a2000 	/System/Library/Frameworks/OpenCL.framework/Versions/A/Libraries/ImageFormats/unorm8_bgra.dylib
0x000000000b8a2000 	/System/Library/Frameworks/OpenCL.framework/Versions/A/Libraries/ImageFormats/unorm8_rgba.dylib
0x000000012f734000 	/Library/Java/JavaVirtualMachines/jdk1.8.0_66.jdk/Contents/Home/jre/lib/libprism_common.dylib
0x000000012f742000 	/Library/Java/JavaVirtualMachines/jdk1.8.0_66.jdk/Contents/Home/jre/lib/libnet.dylib
0x00000001303ef000 	/Library/Java/JavaVirtualMachines/jdk1.8.0_66.jdk/Contents/Home/jre/lib/libnio.dylib
0x0000000130812000 	/System/Library/Extensions/GeForceMTLDriver.bundle/Contents/MacOS/GeForceMTLDriver
0x00000001308cb000 	/System/Library/Extensions/AppleIntelHD5000GraphicsMTLDriver.bundle/Contents/MacOS/AppleIntelHD5000GraphicsMTLDriver

VM Arguments:
jvm_args: -Xdebug -Xrunjdwp:transport=dt_socket,address=localhost:58644 -Dfile.encoding=UTF-8 
java_command: /Users/skytree/NetBeansProjects/SkyBooks/dist/run269098612/SkyBooks.jar
java_class_path (initial): /Users/skytree/NetBeansProjects/SkyBooks/dist/run269098612/SkyBooks.jar
Launcher Type: SUN_STANDARD

Environment Variables:
PATH=/usr/bin:/bin:/usr/sbin:/sbin
LD_LIBRARY_PATH=/Library/Java/JavaVirtualMachines/jdk1.8.0_66.jdk/Contents/Home/jre/lib/amd64:/Library/Java/JavaVirtualMachines/jdk1.8.0_66.jdk/Contents/Home/jre/lib/i386:
SHELL=/bin/bash
DISPLAY=/private/tmp/com.apple.launchd.Uvv8VBsxPA/org.macosforge.xquartz:0

Signal Handlers:
SIGSEGV: [libjvm.dylib+0x5a65d5], sa_mask[0]=11111111011111110111111111111111, sa_flags=SA_ONSTACK|SA_RESTART|SA_SIGINFO
SIGBUS: [libjvm.dylib+0x5a65d5], sa_mask[0]=11111111011111110111111111111111, sa_flags=SA_RESTART|SA_SIGINFO
SIGFPE: [libjvm.dylib+0x4802e8], sa_mask[0]=11111111011111110111111111111111, sa_flags=SA_RESTART|SA_SIGINFO
SIGPIPE: [libjvm.dylib+0x4802e8], sa_mask[0]=11111111011111110111111111111111, sa_flags=SA_RESTART|SA_SIGINFO
SIGXFSZ: [libjvm.dylib+0x4802e8], sa_mask[0]=11111111011111110111111111111111, sa_flags=SA_RESTART|SA_SIGINFO
SIGILL: [libjvm.dylib+0x4802e8], sa_mask[0]=11111111011111110111111111111111, sa_flags=SA_RESTART|SA_SIGINFO
SIGUSR1: SIG_DFL, sa_mask[0]=00000000000000000000000000000000, sa_flags=none
SIGUSR2: [libjvm.dylib+0x47fe06], sa_mask[0]=00100000000000000000000000000000, sa_flags=SA_RESTART|SA_SIGINFO
SIGHUP: [libjvm.dylib+0x47e3dd], sa_mask[0]=11111111011111110111111111111111, sa_flags=SA_RESTART|SA_SIGINFO
SIGINT: SIG_IGN, sa_mask[0]=00000000000000000000000000000000, sa_flags=none
SIGTERM: [libjvm.dylib+0x47e3dd], sa_mask[0]=11111111011111110111111111111111, sa_flags=SA_RESTART|SA_SIGINFO
SIGQUIT: [libjvm.dylib+0x47e3dd], sa_mask[0]=11111111011111110111111111111111, sa_flags=SA_RESTART|SA_SIGINFO


---------------  S Y S T E M  ---------------

OS:Bsduname:Darwin 15.3.0 Darwin Kernel Version 15.3.0: Thu Dec 10 18:40:58 PST 2015; root:xnu-3248.30.4~1/RELEASE_X86_64 x86_64
rlimit: STACK 8192k, CORE 0k, NPROC 709, NOFILE 10240, AS infinity
load average:2.44 2.44 2.36

CPU:total 8 (4 cores per cpu, 2 threads per core) family 6 model 70 stepping 1, cmov, cx8, fxsr, mmx, sse, sse2, sse3, ssse3, sse4.1, sse4.2, popcnt, avx, avx2, aes, clmul, erms, rtm, lzcnt, ht, tsc, tscinvbit, bmi1, bmi2

Memory: 4k page, physical 16777216k(428156k free)

/proc/meminfo:


vm_info: Java HotSpot(TM) 64-Bit Server VM (25.66-b17) for bsd-amd64 JRE (1.8.0_66-b17), built on Oct  6 2015 16:09:13 by "java_re" with gcc 4.2.1 (Based on Apple Inc. build 5658) (LLVM build 2336.11.00)

time: Mon Feb  1 00:33:56 2016
elapsed time: 2 seconds (0d 0h 0m 2s)

