#
# A fatal error has been detected by the Java Runtime Environment:
#
#  SIGSEGV (0xb) at pc=0x000000013147703d, pid=34387, tid=2571
#
# JRE version: Java(TM) SE Runtime Environment (8.0_66-b17) (build 1.8.0_66-b17)
# Java VM: Java HotSpot(TM) 64-Bit Server VM (25.66-b17 mixed mode bsd-amd64 compressed oops)
# Problematic frame:
# C  [libjfxwebkit.dylib+0x48d03d]  JNIEnv_::CallIntMethod(_jobject*, _jmethodID*, ...)+0x7d
#
# Failed to write core dump. Core dumps have been disabled. To enable core dumping, try "ulimit -c unlimited" before starting Java again
#
# If you would like to submit a bug report, please visit:
#   http://bugreport.java.com/bugreport/crash.jsp
#

---------------  T H R E A D  ---------------

Current thread is native thread

siginfo: si_signo: 11 (SIGSEGV), si_code: 1 (SEGV_MAPERR), si_addr: 0x0000000000000000

Registers:
RAX=0x00007fff523a2050, RBX=0x00007fff734ab070, RCX=0x00007fff523a2024, RDX=0x00007f8ae7d5ded8
RSP=0x00007fff523a1f60, RBP=0x00007fff523a2040, RSI=0x00007f8ae0c37960, RDI=0x0000000000000000
R8 =0x0000000000001000, R9 =0x000000000000001b, R10=0x00000000c895e804, R11=0x0000000000000fff
R12=0x0000000000000002, R13=0x00007f8ae2112c00, R14=0x0000000000000000, R15=0x00007f8ae1b57c38
RIP=0x000000013147703d, EFLAGS=0x0000000000010246, ERR=0x0000000000000004
  TRAPNO=0x000000000000000e

Top of Stack: (sp=0x00007fff523a1f60)
0x00007fff523a1f60:   000000010d878a00 0000000000000000
0x00007fff523a1f70:   000000010d875000 00007fff523a2024
0x00007fff523a1f80:   0000000000001000 000000000000001b
0x00007fff523a1f90:   00007fff523a2080 00007fff8826aa36
0x00007fff523a1fa0:   00007f8adb611c50 00007f8aeb94df20
0x00007fff523a1fb0:   00007fff523a1fd0 00000001314586af
0x00007fff523a1fc0:   00007fff523a2060 00007f002cf84cd3
0x00007fff523a1fd0:   00007fff523a2020 0000000131a896cc
0x00007fff523a1fe0:   00007fff523a2010 000000010ef223d9
0x00007fff523a1ff0:   00007f8ae0fdc920 0000000000010002
0x00007fff523a2000:   00007fff523a2050 000000010f4219c8
0x00007fff523a2010:   0000003000000018 00007fff523a2050
0x00007fff523a2020:   00007fff523a1f60 00007f8ae79a5190
0x00007fff523a2030:   0d00f0426023d9e7 00000000ffffffff
0x00007fff523a2040:   00007fff523a2070 0000000131a34858
0x00007fff523a2050:   0000000000000000 00007f8ae79a5190
0x00007fff523a2060:   0000000000000001 00007f8aebc50500
0x00007fff523a2070:   00007fff523a20c0 0000000131a104d6
0x00007fff523a2080:   00007f8ae9444e90 0000001fffffffff
0x00007fff523a2090:   00007f8ae1b57c38 00007f8ae79a5190
0x00007fff523a20a0:   0000000000000002 0000000133469030
0x00007fff523a20b0:   0000000000000001 00007f8aebc50500
0x00007fff523a20c0:   00007fff523a2100 0000000131a0ea52
0x00007fff523a20d0:   00007f8ae7ada040 0000000000000004
0x00007fff523a20e0:   000000000000001b 000000010d875000
0x00007fff523a20f0:   0000000132aa9200 0000000000000000
0x00007fff523a2100:   00007fff523a2130 00000001319fea95
0x00007fff523a2110:   0000000000000000 00007f8aebc50500
0x00007fff523a2120:   00007f8aebc4dff0 0000000000000000
0x00007fff523a2130:   00007fff523a2150 000000013182e96f
0x00007fff523a2140:   00007f8aebc50500 00007f8aebc4dff0
0x00007fff523a2150:   00007fff523a2170 000000013182e915 

Instructions: (pc=0x000000013147703d)
0x000000013147701d:   8d 85 20 ff ff ff 48 89 45 e0 48 8d 45 10 48 89
0x000000013147702d:   45 d8 c7 45 d4 30 00 00 00 c7 45 d0 18 00 00 00
0x000000013147703d:   48 8b 07 48 8d 4d d0 ff 90 90 01 00 00 48 8b 0b
0x000000013147704d:   48 3b 4d f0 75 0a 48 81 c4 d8 00 00 00 5b 5d c3 

Register to memory mapping:

RAX=0x00007fff523a2050 is an unknown value
RBX=0x00007fff734ab070: __stack_chk_guard+0 in /usr/lib/system/libsystem_c.dylib at 0x00007fff8af25000
RCX=0x00007fff523a2024 is an unknown value
RDX=0x00007f8ae7d5ded8 is an unknown value
RSP=0x00007fff523a1f60 is an unknown value
RBP=0x00007fff523a2040 is an unknown value
RSI=0x00007f8ae0c37960 is a global jni handle
RDI=0x0000000000000000 is an unknown value
R8 =0x0000000000001000 is an unknown value
R9 =0x000000000000001b is an unknown value
R10=0x00000000c895e804 is an unknown value
R11=0x0000000000000fff is an unknown value
R12=0x0000000000000002 is an unknown value
R13=0x00007f8ae2112c00 is an unknown value
R14=0x0000000000000000 is an unknown value
R15=0x00007f8ae1b57c38 is an unknown value


Stack: [0x00007fff51ba6000,0x00007fff523a6000],  sp=0x00007fff523a1f60,  free space=8175k
Native frames: (J=compiled Java code, j=interpreted, Vv=VM code, C=native code)
C  [libjfxwebkit.dylib+0x48d03d]  JNIEnv_::CallIntMethod(_jobject*, _jmethodID*, ...)+0x7d
C  [libjfxwebkit.dylib+0xa4a858]  WebCore::FontPlatformData::hash() const+0xa8
C  [libjfxwebkit.dylib+0xa264d6]  WTF::KeyValuePair<WebCore::FontPlatformData, std::__1::pair<WTF::RefPtr<WebCore::SimpleFontData>, unsigned int> >* WTF::HashTable<WebCore::FontPlatformData, WTF::KeyValuePair<WebCore::FontPlatformData, std::__1::pair<WTF::RefPtr<WebCore::SimpleFontData>, unsigned int> >, WTF::KeyValuePairKeyExtractor<WTF::KeyValuePair<WebCore::FontPlatformData, std::__1::pair<WTF::RefPtr<WebCore::SimpleFontData>, unsigned int> > >, WebCore::FontDataCacheKeyHash, WTF::HashMap<WebCore::FontPlatformData, std::__1::pair<WTF::RefPtr<WebCore::SimpleFontData>, unsigned int>, WebCore::FontDataCacheKeyHash, WebCore::FontDataCacheKeyTraits, WTF::HashTraits<std::__1::pair<WTF::RefPtr<WebCore::SimpleFontData>, unsigned int> > >::KeyValuePairTraits, WebCore::FontDataCacheKeyTraits>::lookup<WTF::IdentityHashTranslator<WebCore::FontDataCacheKeyHash>, WebCore::FontPlatformData>(WebCore::FontPlatformData const&)+0x26
C  [libjfxwebkit.dylib+0xa24a52]  WebCore::FontCache::releaseFontData(WebCore::SimpleFontData const*)+0x22
C  [libjfxwebkit.dylib+0xa14a95]  WebCore::FontGlyphs::releaseFontData()+0x55
C  [libjfxwebkit.dylib+0x84496f]  WebCore::FontGlyphs::~FontGlyphs()+0xf
C  [libjfxwebkit.dylib+0x844915]  WebCore::Font::~Font()+0x25
C  [libjfxwebkit.dylib+0xc56ca2]  WebCore::StyleInheritedData::~StyleInheritedData()+0x12
C  [libjfxwebkit.dylib+0x53cb39]  WebCore::RenderStyle::~RenderStyle()+0xd9
C  [libjfxwebkit.dylib+0x62826b]  WebCore::StyleResolver::MatchedPropertiesCacheItem::~MatchedPropertiesCacheItem()+0x4b
C  [libjfxwebkit.dylib+0x61091e]  WebCore::StyleResolver::~StyleResolver()+0x13e
C  [libjfxwebkit.dylib+0x657d9e]  WebCore::Document::styleResolverChanged(WebCore::StyleResolverUpdateFlag)+0xae
C  [libjfxwebkit.dylib+0x7fb5cb]  WebCore::HTMLLinkElement::~HTMLLinkElement()+0x3b
C  [libjfxwebkit.dylib+0x7fb4fe]  WebCore::HTMLLinkElement::~HTMLLinkElement()+0xe
C  [libjfxwebkit.dylib+0x6459c5]  WebCore::ContainerNode::removeDetachedChildren()+0xc5
C  [libjfxwebkit.dylib+0x654c1d]  WebCore::Document::removedLastRef()+0x1cd
C  [libjfxwebkit.dylib+0xc39ad]  WebCore::JSNodeOwner::finalize(JSC::Handle<JSC::Unknown>, void*)+0xad
C  [libjfxwebkit.dylib+0xed1c28]  JSC::WeakBlock::sweep()+0x68
C  [libjfxwebkit.dylib+0xed20d8]  JSC::WeakSet::sweep()+0x28
C  [libjfxwebkit.dylib+0xee00c9]  JSC::MarkedBlock::sweep(JSC::MarkedBlock::SweepMode)+0x19
C  [libjfxwebkit.dylib+0xedd3e9]  JSC::IncrementalSweeper::doSweep(double)+0x99
C  [libjfxwebkit.dylib+0xedd01b]  JSC::HeapTimer::timerDidFire(__CFRunLoopTimer*, void*)+0xab
C  [CoreFoundation+0xb4bc4]  __CFRUNLOOP_IS_CALLING_OUT_TO_A_TIMER_CALLBACK_FUNCTION__+0x14
C  [CoreFoundation+0xb4853]  __CFRunLoopDoTimer+0x433
C  [CoreFoundation+0x132e6a]  __CFRunLoopDoTimers+0x12a
C  [CoreFoundation+0x6fcd1]  __CFRunLoopRun+0x731
C  [CoreFoundation+0x6f338]  CFRunLoopRunSpecific+0x128
C  [java+0x6463]  CreateExecutionEnvironment+0x367
C  [java+0x21ac]  JLI_Launch+0x7a0
C  [java+0x84c0]  main+0x65
C  [java+0x1a04]  start+0x34


---------------  P R O C E S S  ---------------

VM state:not at safepoint (normal execution)

VM Mutex/Monitor currently owned by a thread: None

Heap:
 PSYoungGen      total 1120256K, used 365270K [0x000000076ab00000, 0x00000007c0000000, 0x00000007c0000000)
  eden space 868864K, 17% used [0x000000076ab00000,0x0000000774261a80,0x000000079fb80000)
  from space 251392K, 83% used [0x000000079fb80000,0x00000007ac8d3e00,0x00000007af100000)
  to   space 270848K, 0% used [0x00000007af780000,0x00000007af780000,0x00000007c0000000)
 ParOldGen       total 1821696K, used 1320785K [0x00000006c0000000, 0x000000072f300000, 0x000000076ab00000)
  object space 1821696K, 72% used [0x00000006c0000000,0x00000007109d44d0,0x000000072f300000)
 Metaspace       used 23397K, capacity 24316K, committed 24448K, reserved 1071104K
  class space    used 2872K, capacity 3088K, committed 3200K, reserved 1048576K

Card table byte_map: [0x000000011ef46000,0x000000011f747000] byte_map_base: 0x000000011b946000

Marking Bits: (ParMarkBitMap*) 0x000000010f4dde20
 Begin Bits: [0x000000011fc9d000, 0x0000000123c9d000)
 End Bits:   [0x0000000123c9d000, 0x0000000127c9d000)

Polling page: 0x000000010db76000

CodeCache: size=245760Kb used=16082Kb max_used=16331Kb free=229677Kb
 bounds [0x000000010fb86000, 0x0000000110ba6000, 0x000000011eb86000]
 total_blobs=5166 nmethods=4416 adapters=671
 compilation: enabled

Compilation events (10 events):
Event: 55.644 Thread 0x00007f8ae200f800 nmethod 5407 0x000000011035e6d0 code [0x000000011035e840, 0x000000011035ec08]
Event: 55.645 Thread 0x00007f8ae200f000 5408   !   4       sun.net.www.http.HttpClient::parseHTTP (200 bytes)
Event: 55.649 Thread 0x00007f8ae1011800 5409   !   4       sun.net.www.protocol.http.HttpURLConnection::setCookieHeader (580 bytes)
Event: 55.661 Thread 0x00007f8ae200f800 5410       3       java.lang.Byte::hashCode (8 bytes)
Event: 55.661 Thread 0x00007f8ae200f800 nmethod 5410 0x00000001108d5b50 code [0x00000001108d5cc0, 0x00000001108d5e70]
Event: 55.661 Thread 0x00007f8ae200f800 5411       3       java.lang.Byte::hashCode (2 bytes)
Event: 55.661 Thread 0x00007f8ae200f800 nmethod 5411 0x00000001105f1390 code [0x00000001105f14e0, 0x00000001105f1610]
Event: 55.663 Thread 0x00007f8ae200f000 nmethod 5408 0x000000011027c110 code [0x000000011027c380, 0x000000011027d280]
Event: 55.752 Thread 0x00007f8ae1011800 nmethod 5409 0x0000000110333fd0 code [0x0000000110334480, 0x0000000110337890]
Event: 56.041 Thread 0x00007f8ae184c000 nmethod 5406 0x000000011080c6d0 code [0x000000011080d020, 0x0000000110817940]

GC Heap History (10 events):
Event: 52.895 GC heap before
{Heap before GC invocations=73 (full 13):
 PSYoungGen      total 1071616K, used 778752K [0x000000076ab00000, 0x00000007beb80000, 0x00000007c0000000)
  eden space 778752K, 100% used [0x000000076ab00000,0x000000079a380000,0x000000079a380000)
  from space 292864K, 0% used [0x000000079a380000,0x000000079a380000,0x00000007ac180000)
  to   space 280064K, 0% used [0x00000007ada00000,0x00000007ada00000,0x00000007beb80000)
 ParOldGen       total 1391616K, used 915262K [0x00000006c0000000, 0x0000000714f00000, 0x000000076ab00000)
  object space 1391616K, 65% used [0x00000006c0000000,0x00000006f7dcf8a0,0x0000000714f00000)
 Metaspace       used 23336K, capacity 24266K, committed 24448K, reserved 1071104K
  class space    used 2864K, capacity 3077K, committed 3200K, reserved 1048576K
Event: 52.910 GC heap after
Heap after GC invocations=73 (full 13):
 PSYoungGen      total 1091584K, used 104559K [0x000000076ab00000, 0x00000007bde80000, 0x00000007c0000000)
  eden space 824832K, 0% used [0x000000076ab00000,0x000000076ab00000,0x000000079d080000)
  from space 266752K, 39% used [0x00000007ada00000,0x00000007b401be08,0x00000007bde80000)
  to   space 269312K, 0% used [0x000000079d080000,0x000000079d080000,0x00000007ad780000)
 ParOldGen       total 1391616K, used 915270K [0x00000006c0000000, 0x0000000714f00000, 0x000000076ab00000)
  object space 1391616K, 65% used [0x00000006c0000000,0x00000006f7dd18a0,0x0000000714f00000)
 Metaspace       used 23336K, capacity 24266K, committed 24448K, reserved 1071104K
  class space    used 2864K, capacity 3077K, committed 3200K, reserved 1048576K
}
Event: 53.196 GC heap before
{Heap before GC invocations=74 (full 13):
 PSYoungGen      total 1091584K, used 929391K [0x000000076ab00000, 0x00000007bde80000, 0x00000007c0000000)
  eden space 824832K, 100% used [0x000000076ab00000,0x000000079d080000,0x000000079d080000)
  from space 266752K, 39% used [0x00000007ada00000,0x00000007b401be08,0x00000007bde80000)
  to   space 269312K, 0% used [0x000000079d080000,0x000000079d080000,0x00000007ad780000)
 ParOldGen       total 1391616K, used 971463K [0x00000006c0000000, 0x0000000714f00000, 0x000000076ab00000)
  object space 1391616K, 69% used [0x00000006c0000000,0x00000006fb4b1ff0,0x0000000714f00000)
 Metaspace       used 23336K, capacity 24266K, committed 24448K, reserved 1071104K
  class space    used 2864K, capacity 3077K, committed 3200K, reserved 1048576K
Event: 53.216 GC heap after
Heap after GC invocations=74 (full 13):
 PSYoungGen      total 1094144K, used 103513K [0x000000076ab00000, 0x00000007bef80000, 0x00000007c0000000)
  eden space 824832K, 0% used [0x000000076ab00000,0x000000076ab00000,0x000000079d080000)
  from space 269312K, 38% used [0x000000079d080000,0x00000007a3596450,0x00000007ad780000)
  to   space 259584K, 0% used [0x00000007af200000,0x00000007af200000,0x00000007bef80000)
 ParOldGen       total 1391616K, used 1008339K [0x00000006c0000000, 0x0000000714f00000, 0x000000076ab00000)
  object space 1391616K, 72% used [0x00000006c0000000,0x00000006fd8b4eb0,0x0000000714f00000)
 Metaspace       used 23336K, capacity 24266K, committed 24448K, reserved 1071104K
  class space    used 2864K, capacity 3077K, committed 3200K, reserved 1048576K
}
Event: 54.020 GC heap before
{Heap before GC invocations=75 (full 13):
 PSYoungGen      total 1094144K, used 928345K [0x000000076ab00000, 0x00000007bef80000, 0x00000007c0000000)
  eden space 824832K, 100% used [0x000000076ab00000,0x000000079d080000,0x000000079d080000)
  from space 269312K, 38% used [0x000000079d080000,0x00000007a3596450,0x00000007ad780000)
  to   space 259584K, 0% used [0x00000007af200000,0x00000007af200000,0x00000007bef80000)
 ParOldGen       total 1391616K, used 1085923K [0x00000006c0000000, 0x0000000714f00000, 0x000000076ab00000)
  object space 1391616K, 78% used [0x00000006c0000000,0x0000000702478f60,0x0000000714f00000)
 Metaspace       used 23371K, capacity 24290K, committed 24448K, reserved 1071104K
  class space    used 2867K, capacity 3081K, committed 3200K, reserved 1048576K
Event: 54.048 GC heap after
Heap after GC invocations=75 (full 13):
 PSYoungGen      total 1119232K, used 95809K [0x000000076ab00000, 0x00000007be680000, 0x00000007c0000000)
  eden space 868864K, 0% used [0x000000076ab00000,0x000000076ab00000,0x000000079fb80000)
  from space 250368K, 38% used [0x00000007af200000,0x00000007b4f90450,0x00000007be680000)
  to   space 251392K, 0% used [0x000000079fb80000,0x000000079fb80000,0x00000007af100000)
 ParOldGen       total 1391616K, used 1137581K [0x00000006c0000000, 0x0000000714f00000, 0x000000076ab00000)
  object space 1391616K, 81% used [0x00000006c0000000,0x00000007056eb7c0,0x0000000714f00000)
 Metaspace       used 23371K, capacity 24290K, committed 24448K, reserved 1071104K
  class space    used 2867K, capacity 3081K, committed 3200K, reserved 1048576K
}
Event: 54.485 GC heap before
{Heap before GC invocations=76 (full 14):
 PSYoungGen      total 1119232K, used 964673K [0x000000076ab00000, 0x00000007be680000, 0x00000007c0000000)
  eden space 868864K, 100% used [0x000000076ab00000,0x000000079fb80000,0x000000079fb80000)
  from space 250368K, 38% used [0x00000007af200000,0x00000007b4f90450,0x00000007be680000)
  to   space 251392K, 0% used [0x000000079fb80000,0x000000079fb80000,0x00000007af100000)
 ParOldGen       total 1391616K, used 1291308K [0x00000006c0000000, 0x0000000714f00000, 0x000000076ab00000)
  object space 1391616K, 92% used [0x00000006c0000000,0x000000070ed0b048,0x0000000714f00000)
 Metaspace       used 23372K, capacity 24290K, committed 24448K, reserved 1071104K
  class space    used 2867K, capacity 3081K, committed 3200K, reserved 1048576K
Event: 54.579 GC heap after
Heap after GC invocations=76 (full 14):
 PSYoungGen      total 1119232K, used 0K [0x000000076ab00000, 0x00000007be680000, 0x00000007c0000000)
  eden space 868864K, 0% used [0x000000076ab00000,0x000000076ab00000,0x000000079fb80000)
  from space 250368K, 0% used [0x00000007af200000,0x00000007af200000,0x00000007be680000)
  to   space 251392K, 0% used [0x000000079fb80000,0x000000079fb80000,0x00000007af100000)
 ParOldGen       total 1821696K, used 1307899K [0x00000006c0000000, 0x000000072f300000, 0x000000076ab00000)
  object space 1821696K, 71% used [0x00000006c0000000,0x000000070fd3ef60,0x000000072f300000)
 Metaspace       used 23372K, capacity 24290K, committed 24448K, reserved 1071104K
  class space    used 2867K, capacity 3081K, committed 3200K, reserved 1048576K
}
Event: 56.258 GC heap before
{Heap before GC invocations=77 (full 14):
 PSYoungGen      total 1119232K, used 868864K [0x000000076ab00000, 0x00000007be680000, 0x00000007c0000000)
  eden space 868864K, 100% used [0x000000076ab00000,0x000000079fb80000,0x000000079fb80000)
  from space 250368K, 0% used [0x00000007af200000,0x00000007af200000,0x00000007be680000)
  to   space 251392K, 0% used [0x000000079fb80000,0x000000079fb80000,0x00000007af100000)
 ParOldGen       total 1821696K, used 1320777K [0x00000006c0000000, 0x000000072f300000, 0x000000076ab00000)
  object space 1821696K, 72% used [0x00000006c0000000,0x00000007109d24d0,0x000000072f300000)
 Metaspace       used 23397K, capacity 24316K, committed 24448K, reserved 1071104K
  class space    used 2872K, capacity 3088K, committed 3200K, reserved 1048576K
Event: 56.300 GC heap after
Heap after GC invocations=77 (full 14):
 PSYoungGen      total 1120256K, used 210255K [0x000000076ab00000, 0x00000007c0000000, 0x00000007c0000000)
  eden space 868864K, 0% used [0x000000076ab00000,0x000000076ab00000,0x000000079fb80000)
  from space 251392K, 83% used [0x000000079fb80000,0x00000007ac8d3e00,0x00000007af100000)
  to   space 270848K, 0% used [0x00000007af780000,0x00000007af780000,0x00000007c0000000)
 ParOldGen       total 1821696K, used 1320785K [0x00000006c0000000, 0x000000072f300000, 0x000000076ab00000)
  object space 1821696K, 72% used [0x00000006c0000000,0x00000007109d44d0,0x000000072f300000)
 Metaspace       used 23397K, capacity 24316K, committed 24448K, reserved 1071104K
  class space    used 2872K, capacity 3088K, committed 3200K, reserved 1048576K
}

Deoptimization events (10 events):
Event: 53.818 Thread 0x00007f8ae3043000 Uncommon trap: reason=bimorphic action=maybe_recompile pc=0x000000011017efa0 method=java.util.ArrayList.remove(Ljava/lang/Object;)Z @ 56
Event: 53.818 Thread 0x00007f8ae3043000 Uncommon trap: reason=unstable_if action=reinterpret pc=0x000000011083eff8 method=com.sun.javafx.application.PlatformImpl.checkIdle()V @ 40
Event: 53.818 Thread 0x00007f8ae3043000 Uncommon trap: reason=unstable_if action=reinterpret pc=0x000000011017ef44 method=java.util.ArrayList.remove(Ljava/lang/Object;)Z @ 46
Event: 53.849 Thread 0x00007f8ae3043000 Uncommon trap: reason=unstable_if action=reinterpret pc=0x000000011086d234 method=com.sun.javafx.application.PlatformImpl.checkIdle()V @ 40
Event: 55.643 Thread 0x00007f8ae221f000 Uncommon trap: reason=unstable_if action=reinterpret pc=0x00000001108fc230 method=com.sun.javafx.application.PlatformImpl.runLater(Ljava/lang/Runnable;Z)V @ 57
Event: 55.643 Thread 0x00007f8ae221f000 Uncommon trap: reason=unstable_if action=reinterpret pc=0x00000001103a51a4 method=com.sun.javafx.application.PlatformImpl.runLater(Ljava/lang/Runnable;Z)V @ 57
Event: 55.661 Thread 0x00007f8ae3043000 Uncommon trap: reason=unstable_if action=reinterpret pc=0x0000000110377590 method=java.util.concurrent.locks.ReentrantLock$Sync.nonfairTryAcquire(I)Z @ 34
Event: 55.661 Thread 0x00007f8ae3043000 Uncommon trap: reason=unstable_if action=reinterpret pc=0x00000001104cb4c4 method=java.util.concurrent.locks.ReentrantLock$Sync.tryRelease(I)Z @ 28
Event: 55.661 Thread 0x00007f8ae10dc000 Uncommon trap: reason=unstable_if action=reinterpret pc=0x000000010fd7e978 method=java.util.concurrent.locks.AbstractQueuedSynchronizer$ConditionObject.checkInterruptWhileWaiting(Ljava/util/concurrent/locks/AbstractQueuedSynchronizer$Node;)I @ 3
Event: 55.661 Thread 0x00007f8ae3043000 Uncommon trap: reason=unstable_if action=reinterpret pc=0x00000001104d2e98 method=java.util.concurrent.ThreadPoolExecutor.isRunning(I)Z @ 1

Internal exceptions (10 events):
Event: 54.018 Thread 0x00007f8ad25f7800 Exception <a 'java/net/SocketException'> (0x000000079297a730) thrown at [/HUDSON3/workspace/8-2-build-macosx-x86_64/jdk8u66/4988/hotspot/src/share/vm/prims/jni.cpp, line 709]
Event: 54.094 Thread 0x00007f8ad9481800 Exception <a 'java/net/SocketException'> (0x000000076b0e6670) thrown at [/HUDSON3/workspace/8-2-build-macosx-x86_64/jdk8u66/4988/hotspot/src/share/vm/prims/jni.cpp, line 709]
Event: 54.110 Thread 0x00007f8ad2187800 Exception <a 'java/net/SocketException'> (0x000000076ce0b9f8) thrown at [/HUDSON3/workspace/8-2-build-macosx-x86_64/jdk8u66/4988/hotspot/src/share/vm/prims/jni.cpp, line 709]
Event: 54.167 Thread 0x00007f8ad34a1800 Exception <a 'java/net/SocketException'> (0x000000076b82b800) thrown at [/HUDSON3/workspace/8-2-build-macosx-x86_64/jdk8u66/4988/hotspot/src/share/vm/prims/jni.cpp, line 709]
Event: 54.183 Thread 0x00007f8ae400f000 Exception <a 'java/net/SocketException'> (0x00000007728b4650) thrown at [/HUDSON3/workspace/8-2-build-macosx-x86_64/jdk8u66/4988/hotspot/src/share/vm/prims/jni.cpp, line 709]
Event: 54.268 Thread 0x00007f8ad8b0d000 Exception <a 'java/net/SocketException'> (0x000000076c376a58) thrown at [/HUDSON3/workspace/8-2-build-macosx-x86_64/jdk8u66/4988/hotspot/src/share/vm/prims/jni.cpp, line 709]
Event: 54.290 Thread 0x00007f8aed880800 Exception <a 'java/net/SocketException'> (0x000000076d967310) thrown at [/HUDSON3/workspace/8-2-build-macosx-x86_64/jdk8u66/4988/hotspot/src/share/vm/prims/jni.cpp, line 709]
Event: 54.656 Thread 0x00007f8ad94b2800 Exception <a 'java/net/SocketException'> (0x000000076da928a8) thrown at [/HUDSON3/workspace/8-2-build-macosx-x86_64/jdk8u66/4988/hotspot/src/share/vm/prims/jni.cpp, line 709]
Event: 55.308 Thread 0x00007f8ad5555800 Exception <a 'java/net/SocketException'> (0x000000078fac3a38) thrown at [/HUDSON3/workspace/8-2-build-macosx-x86_64/jdk8u66/4988/hotspot/src/share/vm/prims/jni.cpp, line 709]
Event: 56.337 Thread 0x00007f8ad6676000 Exception <a 'java/net/SocketException'> (0x000000076bcb74b0) thrown at [/HUDSON3/workspace/8-2-build-macosx-x86_64/jdk8u66/4988/hotspot/src/share/vm/prims/jni.cpp, line 709]

Events (10 events):
Event: 56.335 Thread 0x00007f8ae41d1800 Thread exited: 0x00007f8ae41d1800
Event: 56.337 Thread 0x00007f8ad6676000 DEOPT PACKING pc=0x000000011070d520 sp=0x000070000511e490
Event: 56.337 Thread 0x00007f8ad6676000 DEOPT UNPACKING pc=0x000000010fbcd633 sp=0x000070000511e178 mode 1
Event: 56.337 Thread 0x00007f8ad6676000 DEOPT PACKING pc=0x00000001109db16c sp=0x000070000511e510
Event: 56.337 Thread 0x00007f8ad6676000 DEOPT UNPACKING pc=0x000000010fbcd633 sp=0x000070000511e328 mode 1
Event: 56.338 Thread 0x00007f8ad6676000 Thread exited: 0x00007f8ad6676000
Event: 56.338 Thread 0x00007f8af050b800 Thread exited: 0x00007f8af050b800
Event: 56.339 Thread 0x00007f8af050b800 Thread added: 0x00007f8af050b800
Event: 56.340 Thread 0x00007f8ad5c48800 Thread added: 0x00007f8ad5c48800
Event: 56.341 Thread 0x00007f8ad5c48800 Thread exited: 0x00007f8ad5c48800


Dynamic libraries:
0x000000000141d000 	/System/Library/Frameworks/Cocoa.framework/Versions/A/Cocoa
0x000000000141d000 	/System/Library/Frameworks/Security.framework/Versions/A/Security
0x000000000141d000 	/System/Library/Frameworks/ApplicationServices.framework/Versions/A/ApplicationServices
0x000000000141d000 	/usr/lib/libz.1.dylib
0x000000000141d000 	/usr/lib/libSystem.B.dylib
0x000000000141d000 	/usr/lib/libobjc.A.dylib
0x000000000141d000 	/System/Library/Frameworks/CoreFoundation.framework/Versions/A/CoreFoundation
0x000000000141d000 	/System/Library/Frameworks/Foundation.framework/Versions/C/Foundation
0x000000000141d000 	/System/Library/Frameworks/AppKit.framework/Versions/C/AppKit
0x000000000141d000 	/System/Library/Frameworks/CoreData.framework/Versions/A/CoreData
0x000000000141d000 	/System/Library/PrivateFrameworks/RemoteViewServices.framework/Versions/A/RemoteViewServices
0x000000000141d000 	/System/Library/PrivateFrameworks/UIFoundation.framework/Versions/A/UIFoundation
0x000000000141d000 	/usr/lib/libScreenReader.dylib
0x000000000141d000 	/System/Library/Frameworks/Accelerate.framework/Versions/A/Accelerate
0x000000000141d000 	/System/Library/Frameworks/IOSurface.framework/Versions/A/IOSurface
0x000000000141d000 	/System/Library/Frameworks/AudioToolbox.framework/Versions/A/AudioToolbox
0x000000000141d000 	/System/Library/Frameworks/AudioUnit.framework/Versions/A/AudioUnit
0x000000000141d000 	/System/Library/PrivateFrameworks/DataDetectorsCore.framework/Versions/A/DataDetectorsCore
0x000000000141d000 	/System/Library/PrivateFrameworks/DesktopServicesPriv.framework/Versions/A/DesktopServicesPriv
0x000000000141d000 	/System/Library/Frameworks/Carbon.framework/Versions/A/Frameworks/HIToolbox.framework/Versions/A/HIToolbox
0x000000000141d000 	/System/Library/Frameworks/QuartzCore.framework/Versions/A/QuartzCore
0x000000000141d000 	/System/Library/Frameworks/Carbon.framework/Versions/A/Frameworks/SpeechRecognition.framework/Versions/A/SpeechRecognition
0x000000000141d000 	/usr/lib/libauto.dylib
0x000000000141d000 	/usr/lib/libicucore.A.dylib
0x000000000141d000 	/usr/lib/libxml2.2.dylib
0x000000000141d000 	/System/Library/PrivateFrameworks/CoreUI.framework/Versions/A/CoreUI
0x000000000141d000 	/System/Library/Frameworks/CoreAudio.framework/Versions/A/CoreAudio
0x000000000141d000 	/System/Library/Frameworks/DiskArbitration.framework/Versions/A/DiskArbitration
0x000000000141d000 	/usr/lib/liblangid.dylib
0x000000000141d000 	/System/Library/PrivateFrameworks/MultitouchSupport.framework/Versions/A/MultitouchSupport
0x000000000141d000 	/System/Library/Frameworks/IOKit.framework/Versions/A/IOKit
0x000000000141d000 	/usr/lib/libDiagnosticMessagesClient.dylib
0x000000000141d000 	/System/Library/Frameworks/CoreServices.framework/Versions/A/CoreServices
0x000000000141d000 	/System/Library/PrivateFrameworks/PerformanceAnalysis.framework/Versions/A/PerformanceAnalysis
0x000000000141d000 	/System/Library/PrivateFrameworks/GenerationalStorage.framework/Versions/A/GenerationalStorage
0x000000000141d000 	/System/Library/Frameworks/OpenGL.framework/Versions/A/OpenGL
0x000000000141d000 	/System/Library/PrivateFrameworks/Sharing.framework/Versions/A/Sharing
0x000000000141d000 	/System/Library/Frameworks/CoreGraphics.framework/Versions/A/CoreGraphics
0x000000000141d000 	/System/Library/Frameworks/CoreImage.framework/Versions/A/CoreImage
0x000000000141d000 	/System/Library/Frameworks/CoreText.framework/Versions/A/CoreText
0x000000000141d000 	/System/Library/Frameworks/ImageIO.framework/Versions/A/ImageIO
0x000000000141d000 	/System/Library/PrivateFrameworks/Backup.framework/Versions/A/Backup
0x000000000141d000 	/usr/lib/libextension.dylib
0x000000000141d000 	/usr/lib/libarchive.2.dylib
0x000000000141d000 	/System/Library/Frameworks/CFNetwork.framework/Versions/A/CFNetwork
0x000000000141d000 	/System/Library/Frameworks/SystemConfiguration.framework/Versions/A/SystemConfiguration
0x000000000141d000 	/usr/lib/libCRFSuite.dylib
0x000000000141d000 	/usr/lib/libc++.1.dylib
0x000000000141d000 	/usr/lib/libc++abi.dylib
0x000000000141d000 	/usr/lib/system/libcache.dylib
0x000000000141d000 	/usr/lib/system/libcommonCrypto.dylib
0x000000000141d000 	/usr/lib/system/libcompiler_rt.dylib
0x000000000141d000 	/usr/lib/system/libcopyfile.dylib
0x000000000141d000 	/usr/lib/system/libcorecrypto.dylib
0x000000000141d000 	/usr/lib/system/libdispatch.dylib
0x000000000141d000 	/usr/lib/system/libdyld.dylib
0x000000000141d000 	/usr/lib/system/libkeymgr.dylib
0x000000000141d000 	/usr/lib/system/liblaunch.dylib
0x000000000141d000 	/usr/lib/system/libmacho.dylib
0x000000000141d000 	/usr/lib/system/libquarantine.dylib
0x000000000141d000 	/usr/lib/system/libremovefile.dylib
0x000000000141d000 	/usr/lib/system/libsystem_asl.dylib
0x000000000141d000 	/usr/lib/system/libsystem_blocks.dylib
0x000000000141d000 	/usr/lib/system/libsystem_c.dylib
0x000000000141d000 	/usr/lib/system/libsystem_configuration.dylib
0x000000000141d000 	/usr/lib/system/libsystem_coreservices.dylib
0x000000000141d000 	/usr/lib/system/libsystem_coretls.dylib
0x000000000141d000 	/usr/lib/system/libsystem_dnssd.dylib
0x000000000141d000 	/usr/lib/system/libsystem_info.dylib
0x000000000141d000 	/usr/lib/system/libsystem_kernel.dylib
0x000000000141d000 	/usr/lib/system/libsystem_m.dylib
0x000000000141d000 	/usr/lib/system/libsystem_malloc.dylib
0x000000000141d000 	/usr/lib/system/libsystem_network.dylib
0x000000000141d000 	/usr/lib/system/libsystem_networkextension.dylib
0x000000000141d000 	/usr/lib/system/libsystem_notify.dylib
0x000000000141d000 	/usr/lib/system/libsystem_platform.dylib
0x000000000141d000 	/usr/lib/system/libsystem_pthread.dylib
0x000000000141d000 	/usr/lib/system/libsystem_sandbox.dylib
0x000000000141d000 	/usr/lib/system/libsystem_secinit.dylib
0x000000000141d000 	/usr/lib/system/libsystem_trace.dylib
0x000000000141d000 	/usr/lib/system/libunc.dylib
0x000000000141d000 	/usr/lib/system/libunwind.dylib
0x000000000141d000 	/usr/lib/system/libxpc.dylib
0x000000000141d000 	/usr/lib/libenergytrace.dylib
0x000000000141d000 	/usr/lib/libbsm.0.dylib
0x000000000141d000 	/usr/lib/system/libkxld.dylib
0x000000000141d000 	/usr/lib/libxar.1.dylib
0x000000000141d000 	/usr/lib/libsqlite3.dylib
0x000000000141d000 	/usr/lib/libpam.2.dylib
0x000000000141d000 	/usr/lib/libOpenScriptingUtil.dylib
0x000000000141d000 	/usr/lib/libbz2.1.0.dylib
0x000000000141d000 	/usr/lib/liblzma.5.dylib
0x000000000141d000 	/System/Library/Frameworks/CoreServices.framework/Versions/A/Frameworks/FSEvents.framework/Versions/A/FSEvents
0x000000000141d000 	/System/Library/Frameworks/CoreServices.framework/Versions/A/Frameworks/CarbonCore.framework/Versions/A/CarbonCore
0x000000000141d000 	/System/Library/Frameworks/CoreServices.framework/Versions/A/Frameworks/Metadata.framework/Versions/A/Metadata
0x000000000141d000 	/System/Library/Frameworks/CoreServices.framework/Versions/A/Frameworks/OSServices.framework/Versions/A/OSServices
0x000000000141d000 	/System/Library/Frameworks/CoreServices.framework/Versions/A/Frameworks/SearchKit.framework/Versions/A/SearchKit
0x000000000141d000 	/System/Library/Frameworks/CoreServices.framework/Versions/A/Frameworks/AE.framework/Versions/A/AE
0x000000000141d000 	/System/Library/Frameworks/CoreServices.framework/Versions/A/Frameworks/LaunchServices.framework/Versions/A/LaunchServices
0x000000000141d000 	/System/Library/Frameworks/CoreServices.framework/Versions/A/Frameworks/DictionaryServices.framework/Versions/A/DictionaryServices
0x000000000141d000 	/System/Library/Frameworks/CoreServices.framework/Versions/A/Frameworks/SharedFileList.framework/Versions/A/SharedFileList
0x000000000141d000 	/System/Library/Frameworks/NetFS.framework/Versions/A/NetFS
0x000000000141d000 	/System/Library/PrivateFrameworks/NetAuth.framework/Versions/A/NetAuth
0x000000000141d000 	/System/Library/PrivateFrameworks/login.framework/Versions/A/Frameworks/loginsupport.framework/Versions/A/loginsupport
0x000000000141d000 	/System/Library/PrivateFrameworks/TCC.framework/Versions/A/TCC
0x000000000141d000 	/usr/lib/libmecabra.dylib
0x000000000141d000 	/System/Library/Frameworks/ApplicationServices.framework/Versions/A/Frameworks/ATS.framework/Versions/A/ATS
0x000000000141d000 	/System/Library/Frameworks/ApplicationServices.framework/Versions/A/Frameworks/ColorSync.framework/Versions/A/ColorSync
0x000000000141d000 	/System/Library/Frameworks/ApplicationServices.framework/Versions/A/Frameworks/HIServices.framework/Versions/A/HIServices
0x000000000141d000 	/System/Library/Frameworks/ApplicationServices.framework/Versions/A/Frameworks/LangAnalysis.framework/Versions/A/LangAnalysis
0x000000000141d000 	/System/Library/Frameworks/ApplicationServices.framework/Versions/A/Frameworks/PrintCore.framework/Versions/A/PrintCore
0x000000000141d000 	/System/Library/Frameworks/ApplicationServices.framework/Versions/A/Frameworks/QD.framework/Versions/A/QD
0x000000000141d000 	/System/Library/Frameworks/ApplicationServices.framework/Versions/A/Frameworks/SpeechSynthesis.framework/Versions/A/SpeechSynthesis
0x000000000141d000 	/System/Library/Frameworks/Metal.framework/Versions/A/Metal
0x000000000141d000 	/System/Library/Frameworks/Accelerate.framework/Versions/A/Frameworks/vImage.framework/Versions/A/vImage
0x000000000141d000 	/System/Library/Frameworks/Accelerate.framework/Versions/A/Frameworks/vecLib.framework/Versions/A/vecLib
0x000000000141d000 	/System/Library/Frameworks/Accelerate.framework/Versions/A/Frameworks/vecLib.framework/Versions/A/libvDSP.dylib
0x000000000141d000 	/System/Library/Frameworks/Accelerate.framework/Versions/A/Frameworks/vecLib.framework/Versions/A/libvMisc.dylib
0x000000000141d000 	/System/Library/Frameworks/Accelerate.framework/Versions/A/Frameworks/vecLib.framework/Versions/A/libLAPACK.dylib
0x000000000141d000 	/System/Library/Frameworks/Accelerate.framework/Versions/A/Frameworks/vecLib.framework/Versions/A/libBLAS.dylib
0x000000000141d000 	/System/Library/Frameworks/Accelerate.framework/Versions/A/Frameworks/vecLib.framework/Versions/A/libLinearAlgebra.dylib
0x000000000141d000 	/System/Library/Frameworks/Accelerate.framework/Versions/A/Frameworks/vecLib.framework/Versions/A/libSparseBLAS.dylib
0x000000000141d000 	/System/Library/PrivateFrameworks/GPUCompiler.framework/libmetal_timestamp.dylib
0x000000000141d000 	/System/Library/Frameworks/OpenGL.framework/Versions/A/Libraries/libCoreFSCache.dylib
0x000000000141d000 	/System/Library/PrivateFrameworks/IOAccelerator.framework/Versions/A/IOAccelerator
0x000000000141d000 	/System/Library/Frameworks/ApplicationServices.framework/Versions/A/Frameworks/ATS.framework/Versions/A/Resources/libFontParser.dylib
0x000000000141d000 	/System/Library/Frameworks/ApplicationServices.framework/Versions/A/Frameworks/ATS.framework/Versions/A/Resources/libFontRegistry.dylib
0x000000000141d000 	/System/Library/PrivateFrameworks/AppleVPA.framework/Versions/A/AppleVPA
0x000000000141d000 	/System/Library/PrivateFrameworks/AppleJPEG.framework/Versions/A/AppleJPEG
0x000000000141d000 	/System/Library/Frameworks/ImageIO.framework/Versions/A/Resources/libJPEG.dylib
0x000000000141d000 	/System/Library/Frameworks/ImageIO.framework/Versions/A/Resources/libTIFF.dylib
0x000000000141d000 	/System/Library/Frameworks/ImageIO.framework/Versions/A/Resources/libPng.dylib
0x000000000141d000 	/System/Library/Frameworks/ImageIO.framework/Versions/A/Resources/libGIF.dylib
0x000000000141d000 	/System/Library/Frameworks/ImageIO.framework/Versions/A/Resources/libJP2.dylib
0x000000000141d000 	/System/Library/Frameworks/ImageIO.framework/Versions/A/Resources/libRadiance.dylib
0x000000000141d000 	/System/Library/Frameworks/CoreVideo.framework/Versions/A/CoreVideo
0x000000000141d000 	/System/Library/Frameworks/OpenGL.framework/Versions/A/Libraries/libGLU.dylib
0x000000000141d000 	/System/Library/Frameworks/OpenGL.framework/Versions/A/Libraries/libGFXShared.dylib
0x000000000141d000 	/System/Library/Frameworks/OpenGL.framework/Versions/A/Libraries/libGL.dylib
0x000000000141d000 	/System/Library/Frameworks/OpenGL.framework/Versions/A/Libraries/libGLImage.dylib
0x000000000141d000 	/System/Library/Frameworks/OpenGL.framework/Versions/A/Libraries/libCVMSPluginSupport.dylib
0x000000000141d000 	/System/Library/Frameworks/OpenGL.framework/Versions/A/Libraries/libCoreVMClient.dylib
0x000000000141d000 	/usr/lib/libcups.2.dylib
0x000000000141d000 	/System/Library/Frameworks/Kerberos.framework/Versions/A/Kerberos
0x000000000141d000 	/System/Library/Frameworks/GSS.framework/Versions/A/GSS
0x000000000141d000 	/usr/lib/libresolv.9.dylib
0x000000000141d000 	/usr/lib/libiconv.2.dylib
0x000000000141d000 	/System/Library/PrivateFrameworks/Heimdal.framework/Versions/A/Heimdal
0x000000000141d000 	/usr/lib/libheimdal-asn1.dylib
0x000000000141d000 	/System/Library/Frameworks/OpenDirectory.framework/Versions/A/OpenDirectory
0x000000000141d000 	/System/Library/PrivateFrameworks/CommonAuth.framework/Versions/A/CommonAuth
0x000000000141d000 	/System/Library/Frameworks/OpenDirectory.framework/Versions/A/Frameworks/CFOpenDirectory.framework/Versions/A/CFOpenDirectory
0x000000000141d000 	/System/Library/Frameworks/SecurityFoundation.framework/Versions/A/SecurityFoundation
0x000000000141d000 	/System/Library/PrivateFrameworks/LanguageModeling.framework/Versions/A/LanguageModeling
0x000000000141d000 	/usr/lib/libmarisa.dylib
0x000000000141d000 	/usr/lib/libChineseTokenizer.dylib
0x000000000141d000 	/usr/lib/libcmph.dylib
0x000000000141d000 	/usr/lib/libcompression.dylib
0x000000000141d000 	/System/Library/Frameworks/ServiceManagement.framework/Versions/A/ServiceManagement
0x000000000141d000 	/usr/lib/libxslt.1.dylib
0x000000000141d000 	/System/Library/Frameworks/Carbon.framework/Versions/A/Frameworks/Ink.framework/Versions/A/Ink
0x000000000141d000 	/usr/lib/libFosl_dynamic.dylib
0x000000000141d000 	/System/Library/PrivateFrameworks/FaceCore.framework/Versions/A/FaceCore
0x000000000141d000 	/System/Library/Frameworks/OpenCL.framework/Versions/A/OpenCL
0x000000000141d000 	/System/Library/PrivateFrameworks/CrashReporterSupport.framework/Versions/A/CrashReporterSupport
0x000000000141d000 	/System/Library/PrivateFrameworks/IconServices.framework/Versions/A/IconServices
0x000000000141d000 	/System/Library/PrivateFrameworks/Apple80211.framework/Versions/A/Apple80211
0x000000000141d000 	/System/Library/Frameworks/CoreWLAN.framework/Versions/A/CoreWLAN
0x000000000141d000 	/System/Library/Frameworks/IOBluetooth.framework/Versions/A/IOBluetooth
0x000000000141d000 	/System/Library/PrivateFrameworks/CoreWiFi.framework/Versions/A/CoreWiFi
0x000000000141d000 	/System/Library/Frameworks/CoreBluetooth.framework/Versions/A/CoreBluetooth
0x000000000141d000 	/System/Library/PrivateFrameworks/ChunkingLibrary.framework/Versions/A/ChunkingLibrary
0x000000000141d000 	/System/Library/PrivateFrameworks/DebugSymbols.framework/Versions/A/DebugSymbols
0x000000000141d000 	/System/Library/PrivateFrameworks/CoreSymbolication.framework/Versions/A/CoreSymbolication
0x000000000141d000 	/System/Library/PrivateFrameworks/Symbolication.framework/Versions/A/Symbolication
0x000000000141d000 	/System/Library/PrivateFrameworks/SpeechRecognitionCore.framework/Versions/A/SpeechRecognitionCore
0x0000000052fa6000 	/System/Library/CoreServices/Encodings/libKoreanConverter.dylib
0x000000010ec00000 	/Library/Java/JavaVirtualMachines/jdk1.8.0_66.jdk/Contents/Home/jre/lib/server/libjvm.dylib
0x000000000141d000 	/usr/lib/libstdc++.6.dylib
0x000000010db33000 	/Library/Java/JavaVirtualMachines/jdk1.8.0_66.jdk/Contents/Home/jre/lib/libverify.dylib
0x000000010db41000 	/Library/Java/JavaVirtualMachines/jdk1.8.0_66.jdk/Contents/Home/jre/lib/libjava.dylib
0x000000010db77000 	/Library/Java/JavaVirtualMachines/jdk1.8.0_66.jdk/Contents/Home/jre/lib/libjdwp.dylib
0x000000010dbc2000 	/Library/Java/JavaVirtualMachines/jdk1.8.0_66.jdk/Contents/Home/jre/lib/libnpt.dylib
0x000000010dbcf000 	/Library/Java/JavaVirtualMachines/jdk1.8.0_66.jdk/Contents/Home/jre/lib/libzip.dylib
0x000000012abf3000 	/System/Library/Frameworks/JavaVM.framework/Frameworks/JavaRuntimeSupport.framework/JavaRuntimeSupport
0x000000012ac0e000 	/System/Library/Frameworks/JavaVM.framework/Versions/A/Frameworks/JavaNativeFoundation.framework/Versions/A/JavaNativeFoundation
0x000000012ac23000 	/System/Library/Frameworks/JavaVM.framework/Versions/A/JavaVM
0x000000000141d000 	/System/Library/Frameworks/Carbon.framework/Versions/A/Carbon
0x000000012ac30000 	/System/Library/PrivateFrameworks/JavaLaunching.framework/Versions/A/JavaLaunching
0x000000000141d000 	/System/Library/Frameworks/Carbon.framework/Versions/A/Frameworks/CommonPanels.framework/Versions/A/CommonPanels
0x000000000141d000 	/System/Library/Frameworks/Carbon.framework/Versions/A/Frameworks/Help.framework/Versions/A/Help
0x000000000141d000 	/System/Library/Frameworks/Carbon.framework/Versions/A/Frameworks/ImageCapture.framework/Versions/A/ImageCapture
0x000000000141d000 	/System/Library/Frameworks/Carbon.framework/Versions/A/Frameworks/OpenScripting.framework/Versions/A/OpenScripting
0x000000000141d000 	/System/Library/Frameworks/Carbon.framework/Versions/A/Frameworks/Print.framework/Versions/A/Print
0x000000000141d000 	/System/Library/Frameworks/Carbon.framework/Versions/A/Frameworks/SecurityHI.framework/Versions/A/SecurityHI
0x000000012c54d000 	/Library/Java/JavaVirtualMachines/jdk1.8.0_66.jdk/Contents/Home/jre/lib/libdt_socket.dylib
0x000000012c629000 	/Library/Java/JavaVirtualMachines/jdk1.8.0_66.jdk/Contents/Home/jre/lib/libprism_es2.dylib
0x000000000141d000 	/System/Library/Frameworks/OpenGL.framework/Versions/A/Resources/GLEngine.bundle/GLEngine
0x000000000141d000 	/System/Library/Frameworks/OpenGL.framework/Versions/A/Libraries/libGLProgrammability.dylib
0x000000012c6aa000 	/System/Library/Extensions/AppleIntelHD5000GraphicsGLDriver.bundle/Contents/MacOS/AppleIntelHD5000GraphicsGLDriver
0x000000000141d000 	/System/Library/PrivateFrameworks/GPUSupport.framework/Versions/A/Libraries/libGPUSupportMercury.dylib
0x000000000141d000 	/System/Library/Extensions/GeForceGLDriver.bundle/Contents/MacOS/GeForceGLDriver
0x000000000141d000 	/System/Library/Extensions/GeForceGLDriver.bundle/Contents/MacOS/libclh.dylib
0x000000000141d000 	/System/Library/Frameworks/OpenGL.framework/Versions/A/Resources/GLRendererFloat.bundle/GLRendererFloat
0x000000000141d000 	/System/Library/Frameworks/OpenCL.framework/Versions/A/Libraries/libcldcpuengine.dylib
0x000000000141d000 	/System/Library/PrivateFrameworks/DiskImages.framework/Versions/A/DiskImages
0x000000000141d000 	/System/Library/Frameworks/DiscRecording.framework/Versions/A/DiscRecording
0x000000000141d000 	/usr/lib/libcsfde.dylib
0x000000000141d000 	/usr/lib/libcurl.4.dylib
0x000000000141d000 	/System/Library/PrivateFrameworks/MediaKit.framework/Versions/A/MediaKit
0x000000000141d000 	/System/Library/PrivateFrameworks/ProtectedCloudStorage.framework/Versions/A/ProtectedCloudStorage
0x000000000141d000 	/usr/lib/libCoreStorage.dylib
0x000000000141d000 	/System/Library/PrivateFrameworks/EFILogin.framework/Versions/A/EFILogin
0x000000000141d000 	/usr/lib/libutil.dylib
0x000000000141d000 	/System/Library/PrivateFrameworks/FindMyDevice.framework/Versions/A/FindMyDevice
0x000000000141d000 	/System/Library/Frameworks/LDAP.framework/Versions/A/LDAP
0x000000000141d000 	/usr/lib/libsasl2.2.dylib
0x000000000141d000 	/System/Library/PrivateFrameworks/CoreDaemon.framework/Versions/B/CoreDaemon
0x000000000141d000 	/usr/lib/libcrypto.0.9.8.dylib
0x000000000141d000 	/System/Library/PrivateFrameworks/AppleSRP.framework/Versions/A/AppleSRP
0x000000000141d000 	/System/Library/PrivateFrameworks/TrustEvaluationAgent.framework/Versions/A/TrustEvaluationAgent
0x000000012d069000 	/Library/Java/JavaVirtualMachines/jdk1.8.0_66.jdk/Contents/Home/jre/lib/libglass.dylib
0x000000000141d000 	/System/Library/PrivateFrameworks/CoreServicesInternal.framework/Versions/A/CoreServicesInternal
0x000000000141d000 	/System/Library/CoreServices/RawCamera.bundle/Contents/MacOS/RawCamera
0x000000000141d000 	/System/Library/Frameworks/CoreGraphics.framework/Versions/A/Resources/libRIP.A.dylib
0x000000000141d000 	/System/Library/Frameworks/Accelerate.framework/Versions/A/Frameworks/vImage.framework/Versions/A/Libraries/libCGInterfaces.dylib
0x000000000141d000 	/System/Library/PrivateFrameworks/FamilyControls.framework/Versions/A/FamilyControls
0x000000000141d000 	/System/Library/PrivateFrameworks/CommerceKit.framework/Versions/A/Frameworks/CommerceCore.framework/Versions/A/CommerceCore
0x000000000141d000 	/System/Library/PrivateFrameworks/SystemAdministration.framework/Versions/A/SystemAdministration
0x000000000141d000 	/System/Library/PrivateFrameworks/AppContainer.framework/Versions/A/AppContainer
0x000000000141d000 	/System/Library/PrivateFrameworks/SecCodeWrapper.framework/Versions/A/SecCodeWrapper
0x000000000141d000 	/System/Library/Frameworks/DirectoryService.framework/Versions/A/DirectoryService
0x000000000141d000 	/System/Library/PrivateFrameworks/LoginUIKit.framework/Versions/A/Frameworks/LoginUICore.framework/Versions/A/LoginUICore
0x000000000141d000 	/usr/lib/libodfde.dylib
0x0000000130fea000 	/Library/Java/JavaVirtualMachines/jdk1.8.0_66.jdk/Contents/Home/jre/lib/libjfxwebkit.dylib
0x00000001336d6000 	/Library/Java/JavaVirtualMachines/jdk1.8.0_66.jdk/Contents/Home/jre/lib/libjavafx_font.dylib
0x000000000141d000 	/System/Library/Frameworks/CoreGraphics.framework/Versions/A/Resources/libCGXType.A.dylib
0x00000001363d7000 	cl_kernels
0x000000000141d000 	/System/Library/Frameworks/OpenCL.framework/Versions/A/Libraries/ImageFormats/unorm8_bgra.dylib
0x000000000141d000 	/System/Library/Frameworks/OpenCL.framework/Versions/A/Libraries/ImageFormats/unorm8_rgba.dylib
0x00000001375da000 	/Library/Java/JavaVirtualMachines/jdk1.8.0_66.jdk/Contents/Home/jre/lib/libnet.dylib
0x000000012ce01000 	/Library/Java/JavaVirtualMachines/jdk1.8.0_66.jdk/Contents/Home/jre/lib/libnio.dylib
0x000000013595d000 	/System/Library/Extensions/GeForceMTLDriver.bundle/Contents/MacOS/GeForceMTLDriver
0x0000000137ffa000 	/System/Library/Extensions/AppleIntelHD5000GraphicsMTLDriver.bundle/Contents/MacOS/AppleIntelHD5000GraphicsMTLDriver
0x000000012e502000 	/Library/Java/JavaVirtualMachines/jdk1.8.0_66.jdk/Contents/Home/jre/lib/libprism_common.dylib
0x000000013d0b0000 	/Library/Java/JavaVirtualMachines/jdk1.8.0_66.jdk/Contents/Home/jre/lib/libglib-lite.dylib
0x000000013d1d2000 	/Library/Java/JavaVirtualMachines/jdk1.8.0_66.jdk/Contents/Home/jre/lib/libgstreamer-lite.dylib
0x000000013d34a000 	/Library/Java/JavaVirtualMachines/jdk1.8.0_66.jdk/Contents/Home/jre/lib/libjfxmedia.dylib
0x000000013d385000 	/Library/Java/JavaVirtualMachines/jdk1.8.0_66.jdk/Contents/Home/jre/lib/libjfxmedia_avf.dylib
0x000000000141d000 	/System/Library/Frameworks/AVFoundation.framework/Versions/A/AVFoundation
0x000000000141d000 	/System/Library/Frameworks/CoreMedia.framework/Versions/A/CoreMedia
0x000000000141d000 	/System/Library/Frameworks/MediaToolbox.framework/Versions/A/MediaToolbox
0x000000000141d000 	/System/Library/Frameworks/AVFoundation.framework/Versions/A/Resources/libAVFAudio.dylib
0x000000000141d000 	/System/Library/Frameworks/VideoToolbox.framework/Versions/A/VideoToolbox
0x000000000141d000 	/System/Library/Frameworks/CoreMediaIO.framework/Versions/A/CoreMediaIO
0x000000000141d000 	/usr/lib/libspindump.dylib
0x000000000141d000 	/System/Library/PrivateFrameworks/CoreAVCHD.framework/Versions/A/CoreAVCHD
0x000000000141d000 	/System/Library/Frameworks/MediaAccessibility.framework/Versions/A/MediaAccessibility
0x000000000141d000 	/System/Library/PrivateFrameworks/Mangrove.framework/Versions/A/Mangrove
0x000000000141d000 	/System/Library/PrivateFrameworks/CoreAUC.framework/Versions/A/CoreAUC
0x000000000141d000 	/System/Library/PrivateFrameworks/AppleVA.framework/Versions/A/AppleVA
0x000000000141d000 	/System/Library/PrivateFrameworks/XPCService.framework/Versions/A/XPCService
0x000000000141d000 	/System/Library/PrivateFrameworks/AppSandbox.framework/Versions/A/AppSandbox
0x000000000141d000 	/usr/lib/libsandbox.1.dylib
0x000000000141d000 	/usr/lib/libMatch.1.dylib
0x00000001359f9000 	/Library/Java/JavaVirtualMachines/jdk1.8.0_66.jdk/Contents/Home/jre/lib/libjfxmedia_qtkit.dylib
0x000000000141d000 	/System/Library/Frameworks/QTKit.framework/Versions/A/QTKit
0x000000000141d000 	/System/Library/PrivateFrameworks/CoreMediaAuthoring.framework/Versions/A/CoreMediaAuthoring
0x0000000139650000 	/Library/Java/JavaVirtualMachines/jdk1.8.0_66.jdk/Contents/Home/jre/lib/libfxplugins.dylib
0x000000012e525000 	/System/Library/Frameworks/VideoDecodeAcceleration.framework/Versions/A/VideoDecodeAcceleration
0x000000013967b000 	/Library/Java/JavaVirtualMachines/jdk1.8.0_66.jdk/Contents/Home/jre/lib/libjavafx_iio.dylib
0x000000013cf54000 	/System/Library/Extensions/AppleHDA.kext/Contents/PlugIns/AppleHDAHALPlugIn.bundle/Contents/MacOS/AppleHDAHALPlugIn
0x000000013e97d000 	/System/Library/Components/CoreAudio.component/Contents/MacOS/CoreAudio
0x000000000141d000 	/System/Library/PrivateFrameworks/AppleGVA.framework/Versions/A/AppleGVA
0x000000013ebf4000 	/System/Library/Extensions/AppleIntelHD5000GraphicsVADriver.bundle/Contents/MacOS/AppleIntelHD5000GraphicsVADriver
0x000000013ee60000 	/System/Library/Extensions/GeForceVADriver.bundle/Contents/MacOS/GeForceVADriver
0x000000013ef28000 	/System/Library/Extensions/AppleIntelHSWVA.bundle/Contents/MacOS/AppleIntelHSWVA
0x000000013fb21000 	/System/Library/Components/AudioCodecs.component/Contents/MacOS/AudioCodecs
0x0000000147d86000 	/Library/Java/JavaVirtualMachines/jdk1.8.0_66.jdk/Contents/Home/jre/lib/libawt.dylib
0x0000000147e2e000 	/Library/Java/JavaVirtualMachines/jdk1.8.0_66.jdk/Contents/Home/jre/lib/./libmlib_image.dylib
0x0000000147efa000 	/Library/Java/JavaVirtualMachines/jdk1.8.0_66.jdk/Contents/Home/jre/lib/libawt_lwawt.dylib
0x00000001363a5000 	/Library/Java/JavaVirtualMachines/jdk1.8.0_66.jdk/Contents/Home/jre/lib/./libosxapp.dylib
0x000000000141d000 	/System/Library/Frameworks/ExceptionHandling.framework/Versions/A/ExceptionHandling
0x000000000141d000 	/System/Library/PrivateFrameworks/RTCReporting.framework/Versions/A/RTCReporting

VM Arguments:
jvm_args: -Xdebug -Xrunjdwp:transport=dt_socket,address=localhost:52516 -Dfile.encoding=UTF-8 
java_command: /Users/skytree/NetBeansProjects/SkyBooks/dist/run1471288034/SkyBooks.jar
java_class_path (initial): /Users/skytree/NetBeansProjects/SkyBooks/dist/run1471288034/SkyBooks.jar
Launcher Type: SUN_STANDARD

Environment Variables:
PATH=/usr/bin:/bin:/usr/sbin:/sbin
LD_LIBRARY_PATH=/Library/Java/JavaVirtualMachines/jdk1.8.0_66.jdk/Contents/Home/jre/lib/amd64:/Library/Java/JavaVirtualMachines/jdk1.8.0_66.jdk/Contents/Home/jre/lib/i386:
SHELL=/bin/bash
DISPLAY=/private/tmp/com.apple.launchd.zJ0hf3EXyg/org.macosforge.xquartz:0

Signal Handlers:
SIGSEGV: [libjvm.dylib+0x5a65d5], sa_mask[0]=11111111011111110111111111111111, sa_flags=SA_ONSTACK|SA_RESTART|SA_SIGINFO
SIGBUS: [libjvm.dylib+0x5a65d5], sa_mask[0]=11111111011111110111111111111111, sa_flags=SA_RESTART|SA_SIGINFO
SIGFPE: [libjvm.dylib+0x4802e8], sa_mask[0]=11111111011111110111111111111111, sa_flags=SA_RESTART|SA_SIGINFO
SIGPIPE: [libjvm.dylib+0x4802e8], sa_mask[0]=11111111011111110111111111111111, sa_flags=SA_RESTART|SA_SIGINFO
SIGXFSZ: [libjvm.dylib+0x4802e8], sa_mask[0]=11111111011111110111111111111111, sa_flags=SA_RESTART|SA_SIGINFO
SIGILL: [libjvm.dylib+0x4802e8], sa_mask[0]=11111111011111110111111111111111, sa_flags=SA_RESTART|SA_SIGINFO
SIGUSR1: SIG_DFL, sa_mask[0]=00000000000000000000000000000000, sa_flags=none
SIGUSR2: [libjvm.dylib+0x47fe06], sa_mask[0]=00100000000000000000000000000000, sa_flags=SA_RESTART|SA_SIGINFO
SIGHUP: [AudioToolbox+0xedc42], sa_mask[0]=00000000000000000000000000000000, sa_flags=SA_RESTART
SIGINT: SIG_IGN, sa_mask[0]=00000000000000000000000000000000, sa_flags=none
SIGTERM: [libjvm.dylib+0x47e3dd], sa_mask[0]=11111111011111110111111111111111, sa_flags=SA_RESTART|SA_SIGINFO
SIGQUIT: [libjvm.dylib+0x47e3dd], sa_mask[0]=11111111011111110111111111111111, sa_flags=SA_RESTART|SA_SIGINFO


---------------  S Y S T E M  ---------------

OS:Bsduname:Darwin 15.3.0 Darwin Kernel Version 15.3.0: Thu Dec 10 18:40:58 PST 2015; root:xnu-3248.30.4~1/RELEASE_X86_64 x86_64
rlimit: STACK 8192k, CORE 0k, NPROC 709, NOFILE 10240, AS infinity
load average:5.70 2.73 1.85

CPU:total 8 (4 cores per cpu, 2 threads per core) family 6 model 70 stepping 1, cmov, cx8, fxsr, mmx, sse, sse2, sse3, ssse3, sse4.1, sse4.2, popcnt, avx, avx2, aes, clmul, erms, rtm, lzcnt, ht, tsc, tscinvbit, bmi1, bmi2

Memory: 4k page, physical 16777216k(21400k free)

/proc/meminfo:


vm_info: Java HotSpot(TM) 64-Bit Server VM (25.66-b17) for bsd-amd64 JRE (1.8.0_66-b17), built on Oct  6 2015 16:09:13 by "java_re" with gcc 4.2.1 (Based on Apple Inc. build 5658) (LLVM build 2336.11.00)

time: Thu Feb 18 10:11:24 2016
elapsed time: 56 seconds (0d 0h 0m 56s)

