#
# A fatal error has been detected by the Java Runtime Environment:
#
#  SIGSEGV (0xb) at pc=0x00000001331e8e48, pid=15019, tid=2571
#
# JRE version: Java(TM) SE Runtime Environment (8.0_66-b17) (build 1.8.0_66-b17)
# Java VM: Java HotSpot(TM) 64-Bit Server VM (25.66-b17 mixed mode bsd-amd64 compressed oops)
# Problematic frame:
# C  [libjfxwebkit.dylib+0x92ae48]  WebCore::DocumentLoader::responseReceived(WebCore::CachedResource*, WebCore::ResourceResponse const&)+0x6b8
#
# Failed to write core dump. Core dumps have been disabled. To enable core dumping, try "ulimit -c unlimited" before starting Java again
#
# If you would like to submit a bug report, please visit:
#   http://bugreport.java.com/bugreport/crash.jsp
# The crash happened outside the Java Virtual Machine in native code.
# See problematic frame for where to report the bug.
#

---------------  T H R E A D  ---------------

Current thread (0x00007fedf21c1000):  JavaThread "JavaFX Application Thread" [_thread_in_native, id=2571, stack(0x00007fff50549000,0x00007fff50d49000)]

siginfo: si_signo: 11 (SIGSEGV), si_code: 1 (SEGV_MAPERR), si_addr: 0x0000000000000038

Registers:
RAX=0x0000000000000000, RBX=0x00007fedf7a64460, RCX=0x0000000000000000, RDX=0x000000000000000c
RSP=0x00007fff50d434d0, RBP=0x00007fff50d43610, RSI=0x00007fedf7a64450, RDI=0x0000000000000000
R8 =0x000000000000f009, R9 =0x0000000000000000, R10=0x0000000000000000, R11=0x0000000000000000
R12=0x00007fedf7a64360, R13=0x00007fedf2c4aa00, R14=0x00007fedf2c4ad68, R15=0x00007fff7f78e070
RIP=0x00000001331e8e48, EFLAGS=0x0000000000010246, ERR=0x0000000000000004
  TRAPNO=0x000000000000000e

Top of Stack: (sp=0x00007fff50d434d0)
0x00007fff50d434d0:   00007fedf7a5e918 00007fedf2c4aa00
0x00007fff50d434e0:   00007fedf2c4acb0 00007fedf17ea650
0x00007fff50d434f0:   00007fedf7a5e8b8 00007fed0000000f
0x00007fff50d43500:   00007fff50d43580 000000010eed9600
0x00007fff50d43510:   0000000000001006 0000000000000010
0x00007fff50d43520:   00000001112322e0 00000000f7a64010
0x00007fff50d43530:   0000000000000001 00007fedf7a64020
0x00007fff50d43540:   ff80000000001006 00007fedf7a6ffff
0x00007fff50d43550:   00007fff50d43560 0000000000000000
0x00007fff50d43560:   00007fff50d438d8 00000000000000c8
0x00007fff50d43570:   000000010eed2000 0000000000000010
0x00007fff50d43580:   00007fff50d435b0 00007fff93a485b1
0x00007fff50d43590:   000000010ef02000 0000000000000010
0x00007fff50d435a0:   00007fff50d43638 00007fedf7a5ec20
0x00007fff50d435b0:   00007fff50d435d0 00007fff93a470dc
0x00007fff50d435c0:   0000000000000010 00007fedf7a5e7b8
0x00007fff50d435d0:   00007fff50d435e0 00007fedf17ea500
0x00007fff50d435e0:   f70059a4ded65ee3 00007fedf2c4aa00
0x00007fff50d435f0:   0000000000000001 00007fedf7a5e7b8
0x00007fff50d43600:   00007fedf17ea5b0 0000000000000002
0x00007fff50d43610:   00007fff50d43690 00000001331d4ff0
0x00007fff50d43620:   0000000000000000 00007fedf7a5e8b8
0x00007fff50d43630:   00007fedf7a5e7b0 00007fedf7a5e7b8
0x00007fff50d43640:   00007fedf17ea5b0 0000000200000002
0x00007fff50d43650:   0000000000000001 00007fedf7a5e7b0
0x00007fff50d43660:   00007fedf2c4aa00 00007fff50d43700
0x00007fff50d43670:   00007fff50d438d8 00000000000000c8
0x00007fff50d43680:   00007fff50d43700 00007fedf7a5ec20
0x00007fff50d43690:   00007fff50d436d0 0000000133223b7a
0x00007fff50d436a0:   0000000133223ad0 00007fedf21c11f8
0x00007fff50d436b0:   00007fff50d438d8 00000000000000c8
0x00007fff50d436c0:   00007fff50d43700 0000000000000000 

Instructions: (pc=0x00000001331e8e48)
0x00000001331e8e28:   00 00 01 49 83 bd 68 01 00 00 00 74 0f 31 f6 4c
0x00000001331e8e38:   89 ef e8 91 06 00 00 e9 50 01 00 00 49 8b 45 10
0x00000001331e8e48:   48 8b 48 38 f6 81 f9 00 00 00 04 74 3d 4c 89 f7
0x00000001331e8e58:   e8 73 0e 18 00 48 8b 38 48 8d 35 70 ce c8 00 e8 

Register to memory mapping:

RAX=0x0000000000000000 is an unknown value
RBX=0x00007fedf7a64460 is an unknown value
RCX=0x0000000000000000 is an unknown value
RDX=0x000000000000000c is an unknown value
RSP=0x00007fff50d434d0 is pointing into the stack for thread: 0x00007fedf21c1000
RBP=0x00007fff50d43610 is pointing into the stack for thread: 0x00007fedf21c1000
RSI=0x00007fedf7a64450 is an unknown value
RDI=0x0000000000000000 is an unknown value
R8 =0x000000000000f009 is an unknown value
R9 =0x0000000000000000 is an unknown value
R10=0x0000000000000000 is an unknown value
R11=0x0000000000000000 is an unknown value
R12=0x00007fedf7a64360 is an unknown value
R13=0x00007fedf2c4aa00 is an unknown value
R14=0x00007fedf2c4ad68 is an unknown value
R15=0x00007fff7f78e070: __stack_chk_guard+0 in /usr/lib/system/libsystem_c.dylib at 0x00007fff9f279000


Stack: [0x00007fff50549000,0x00007fff50d49000],  sp=0x00007fff50d434d0,  free space=8169k
Native frames: (J=compiled Java code, j=interpreted, Vv=VM code, C=native code)
C  [libjfxwebkit.dylib+0x92ae48]  WebCore::DocumentLoader::responseReceived(WebCore::CachedResource*, WebCore::ResourceResponse const&)+0x6b8
C  [libjfxwebkit.dylib+0x916ff0]  WebCore::CachedRawResource::responseReceived(WebCore::ResourceResponse const&)+0xe0
C  [libjfxwebkit.dylib+0x965b7a]  WebCore::SubresourceLoader::didReceiveResponse(WebCore::ResourceResponse const&)+0xaa
C  [libjfxwebkit.dylib+0xab2dc6]  Java_com_sun_webkit_network_URLLoader_twkDidReceiveResponse+0x76
j  com.sun.webkit.network.URLLoader.twkDidReceiveResponse(ILjava/lang/String;Ljava/lang/String;JLjava/lang/String;Ljava/lang/String;J)V+0
j  com.sun.webkit.network.URLLoader.notifyDidReceiveResponse(ILjava/lang/String;Ljava/lang/String;JLjava/lang/String;Ljava/lang/String;)V+91
j  com.sun.webkit.network.URLLoader.lambda$didReceiveResponse$94(ILjava/lang/String;Ljava/lang/String;JLjava/lang/String;Ljava/lang/String;)V+17
j  com.sun.webkit.network.URLLoader$$Lambda$205.run()V+28
j  com.sun.javafx.application.PlatformImpl.lambda$null$173(Ljava/lang/Runnable;)Ljava/lang/Void;+1
j  com.sun.javafx.application.PlatformImpl$$Lambda$49.run()Ljava/lang/Object;+4
v  ~StubRoutines::call_stub
V  [libjvm.dylib+0x2ea35e]  JavaCalls::call_helper(JavaValue*, methodHandle*, JavaCallArguments*, Thread*)+0x6ae
V  [libjvm.dylib+0x34a888]  JVM_DoPrivileged+0x4b8
j  java.security.AccessController.doPrivileged(Ljava/security/PrivilegedAction;Ljava/security/AccessControlContext;)Ljava/lang/Object;+0
j  com.sun.javafx.application.PlatformImpl.lambda$runLater$174(Ljava/lang/Runnable;Ljava/security/AccessControlContext;)V+7
j  com.sun.javafx.application.PlatformImpl$$Lambda$48.run()V+8
j  com.sun.glass.ui.InvokeLaterDispatcher$Future.run()V+4
v  ~StubRoutines::call_stub
V  [libjvm.dylib+0x2ea35e]  JavaCalls::call_helper(JavaValue*, methodHandle*, JavaCallArguments*, Thread*)+0x6ae
V  [libjvm.dylib+0x321467]  jni_invoke_nonstatic(JNIEnv_*, JavaValue*, _jobject*, JNICallType, _jmethodID*, JNI_ArgumentPusher*, Thread*)+0x2ec
V  [libjvm.dylib+0x313c3b]  jni_CallVoidMethod+0x16b
C  [libglass.dylib+0x463b]  -[GlassRunnable run]+0x6b
C  [Foundation+0x8dd4b]  __NSThreadPerformPerform+0x117
C  [CoreFoundation+0x7e5c1]  __CFRUNLOOP_IS_CALLING_OUT_TO_A_SOURCE0_PERFORM_FUNCTION__+0x11
C  [CoreFoundation+0x70397]  __CFRunLoopDoSources0+0x1a7
C  [CoreFoundation+0x6f93f]  __CFRunLoopRun+0x39f
C  [CoreFoundation+0x6f338]  CFRunLoopRunSpecific+0x128
C  [HIToolbox+0x30935]  RunCurrentEventLoopInMode+0xeb
C  [HIToolbox+0x30677]  ReceiveNextEventCommon+0xb8
C  [HIToolbox+0x305af]  _BlockUntilNextEventMatchingListInModeWithFilter+0x47
C  [AppKit+0x8a0ee]  _DPSNextEvent+0x42b
C  [AppKit+0x456943]  -[NSApplication _nextEventMatchingEventMask:untilDate:inMode:dequeue:]+0x1c6
C  [AppKit+0x7ffc8]  -[NSApplication run]+0x2aa
C  [libglass.dylib+0x65ec]  -[GlassApplication runLoop:]+0x72c
C  [Foundation+0x8dd4b]  __NSThreadPerformPerform+0x117
C  [CoreFoundation+0x7e5c1]  __CFRUNLOOP_IS_CALLING_OUT_TO_A_SOURCE0_PERFORM_FUNCTION__+0x11
C  [CoreFoundation+0x7041c]  __CFRunLoopDoSources0+0x22c
C  [CoreFoundation+0x6f93f]  __CFRunLoopRun+0x39f
C  [CoreFoundation+0x6f338]  CFRunLoopRunSpecific+0x128
C  [java+0x6463]  CreateExecutionEnvironment+0x367
C  [java+0x21ac]  JLI_Launch+0x7a0
C  [java+0x84c0]  main+0x65
C  [java+0x1a04]  start+0x34
C  0x0000000000000008

Java frames: (J=compiled Java code, j=interpreted, Vv=VM code)
j  com.sun.webkit.network.URLLoader.twkDidReceiveResponse(ILjava/lang/String;Ljava/lang/String;JLjava/lang/String;Ljava/lang/String;J)V+0
j  com.sun.webkit.network.URLLoader.notifyDidReceiveResponse(ILjava/lang/String;Ljava/lang/String;JLjava/lang/String;Ljava/lang/String;)V+91
j  com.sun.webkit.network.URLLoader.lambda$didReceiveResponse$94(ILjava/lang/String;Ljava/lang/String;JLjava/lang/String;Ljava/lang/String;)V+17
j  com.sun.webkit.network.URLLoader$$Lambda$205.run()V+28
j  com.sun.javafx.application.PlatformImpl.lambda$null$173(Ljava/lang/Runnable;)Ljava/lang/Void;+1
j  com.sun.javafx.application.PlatformImpl$$Lambda$49.run()Ljava/lang/Object;+4
v  ~StubRoutines::call_stub
j  java.security.AccessController.doPrivileged(Ljava/security/PrivilegedAction;Ljava/security/AccessControlContext;)Ljava/lang/Object;+0
j  com.sun.javafx.application.PlatformImpl.lambda$runLater$174(Ljava/lang/Runnable;Ljava/security/AccessControlContext;)V+7
j  com.sun.javafx.application.PlatformImpl$$Lambda$48.run()V+8
j  com.sun.glass.ui.InvokeLaterDispatcher$Future.run()V+4
v  ~StubRoutines::call_stub

---------------  P R O C E S S  ---------------

Java Threads: ( => current thread )
  0x00007fedf1b06800 JavaThread "Keep-Alive-Timer" daemon [_thread_blocked, id=70423, stack(0x000070000269b000,0x000070000279b000)]
  0x00007fedf22e9000 JavaThread "URL-Loader-1" daemon [_thread_blocked, id=68371, stack(0x0000700002598000,0x0000700002698000)]
  0x00007fedf230c800 JavaThread "Timer-0" [_thread_blocked, id=67879, stack(0x0000700002495000,0x0000700002595000)]
  0x00007fedf2c1f800 JavaThread "Thread-6" daemon [_thread_in_native, id=66583, stack(0x0000700002392000,0x0000700002492000)]
  0x00007fedf2b28000 JavaThread "FX Access Thread (Visual Debugger)" daemon [_thread_blocked, id=60943, stack(0x0000700002189000,0x0000700002289000)]
  0x00007fedf1a8e800 JavaThread "Prism Font Disposer" daemon [_thread_blocked, id=58375, stack(0x0000700001e7a000,0x0000700001f7a000)]
  0x00007fedf380c000 JavaThread "Disposer" daemon [_thread_blocked, id=55299, stack(0x0000700001d77000,0x0000700001e77000)]
  0x00007fedf4802800 JavaThread "Thread-4" daemon [_thread_in_native, id=42499, stack(0x0000700001aeb000,0x0000700001b6b000)]
  0x00007fedf2001000 JavaThread "JavaFX-Launcher" [_thread_blocked, id=54531, stack(0x0000700001bf1000,0x0000700001cf1000)]
=>0x00007fedf21c1000 JavaThread "JavaFX Application Thread" [_thread_in_native, id=2571, stack(0x00007fff50549000,0x00007fff50d49000)]
  0x00007fedf1935000 JavaThread "Thread-1" daemon [_thread_blocked, id=29451, stack(0x0000700001965000,0x0000700001a65000)]
  0x00007fedf21ca800 JavaThread "QuantumRenderer-0" daemon [_thread_blocked, id=23811, stack(0x0000700001862000,0x0000700001962000)]
  0x00007fedf2011800 JavaThread "Service Thread" daemon [_thread_blocked, id=22787, stack(0x000070000165c000,0x000070000175c000)]
  0x00007fedf200e800 JavaThread "C1 CompilerThread3" daemon [_thread_blocked, id=22275, stack(0x0000700001559000,0x0000700001659000)]
  0x00007fedf2814800 JavaThread "C2 CompilerThread2" daemon [_thread_blocked, id=21763, stack(0x0000700001456000,0x0000700001556000)]
  0x00007fedf186c000 JavaThread "C2 CompilerThread1" daemon [_thread_blocked, id=21251, stack(0x0000700001353000,0x0000700001453000)]
  0x00007fedf186b800 JavaThread "C2 CompilerThread0" daemon [_thread_blocked, id=20739, stack(0x0000700001250000,0x0000700001350000)]
  0x00007fedf1838800 JavaThread "JDWP Command Reader" daemon [_thread_in_native, id=20227, stack(0x000070000114d000,0x000070000124d000)]
  0x00007fedf200d800 JavaThread "JDWP Event Helper Thread" daemon [_thread_blocked, id=19715, stack(0x000070000104a000,0x000070000114a000)]
  0x00007fedf2004800 JavaThread "JDWP Transport Listener: dt_socket" daemon [_thread_blocked, id=19203, stack(0x0000700000f47000,0x0000700001047000)]
  0x00007fedf1833000 JavaThread "Signal Dispatcher" daemon [_thread_blocked, id=15887, stack(0x0000700000e44000,0x0000700000f44000)]
  0x00007fedf1860800 JavaThread "Finalizer" daemon [_thread_blocked, id=14339, stack(0x0000700000c3b000,0x0000700000d3b000)]
  0x00007fedf185f800 JavaThread "Reference Handler" daemon [_thread_blocked, id=13827, stack(0x0000700000b38000,0x0000700000c38000)]
  0x00007fedf1821800 JavaThread "main" [_thread_blocked, id=5891, stack(0x000070000011a000,0x000070000021a000)]

Other Threads:
  0x00007fedf185d000 VMThread [stack: 0x0000700000a35000,0x0000700000b35000] [id=13315]
  0x00007fedf280c800 WatcherThread [stack: 0x000070000175f000,0x000070000185f000] [id=23299]

VM state:not at safepoint (normal execution)

VM Mutex/Monitor currently owned by a thread: None

Heap:
 PSYoungGen      total 76288K, used 61622K [0x000000076ab00000, 0x0000000770000000, 0x00000007c0000000)
  eden space 65536K, 94% used [0x000000076ab00000,0x000000076e72da68,0x000000076eb00000)
  from space 10752K, 0% used [0x000000076f580000,0x000000076f580000,0x0000000770000000)
  to   space 10752K, 0% used [0x000000076eb00000,0x000000076eb00000,0x000000076f580000)
 ParOldGen       total 175104K, used 0K [0x00000006c0000000, 0x00000006cab00000, 0x000000076ab00000)
  object space 175104K, 0% used [0x00000006c0000000,0x00000006c0000000,0x00000006cab00000)
 Metaspace       used 18152K, capacity 18820K, committed 19072K, reserved 1064960K
  class space    used 2489K, capacity 2677K, committed 2688K, reserved 1048576K

Card table byte_map: [0x0000000120591000,0x0000000120d92000] byte_map_base: 0x000000011cf91000

Marking Bits: (ParMarkBitMap*) 0x0000000110adde20
 Begin Bits: [0x00000001212e8000, 0x00000001252e8000)
 End Bits:   [0x00000001252e8000, 0x00000001292e8000)

Polling page: 0x000000010f1d3000

CodeCache: size=245760Kb used=4611Kb max_used=4641Kb free=241148Kb
 bounds [0x00000001111d1000, 0x0000000111661000, 0x00000001201d1000]
 total_blobs=1923 nmethods=1250 adapters=594
 compilation: enabled

Compilation events (10 events):
Event: 4.758 Thread 0x00007fedf200e800 1340       3       com.sun.org.apache.xerces.internal.dom.DeferredDocumentImpl::getNodeExtra (7 bytes)
Event: 4.759 Thread 0x00007fedf2814800 1342  s    4       java.lang.StringBuffer::append (13 bytes)
Event: 4.759 Thread 0x00007fedf200e800 nmethod 1340 0x0000000111424b10 code [0x0000000111424c80, 0x0000000111424e28]
Event: 4.759 Thread 0x00007fedf200e800 1341       3       com.sun.org.apache.xerces.internal.dom.DeferredDocumentImpl::getNodeExtra (49 bytes)
Event: 4.759 Thread 0x00007fedf200e800 nmethod 1341 0x0000000111414c50 code [0x0000000111414de0, 0x0000000111415148]
Event: 4.759 Thread 0x00007fedf200e800 1343       3       com.sun.org.apache.xerces.internal.dom.ParentNode::hasChildNodes (24 bytes)
Event: 4.759 Thread 0x00007fedf200e800 nmethod 1343 0x0000000111413e10 code [0x0000000111413fa0, 0x0000000111414388]
Event: 4.759 Thread 0x00007fedf200e800 1344   !   3       java.net.URLDecoder::decode (321 bytes)
Event: 4.761 Thread 0x00007fedf200e800 nmethod 1344 0x000000011134f690 code [0x000000011134fac0, 0x00000001113529d8]
Event: 4.761 Thread 0x00007fedf200e800 1345       3       java.io.File::<init> (47 bytes)

GC Heap History (0 events):
No events

Deoptimization events (10 events):
Event: 0.929 Thread 0x00007fedf21c1000 Uncommon trap: reason=unstable_if action=reinterpret pc=0x000000011154e304 method=javafx.beans.property.ObjectPropertyBase.get()Ljava/lang/Object; @ 9
Event: 1.073 Thread 0x00007fedf21c1000 Uncommon trap: reason=unstable_if action=reinterpret pc=0x00000001113f14e0 method=java.lang.CharacterData.of(I)Ljava/lang/CharacterData; @ 4
Event: 1.094 Thread 0x00007fedf21c1000 Uncommon trap: reason=null_check action=make_not_entrant pc=0x0000000111537738 method=javafx.scene.Node.getParent()Ljavafx/scene/Parent; @ 18
Event: 1.097 Thread 0x00007fedf21c1000 Uncommon trap: reason=array_check action=maybe_recompile pc=0x00000001115b94ac method=com.sun.javafx.css.SimpleSelector.applies(Ljavafx/css/Styleable;[Ljava/util/Set;I)Z @ 37
Event: 1.270 Thread 0x00007fedf21c1000 Uncommon trap: reason=unstable_if action=reinterpret pc=0x00000001115181c8 method=jdk.internal.org.objectweb.asm.Type.getArgumentsAndReturnSizes(Ljava/lang/String;)I @ 47
Event: 1.355 Thread 0x00007fedf21c1000 Uncommon trap: reason=unstable_if action=reinterpret pc=0x000000011135fbf8 method=java.lang.CharacterDataLatin1.toUpperCase(I)I @ 12
Event: 1.355 Thread 0x00007fedf21c1000 Uncommon trap: reason=unstable_if action=reinterpret pc=0x00000001114eb820 method=java.lang.CharacterDataLatin1.toUpperCase(I)I @ 12
Event: 1.356 Thread 0x00007fedf1aef000 Uncommon trap: reason=unstable_if action=reinterpret pc=0x0000000111545de4 method=java.lang.String.trim()Ljava/lang/String; @ 23
Event: 1.414 Thread 0x00007fedf21c1000 Uncommon trap: reason=unstable_if action=reinterpret pc=0x000000011147994c method=java.lang.AbstractStringBuilder.append(Ljava/lang/String;)Ljava/lang/AbstractStringBuilder; @ 1
Event: 4.380 Thread 0x00007fedf21c1000 Uncommon trap: reason=unstable_if action=reinterpret pc=0x00000001113eac34 method=java.lang.AbstractStringBuilder.append(Ljava/lang/String;)Ljava/lang/AbstractStringBuilder; @ 1

Internal exceptions (10 events):
Event: 0.153 Thread 0x00007fedf1821800 Exception <a 'java/lang/NullPointerException'> (0x000000076b145f40) thrown at [/HUDSON3/workspace/8-2-build-macosx-x86_64/jdk8u66/4988/hotspot/src/share/vm/interpreter/linkResolver.cpp, line 1178]
Event: 0.425 Thread 0x00007fedf21c1000 Exception <a 'java/lang/NullPointerException'> (0x000000076bd3b210) thrown at [/HUDSON3/workspace/8-2-build-macosx-x86_64/jdk8u66/4988/hotspot/src/share/vm/interpreter/linkResolver.cpp, line 1178]
Event: 0.425 Thread 0x00007fedf21c1000 Exception <a 'java/lang/NullPointerException'> (0x000000076bd3b210) thrown at [/HUDSON3/workspace/8-2-build-macosx-x86_64/jdk8u66/4988/hotspot/src/share/vm/prims/jvm.cpp, line 1390]
Event: 0.514 Thread 0x00007fedf21c1000 Exception <a 'java/io/FileNotFoundException'> (0x000000076c151cb8) thrown at [/HUDSON3/workspace/8-2-build-macosx-x86_64/jdk8u66/4988/hotspot/src/share/vm/prims/jni.cpp, line 709]
Event: 0.691 Thread 0x00007fedf21c1000 Implicit null exception at 0x000000011143dfb4 to 0x000000011143e241
Event: 1.094 Thread 0x00007fedf21c1000 Implicit null exception at 0x00000001115376ac to 0x0000000111537729
Event: 1.405 Thread 0x00007fedf21c1000 Exception <a 'sun/nio/fs/UnixException'> (0x000000076dc46df0) thrown at [/HUDSON3/workspace/8-2-build-macosx-x86_64/jdk8u66/4988/hotspot/src/share/vm/prims/jni.cpp, line 709]
Event: 1.406 Thread 0x00007fedf21c1000 Exception <a 'sun/nio/fs/UnixException'> (0x000000076dc48bb0) thrown at [/HUDSON3/workspace/8-2-build-macosx-x86_64/jdk8u66/4988/hotspot/src/share/vm/prims/jni.cpp, line 709]
Event: 1.414 Thread 0x00007fedf21c1000 Implicit null exception at 0x0000000111479476 to 0x0000000111479931
Event: 4.380 Thread 0x00007fedf21c1000 Implicit null exception at 0x00000001113ea7b6 to 0x00000001113eac1d

Events (10 events):
Event: 4.758 Thread 0x00007fedf21c1000 DEOPT PACKING pc=0x00000001113d79b1 sp=0x00007fff50d425d0
Event: 4.758 Thread 0x00007fedf21c1000 DEOPT UNPACKING pc=0x0000000111218633 sp=0x00007fff50d42340 mode 1
Event: 4.758 Executing VM operation: RevokeBias
Event: 4.758 Executing VM operation: RevokeBias done
Event: 4.758 Thread 0x00007fedf21c1000 DEOPT PACKING pc=0x000000011136bf94 sp=0x00007fff50d42650
Event: 4.758 Thread 0x00007fedf21c1000 DEOPT UNPACKING pc=0x0000000111218633 sp=0x00007fff50d42490 mode 1
Event: 4.758 Executing VM operation: RevokeBias
Event: 4.758 Executing VM operation: RevokeBias done
Event: 4.758 Thread 0x00007fedf21c1000 DEOPT PACKING pc=0x000000011136bd34 sp=0x00007fff50d427e0
Event: 4.758 Thread 0x00007fedf21c1000 DEOPT UNPACKING pc=0x0000000111218633 sp=0x00007fff50d42620 mode 1


Dynamic libraries:
0x000000000b8a2000 	/System/Library/Frameworks/Cocoa.framework/Versions/A/Cocoa
0x000000000b8a2000 	/System/Library/Frameworks/Security.framework/Versions/A/Security
0x000000000b8a2000 	/System/Library/Frameworks/ApplicationServices.framework/Versions/A/ApplicationServices
0x000000000b8a2000 	/usr/lib/libz.1.dylib
0x000000000b8a2000 	/usr/lib/libSystem.B.dylib
0x000000000b8a2000 	/usr/lib/libobjc.A.dylib
0x000000000b8a2000 	/System/Library/Frameworks/CoreFoundation.framework/Versions/A/CoreFoundation
0x000000000b8a2000 	/System/Library/Frameworks/Foundation.framework/Versions/C/Foundation
0x000000000b8a2000 	/System/Library/Frameworks/AppKit.framework/Versions/C/AppKit
0x000000000b8a2000 	/System/Library/Frameworks/CoreData.framework/Versions/A/CoreData
0x000000000b8a2000 	/System/Library/PrivateFrameworks/RemoteViewServices.framework/Versions/A/RemoteViewServices
0x000000000b8a2000 	/System/Library/PrivateFrameworks/UIFoundation.framework/Versions/A/UIFoundation
0x000000000b8a2000 	/usr/lib/libScreenReader.dylib
0x000000000b8a2000 	/System/Library/Frameworks/Accelerate.framework/Versions/A/Accelerate
0x000000000b8a2000 	/System/Library/Frameworks/IOSurface.framework/Versions/A/IOSurface
0x000000000b8a2000 	/System/Library/Frameworks/AudioToolbox.framework/Versions/A/AudioToolbox
0x000000000b8a2000 	/System/Library/Frameworks/AudioUnit.framework/Versions/A/AudioUnit
0x000000000b8a2000 	/System/Library/PrivateFrameworks/DataDetectorsCore.framework/Versions/A/DataDetectorsCore
0x000000000b8a2000 	/System/Library/PrivateFrameworks/DesktopServicesPriv.framework/Versions/A/DesktopServicesPriv
0x000000000b8a2000 	/System/Library/Frameworks/Carbon.framework/Versions/A/Frameworks/HIToolbox.framework/Versions/A/HIToolbox
0x000000000b8a2000 	/System/Library/Frameworks/QuartzCore.framework/Versions/A/QuartzCore
0x000000000b8a2000 	/System/Library/Frameworks/Carbon.framework/Versions/A/Frameworks/SpeechRecognition.framework/Versions/A/SpeechRecognition
0x000000000b8a2000 	/usr/lib/libauto.dylib
0x000000000b8a2000 	/usr/lib/libicucore.A.dylib
0x000000000b8a2000 	/usr/lib/libxml2.2.dylib
0x000000000b8a2000 	/System/Library/PrivateFrameworks/CoreUI.framework/Versions/A/CoreUI
0x000000000b8a2000 	/System/Library/Frameworks/CoreAudio.framework/Versions/A/CoreAudio
0x000000000b8a2000 	/System/Library/Frameworks/DiskArbitration.framework/Versions/A/DiskArbitration
0x000000000b8a2000 	/usr/lib/liblangid.dylib
0x000000000b8a2000 	/System/Library/PrivateFrameworks/MultitouchSupport.framework/Versions/A/MultitouchSupport
0x000000000b8a2000 	/System/Library/Frameworks/IOKit.framework/Versions/A/IOKit
0x000000000b8a2000 	/usr/lib/libDiagnosticMessagesClient.dylib
0x000000000b8a2000 	/System/Library/Frameworks/CoreServices.framework/Versions/A/CoreServices
0x000000000b8a2000 	/System/Library/PrivateFrameworks/PerformanceAnalysis.framework/Versions/A/PerformanceAnalysis
0x000000000b8a2000 	/System/Library/PrivateFrameworks/GenerationalStorage.framework/Versions/A/GenerationalStorage
0x000000000b8a2000 	/System/Library/Frameworks/OpenGL.framework/Versions/A/OpenGL
0x000000000b8a2000 	/System/Library/PrivateFrameworks/Sharing.framework/Versions/A/Sharing
0x000000000b8a2000 	/System/Library/Frameworks/CoreGraphics.framework/Versions/A/CoreGraphics
0x000000000b8a2000 	/System/Library/Frameworks/CoreImage.framework/Versions/A/CoreImage
0x000000000b8a2000 	/System/Library/Frameworks/CoreText.framework/Versions/A/CoreText
0x000000000b8a2000 	/System/Library/Frameworks/ImageIO.framework/Versions/A/ImageIO
0x000000000b8a2000 	/System/Library/PrivateFrameworks/Backup.framework/Versions/A/Backup
0x000000000b8a2000 	/usr/lib/libextension.dylib
0x000000000b8a2000 	/usr/lib/libarchive.2.dylib
0x000000000b8a2000 	/System/Library/Frameworks/CFNetwork.framework/Versions/A/CFNetwork
0x000000000b8a2000 	/System/Library/Frameworks/SystemConfiguration.framework/Versions/A/SystemConfiguration
0x000000000b8a2000 	/usr/lib/libCRFSuite.dylib
0x000000000b8a2000 	/usr/lib/libc++.1.dylib
0x000000000b8a2000 	/usr/lib/libc++abi.dylib
0x000000000b8a2000 	/usr/lib/system/libcache.dylib
0x000000000b8a2000 	/usr/lib/system/libcommonCrypto.dylib
0x000000000b8a2000 	/usr/lib/system/libcompiler_rt.dylib
0x000000000b8a2000 	/usr/lib/system/libcopyfile.dylib
0x000000000b8a2000 	/usr/lib/system/libcorecrypto.dylib
0x000000000b8a2000 	/usr/lib/system/libdispatch.dylib
0x000000000b8a2000 	/usr/lib/system/libdyld.dylib
0x000000000b8a2000 	/usr/lib/system/libkeymgr.dylib
0x000000000b8a2000 	/usr/lib/system/liblaunch.dylib
0x000000000b8a2000 	/usr/lib/system/libmacho.dylib
0x000000000b8a2000 	/usr/lib/system/libquarantine.dylib
0x000000000b8a2000 	/usr/lib/system/libremovefile.dylib
0x000000000b8a2000 	/usr/lib/system/libsystem_asl.dylib
0x000000000b8a2000 	/usr/lib/system/libsystem_blocks.dylib
0x000000000b8a2000 	/usr/lib/system/libsystem_c.dylib
0x000000000b8a2000 	/usr/lib/system/libsystem_configuration.dylib
0x000000000b8a2000 	/usr/lib/system/libsystem_coreservices.dylib
0x000000000b8a2000 	/usr/lib/system/libsystem_coretls.dylib
0x000000000b8a2000 	/usr/lib/system/libsystem_dnssd.dylib
0x000000000b8a2000 	/usr/lib/system/libsystem_info.dylib
0x000000000b8a2000 	/usr/lib/system/libsystem_kernel.dylib
0x000000000b8a2000 	/usr/lib/system/libsystem_m.dylib
0x000000000b8a2000 	/usr/lib/system/libsystem_malloc.dylib
0x000000000b8a2000 	/usr/lib/system/libsystem_network.dylib
0x000000000b8a2000 	/usr/lib/system/libsystem_networkextension.dylib
0x000000000b8a2000 	/usr/lib/system/libsystem_notify.dylib
0x000000000b8a2000 	/usr/lib/system/libsystem_platform.dylib
0x000000000b8a2000 	/usr/lib/system/libsystem_pthread.dylib
0x000000000b8a2000 	/usr/lib/system/libsystem_sandbox.dylib
0x000000000b8a2000 	/usr/lib/system/libsystem_secinit.dylib
0x000000000b8a2000 	/usr/lib/system/libsystem_trace.dylib
0x000000000b8a2000 	/usr/lib/system/libunc.dylib
0x000000000b8a2000 	/usr/lib/system/libunwind.dylib
0x000000000b8a2000 	/usr/lib/system/libxpc.dylib
0x000000000b8a2000 	/usr/lib/libenergytrace.dylib
0x000000000b8a2000 	/usr/lib/libbsm.0.dylib
0x000000000b8a2000 	/usr/lib/system/libkxld.dylib
0x000000000b8a2000 	/usr/lib/libxar.1.dylib
0x000000000b8a2000 	/usr/lib/libsqlite3.dylib
0x000000000b8a2000 	/usr/lib/libpam.2.dylib
0x000000000b8a2000 	/usr/lib/libOpenScriptingUtil.dylib
0x000000000b8a2000 	/usr/lib/libbz2.1.0.dylib
0x000000000b8a2000 	/usr/lib/liblzma.5.dylib
0x000000000b8a2000 	/System/Library/Frameworks/CoreServices.framework/Versions/A/Frameworks/FSEvents.framework/Versions/A/FSEvents
0x000000000b8a2000 	/System/Library/Frameworks/CoreServices.framework/Versions/A/Frameworks/CarbonCore.framework/Versions/A/CarbonCore
0x000000000b8a2000 	/System/Library/Frameworks/CoreServices.framework/Versions/A/Frameworks/Metadata.framework/Versions/A/Metadata
0x000000000b8a2000 	/System/Library/Frameworks/CoreServices.framework/Versions/A/Frameworks/OSServices.framework/Versions/A/OSServices
0x000000000b8a2000 	/System/Library/Frameworks/CoreServices.framework/Versions/A/Frameworks/SearchKit.framework/Versions/A/SearchKit
0x000000000b8a2000 	/System/Library/Frameworks/CoreServices.framework/Versions/A/Frameworks/AE.framework/Versions/A/AE
0x000000000b8a2000 	/System/Library/Frameworks/CoreServices.framework/Versions/A/Frameworks/LaunchServices.framework/Versions/A/LaunchServices
0x000000000b8a2000 	/System/Library/Frameworks/CoreServices.framework/Versions/A/Frameworks/DictionaryServices.framework/Versions/A/DictionaryServices
0x000000000b8a2000 	/System/Library/Frameworks/CoreServices.framework/Versions/A/Frameworks/SharedFileList.framework/Versions/A/SharedFileList
0x000000000b8a2000 	/System/Library/Frameworks/NetFS.framework/Versions/A/NetFS
0x000000000b8a2000 	/System/Library/PrivateFrameworks/NetAuth.framework/Versions/A/NetAuth
0x000000000b8a2000 	/System/Library/PrivateFrameworks/login.framework/Versions/A/Frameworks/loginsupport.framework/Versions/A/loginsupport
0x000000000b8a2000 	/System/Library/PrivateFrameworks/TCC.framework/Versions/A/TCC
0x000000000b8a2000 	/usr/lib/libmecabra.dylib
0x000000000b8a2000 	/System/Library/Frameworks/ApplicationServices.framework/Versions/A/Frameworks/ATS.framework/Versions/A/ATS
0x000000000b8a2000 	/System/Library/Frameworks/ApplicationServices.framework/Versions/A/Frameworks/ColorSync.framework/Versions/A/ColorSync
0x000000000b8a2000 	/System/Library/Frameworks/ApplicationServices.framework/Versions/A/Frameworks/HIServices.framework/Versions/A/HIServices
0x000000000b8a2000 	/System/Library/Frameworks/ApplicationServices.framework/Versions/A/Frameworks/LangAnalysis.framework/Versions/A/LangAnalysis
0x000000000b8a2000 	/System/Library/Frameworks/ApplicationServices.framework/Versions/A/Frameworks/PrintCore.framework/Versions/A/PrintCore
0x000000000b8a2000 	/System/Library/Frameworks/ApplicationServices.framework/Versions/A/Frameworks/QD.framework/Versions/A/QD
0x000000000b8a2000 	/System/Library/Frameworks/ApplicationServices.framework/Versions/A/Frameworks/SpeechSynthesis.framework/Versions/A/SpeechSynthesis
0x000000000b8a2000 	/System/Library/Frameworks/Metal.framework/Versions/A/Metal
0x000000000b8a2000 	/System/Library/Frameworks/Accelerate.framework/Versions/A/Frameworks/vImage.framework/Versions/A/vImage
0x000000000b8a2000 	/System/Library/Frameworks/Accelerate.framework/Versions/A/Frameworks/vecLib.framework/Versions/A/vecLib
0x000000000b8a2000 	/System/Library/Frameworks/Accelerate.framework/Versions/A/Frameworks/vecLib.framework/Versions/A/libvDSP.dylib
0x000000000b8a2000 	/System/Library/Frameworks/Accelerate.framework/Versions/A/Frameworks/vecLib.framework/Versions/A/libvMisc.dylib
0x000000000b8a2000 	/System/Library/Frameworks/Accelerate.framework/Versions/A/Frameworks/vecLib.framework/Versions/A/libLAPACK.dylib
0x000000000b8a2000 	/System/Library/Frameworks/Accelerate.framework/Versions/A/Frameworks/vecLib.framework/Versions/A/libBLAS.dylib
0x000000000b8a2000 	/System/Library/Frameworks/Accelerate.framework/Versions/A/Frameworks/vecLib.framework/Versions/A/libLinearAlgebra.dylib
0x000000000b8a2000 	/System/Library/Frameworks/Accelerate.framework/Versions/A/Frameworks/vecLib.framework/Versions/A/libSparseBLAS.dylib
0x000000000b8a2000 	/System/Library/PrivateFrameworks/GPUCompiler.framework/libmetal_timestamp.dylib
0x000000000b8a2000 	/System/Library/Frameworks/OpenGL.framework/Versions/A/Libraries/libCoreFSCache.dylib
0x000000000b8a2000 	/System/Library/PrivateFrameworks/IOAccelerator.framework/Versions/A/IOAccelerator
0x000000000b8a2000 	/System/Library/Frameworks/ApplicationServices.framework/Versions/A/Frameworks/ATS.framework/Versions/A/Resources/libFontParser.dylib
0x000000000b8a2000 	/System/Library/Frameworks/ApplicationServices.framework/Versions/A/Frameworks/ATS.framework/Versions/A/Resources/libFontRegistry.dylib
0x000000000b8a2000 	/System/Library/PrivateFrameworks/AppleVPA.framework/Versions/A/AppleVPA
0x000000000b8a2000 	/System/Library/PrivateFrameworks/AppleJPEG.framework/Versions/A/AppleJPEG
0x000000000b8a2000 	/System/Library/Frameworks/ImageIO.framework/Versions/A/Resources/libJPEG.dylib
0x000000000b8a2000 	/System/Library/Frameworks/ImageIO.framework/Versions/A/Resources/libTIFF.dylib
0x000000000b8a2000 	/System/Library/Frameworks/ImageIO.framework/Versions/A/Resources/libPng.dylib
0x000000000b8a2000 	/System/Library/Frameworks/ImageIO.framework/Versions/A/Resources/libGIF.dylib
0x000000000b8a2000 	/System/Library/Frameworks/ImageIO.framework/Versions/A/Resources/libJP2.dylib
0x000000000b8a2000 	/System/Library/Frameworks/ImageIO.framework/Versions/A/Resources/libRadiance.dylib
0x000000000b8a2000 	/System/Library/Frameworks/CoreVideo.framework/Versions/A/CoreVideo
0x000000000b8a2000 	/System/Library/Frameworks/OpenGL.framework/Versions/A/Libraries/libGLU.dylib
0x000000000b8a2000 	/System/Library/Frameworks/OpenGL.framework/Versions/A/Libraries/libGFXShared.dylib
0x000000000b8a2000 	/System/Library/Frameworks/OpenGL.framework/Versions/A/Libraries/libGL.dylib
0x000000000b8a2000 	/System/Library/Frameworks/OpenGL.framework/Versions/A/Libraries/libGLImage.dylib
0x000000000b8a2000 	/System/Library/Frameworks/OpenGL.framework/Versions/A/Libraries/libCVMSPluginSupport.dylib
0x000000000b8a2000 	/System/Library/Frameworks/OpenGL.framework/Versions/A/Libraries/libCoreVMClient.dylib
0x000000000b8a2000 	/usr/lib/libcups.2.dylib
0x000000000b8a2000 	/System/Library/Frameworks/Kerberos.framework/Versions/A/Kerberos
0x000000000b8a2000 	/System/Library/Frameworks/GSS.framework/Versions/A/GSS
0x000000000b8a2000 	/usr/lib/libresolv.9.dylib
0x000000000b8a2000 	/usr/lib/libiconv.2.dylib
0x000000000b8a2000 	/System/Library/PrivateFrameworks/Heimdal.framework/Versions/A/Heimdal
0x000000000b8a2000 	/usr/lib/libheimdal-asn1.dylib
0x000000000b8a2000 	/System/Library/Frameworks/OpenDirectory.framework/Versions/A/OpenDirectory
0x000000000b8a2000 	/System/Library/PrivateFrameworks/CommonAuth.framework/Versions/A/CommonAuth
0x000000000b8a2000 	/System/Library/Frameworks/OpenDirectory.framework/Versions/A/Frameworks/CFOpenDirectory.framework/Versions/A/CFOpenDirectory
0x000000000b8a2000 	/System/Library/Frameworks/SecurityFoundation.framework/Versions/A/SecurityFoundation
0x000000000b8a2000 	/System/Library/PrivateFrameworks/LanguageModeling.framework/Versions/A/LanguageModeling
0x000000000b8a2000 	/usr/lib/libmarisa.dylib
0x000000000b8a2000 	/usr/lib/libChineseTokenizer.dylib
0x000000000b8a2000 	/usr/lib/libcmph.dylib
0x000000000b8a2000 	/usr/lib/libcompression.dylib
0x000000000b8a2000 	/System/Library/Frameworks/ServiceManagement.framework/Versions/A/ServiceManagement
0x000000000b8a2000 	/usr/lib/libxslt.1.dylib
0x000000000b8a2000 	/System/Library/Frameworks/Carbon.framework/Versions/A/Frameworks/Ink.framework/Versions/A/Ink
0x000000000b8a2000 	/usr/lib/libFosl_dynamic.dylib
0x000000000b8a2000 	/System/Library/PrivateFrameworks/FaceCore.framework/Versions/A/FaceCore
0x000000000b8a2000 	/System/Library/Frameworks/OpenCL.framework/Versions/A/OpenCL
0x000000000b8a2000 	/System/Library/PrivateFrameworks/CrashReporterSupport.framework/Versions/A/CrashReporterSupport
0x000000000b8a2000 	/System/Library/PrivateFrameworks/IconServices.framework/Versions/A/IconServices
0x000000000b8a2000 	/System/Library/PrivateFrameworks/Apple80211.framework/Versions/A/Apple80211
0x000000000b8a2000 	/System/Library/Frameworks/CoreWLAN.framework/Versions/A/CoreWLAN
0x000000000b8a2000 	/System/Library/Frameworks/IOBluetooth.framework/Versions/A/IOBluetooth
0x000000000b8a2000 	/System/Library/PrivateFrameworks/CoreWiFi.framework/Versions/A/CoreWiFi
0x000000000b8a2000 	/System/Library/Frameworks/CoreBluetooth.framework/Versions/A/CoreBluetooth
0x000000000b8a2000 	/System/Library/PrivateFrameworks/ChunkingLibrary.framework/Versions/A/ChunkingLibrary
0x000000000b8a2000 	/System/Library/PrivateFrameworks/DebugSymbols.framework/Versions/A/DebugSymbols
0x000000000b8a2000 	/System/Library/PrivateFrameworks/CoreSymbolication.framework/Versions/A/CoreSymbolication
0x000000000b8a2000 	/System/Library/PrivateFrameworks/Symbolication.framework/Versions/A/Symbolication
0x000000000b8a2000 	/System/Library/PrivateFrameworks/SpeechRecognitionCore.framework/Versions/A/SpeechRecognitionCore
0x0000000054603000 	/System/Library/CoreServices/Encodings/libKoreanConverter.dylib
0x0000000110200000 	/Library/Java/JavaVirtualMachines/jdk1.8.0_66.jdk/Contents/Home/jre/lib/server/libjvm.dylib
0x000000000b8a2000 	/usr/lib/libstdc++.6.dylib
0x000000010f190000 	/Library/Java/JavaVirtualMachines/jdk1.8.0_66.jdk/Contents/Home/jre/lib/libverify.dylib
0x000000010f19e000 	/Library/Java/JavaVirtualMachines/jdk1.8.0_66.jdk/Contents/Home/jre/lib/libjava.dylib
0x0000000111186000 	/Library/Java/JavaVirtualMachines/jdk1.8.0_66.jdk/Contents/Home/jre/lib/libjdwp.dylib
0x000000010f1d4000 	/Library/Java/JavaVirtualMachines/jdk1.8.0_66.jdk/Contents/Home/jre/lib/libnpt.dylib
0x000000010f1e1000 	/Library/Java/JavaVirtualMachines/jdk1.8.0_66.jdk/Contents/Home/jre/lib/libzip.dylib
0x000000012c25e000 	/System/Library/Frameworks/JavaVM.framework/Frameworks/JavaRuntimeSupport.framework/JavaRuntimeSupport
0x000000010f1ea000 	/System/Library/Frameworks/JavaVM.framework/Versions/A/Frameworks/JavaNativeFoundation.framework/Versions/A/JavaNativeFoundation
0x000000012c279000 	/System/Library/Frameworks/JavaVM.framework/Versions/A/JavaVM
0x000000000b8a2000 	/System/Library/Frameworks/Carbon.framework/Versions/A/Carbon
0x000000012c286000 	/System/Library/PrivateFrameworks/JavaLaunching.framework/Versions/A/JavaLaunching
0x000000000b8a2000 	/System/Library/Frameworks/Carbon.framework/Versions/A/Frameworks/CommonPanels.framework/Versions/A/CommonPanels
0x000000000b8a2000 	/System/Library/Frameworks/Carbon.framework/Versions/A/Frameworks/Help.framework/Versions/A/Help
0x000000000b8a2000 	/System/Library/Frameworks/Carbon.framework/Versions/A/Frameworks/ImageCapture.framework/Versions/A/ImageCapture
0x000000000b8a2000 	/System/Library/Frameworks/Carbon.framework/Versions/A/Frameworks/OpenScripting.framework/Versions/A/OpenScripting
0x000000000b8a2000 	/System/Library/Frameworks/Carbon.framework/Versions/A/Frameworks/Print.framework/Versions/A/Print
0x000000000b8a2000 	/System/Library/Frameworks/Carbon.framework/Versions/A/Frameworks/SecurityHI.framework/Versions/A/SecurityHI
0x000000012dba7000 	/Library/Java/JavaVirtualMachines/jdk1.8.0_66.jdk/Contents/Home/jre/lib/libdt_socket.dylib
0x000000012dc83000 	/Library/Java/JavaVirtualMachines/jdk1.8.0_66.jdk/Contents/Home/jre/lib/libprism_es2.dylib
0x000000012dd05000 	/System/Library/Frameworks/OpenGL.framework/Resources/GLEngine.bundle/GLEngine
0x000000000b8a2000 	/System/Library/Frameworks/OpenGL.framework/Versions/A/Libraries/libGLProgrammability.dylib
0x000000012deed000 	/System/Library/Extensions/AppleIntelHD5000GraphicsGLDriver.bundle/Contents/MacOS/AppleIntelHD5000GraphicsGLDriver
0x000000000b8a2000 	/System/Library/PrivateFrameworks/GPUSupport.framework/Versions/A/Libraries/libGPUSupportMercury.dylib
0x000000000b8a2000 	/System/Library/Extensions/GeForceGLDriver.bundle/Contents/MacOS/GeForceGLDriver
0x000000000b8a2000 	/System/Library/Extensions/GeForceGLDriver.bundle/Contents/MacOS/libclh.dylib
0x000000012e644000 	/System/Library/Frameworks/OpenGL.framework/Resources//GLRendererFloat.bundle/GLRendererFloat
0x000000000b8a2000 	/System/Library/Frameworks/OpenCL.framework/Versions/A/Libraries/libcldcpuengine.dylib
0x000000000b8a2000 	/System/Library/PrivateFrameworks/DiskImages.framework/Versions/A/DiskImages
0x000000000b8a2000 	/System/Library/Frameworks/DiscRecording.framework/Versions/A/DiscRecording
0x000000000b8a2000 	/usr/lib/libcsfde.dylib
0x000000000b8a2000 	/usr/lib/libcurl.4.dylib
0x000000000b8a2000 	/System/Library/PrivateFrameworks/MediaKit.framework/Versions/A/MediaKit
0x000000000b8a2000 	/System/Library/PrivateFrameworks/ProtectedCloudStorage.framework/Versions/A/ProtectedCloudStorage
0x000000000b8a2000 	/usr/lib/libCoreStorage.dylib
0x000000000b8a2000 	/System/Library/PrivateFrameworks/EFILogin.framework/Versions/A/EFILogin
0x000000000b8a2000 	/usr/lib/libutil.dylib
0x000000000b8a2000 	/System/Library/PrivateFrameworks/FindMyDevice.framework/Versions/A/FindMyDevice
0x000000000b8a2000 	/System/Library/Frameworks/LDAP.framework/Versions/A/LDAP
0x000000000b8a2000 	/usr/lib/libsasl2.2.dylib
0x000000000b8a2000 	/System/Library/PrivateFrameworks/CoreDaemon.framework/Versions/B/CoreDaemon
0x000000000b8a2000 	/usr/lib/libcrypto.0.9.8.dylib
0x000000000b8a2000 	/System/Library/PrivateFrameworks/AppleSRP.framework/Versions/A/AppleSRP
0x000000000b8a2000 	/System/Library/PrivateFrameworks/TrustEvaluationAgent.framework/Versions/A/TrustEvaluationAgent
0x000000012e8e0000 	/Library/Java/JavaVirtualMachines/jdk1.8.0_66.jdk/Contents/Home/jre/lib/libglass.dylib
0x000000000b8a2000 	/System/Library/PrivateFrameworks/CoreServicesInternal.framework/Versions/A/CoreServicesInternal
0x000000000b8a2000 	/System/Library/CoreServices/RawCamera.bundle/Contents/MacOS/RawCamera
0x000000000b8a2000 	/System/Library/Frameworks/CoreGraphics.framework/Versions/A/Resources/libRIP.A.dylib
0x000000012fad2000 	/System/Library/Frameworks/Accelerate.framework/Frameworks/vImage.framework/Versions/A/Libraries/libCGInterfaces.dylib
0x000000000b8a2000 	/System/Library/PrivateFrameworks/FamilyControls.framework/Versions/A/FamilyControls
0x000000000b8a2000 	/System/Library/PrivateFrameworks/CommerceKit.framework/Versions/A/Frameworks/CommerceCore.framework/Versions/A/CommerceCore
0x000000000b8a2000 	/System/Library/PrivateFrameworks/SystemAdministration.framework/Versions/A/SystemAdministration
0x000000000b8a2000 	/System/Library/PrivateFrameworks/AppContainer.framework/Versions/A/AppContainer
0x000000000b8a2000 	/System/Library/PrivateFrameworks/SecCodeWrapper.framework/Versions/A/SecCodeWrapper
0x000000000b8a2000 	/System/Library/Frameworks/DirectoryService.framework/Versions/A/DirectoryService
0x000000000b8a2000 	/System/Library/PrivateFrameworks/LoginUIKit.framework/Versions/A/Frameworks/LoginUICore.framework/Versions/A/LoginUICore
0x000000000b8a2000 	/usr/lib/libodfde.dylib
0x0000000132880000 	/Library/Java/JavaVirtualMachines/jdk1.8.0_66.jdk/Contents/Home/jre/lib/libjavafx_iio.dylib
0x00000001328be000 	/Library/Java/JavaVirtualMachines/jdk1.8.0_66.jdk/Contents/Home/jre/lib/libjfxwebkit.dylib
0x0000000134fa6000 	/Library/Java/JavaVirtualMachines/jdk1.8.0_66.jdk/Contents/Home/jre/lib/libjavafx_font.dylib
0x000000000b8a2000 	/System/Library/Frameworks/CoreGraphics.framework/Versions/A/Resources/libCGXType.A.dylib
0x0000000137c2c000 	cl_kernels
0x000000000b8a2000 	/System/Library/Frameworks/OpenCL.framework/Versions/A/Libraries/ImageFormats/unorm8_bgra.dylib
0x000000000b8a2000 	/System/Library/Frameworks/OpenCL.framework/Versions/A/Libraries/ImageFormats/unorm8_rgba.dylib
0x0000000138bd1000 	/Library/Java/JavaVirtualMachines/jdk1.8.0_66.jdk/Contents/Home/jre/lib/libprism_common.dylib
0x0000000138bdf000 	/Library/Java/JavaVirtualMachines/jdk1.8.0_66.jdk/Contents/Home/jre/lib/libnet.dylib
0x00000001397e9000 	/Library/Java/JavaVirtualMachines/jdk1.8.0_66.jdk/Contents/Home/jre/lib/libnio.dylib
0x0000000139c0c000 	/System/Library/Extensions/GeForceMTLDriver.bundle/Contents/MacOS/GeForceMTLDriver
0x0000000139cc5000 	/System/Library/Extensions/AppleIntelHD5000GraphicsMTLDriver.bundle/Contents/MacOS/AppleIntelHD5000GraphicsMTLDriver

VM Arguments:
jvm_args: -Xdebug -Xrunjdwp:transport=dt_socket,address=localhost:58671 -Dfile.encoding=UTF-8 
java_command: /Users/skytree/NetBeansProjects/SkyBooks/dist/run1872623259/SkyBooks.jar
java_class_path (initial): /Users/skytree/NetBeansProjects/SkyBooks/dist/run1872623259/SkyBooks.jar
Launcher Type: SUN_STANDARD

Environment Variables:
PATH=/usr/bin:/bin:/usr/sbin:/sbin
LD_LIBRARY_PATH=/Library/Java/JavaVirtualMachines/jdk1.8.0_66.jdk/Contents/Home/jre/lib/amd64:/Library/Java/JavaVirtualMachines/jdk1.8.0_66.jdk/Contents/Home/jre/lib/i386:
SHELL=/bin/bash
DISPLAY=/private/tmp/com.apple.launchd.Uvv8VBsxPA/org.macosforge.xquartz:0

Signal Handlers:
SIGSEGV: [libjvm.dylib+0x5a65d5], sa_mask[0]=11111111011111110111111111111111, sa_flags=SA_ONSTACK|SA_RESTART|SA_SIGINFO
SIGBUS: [libjvm.dylib+0x5a65d5], sa_mask[0]=11111111011111110111111111111111, sa_flags=SA_RESTART|SA_SIGINFO
SIGFPE: [libjvm.dylib+0x4802e8], sa_mask[0]=11111111011111110111111111111111, sa_flags=SA_RESTART|SA_SIGINFO
SIGPIPE: [libjvm.dylib+0x4802e8], sa_mask[0]=11111111011111110111111111111111, sa_flags=SA_RESTART|SA_SIGINFO
SIGXFSZ: [libjvm.dylib+0x4802e8], sa_mask[0]=11111111011111110111111111111111, sa_flags=SA_RESTART|SA_SIGINFO
SIGILL: [libjvm.dylib+0x4802e8], sa_mask[0]=11111111011111110111111111111111, sa_flags=SA_RESTART|SA_SIGINFO
SIGUSR1: SIG_DFL, sa_mask[0]=00000000000000000000000000000000, sa_flags=none
SIGUSR2: [libjvm.dylib+0x47fe06], sa_mask[0]=00100000000000000000000000000000, sa_flags=SA_RESTART|SA_SIGINFO
SIGHUP: [libjvm.dylib+0x47e3dd], sa_mask[0]=11111111011111110111111111111111, sa_flags=SA_RESTART|SA_SIGINFO
SIGINT: SIG_IGN, sa_mask[0]=00000000000000000000000000000000, sa_flags=none
SIGTERM: [libjvm.dylib+0x47e3dd], sa_mask[0]=11111111011111110111111111111111, sa_flags=SA_RESTART|SA_SIGINFO
SIGQUIT: [libjvm.dylib+0x47e3dd], sa_mask[0]=11111111011111110111111111111111, sa_flags=SA_RESTART|SA_SIGINFO


---------------  S Y S T E M  ---------------

OS:Bsduname:Darwin 15.3.0 Darwin Kernel Version 15.3.0: Thu Dec 10 18:40:58 PST 2015; root:xnu-3248.30.4~1/RELEASE_X86_64 x86_64
rlimit: STACK 8192k, CORE 0k, NPROC 709, NOFILE 10240, AS infinity
load average:2.50 2.46 2.37

CPU:total 8 (4 cores per cpu, 2 threads per core) family 6 model 70 stepping 1, cmov, cx8, fxsr, mmx, sse, sse2, sse3, ssse3, sse4.1, sse4.2, popcnt, avx, avx2, aes, clmul, erms, rtm, lzcnt, ht, tsc, tscinvbit, bmi1, bmi2

Memory: 4k page, physical 16777216k(175188k free)

/proc/meminfo:


vm_info: Java HotSpot(TM) 64-Bit Server VM (25.66-b17) for bsd-amd64 JRE (1.8.0_66-b17), built on Oct  6 2015 16:09:13 by "java_re" with gcc 4.2.1 (Based on Apple Inc. build 5658) (LLVM build 2336.11.00)

time: Mon Feb  1 00:34:30 2016
elapsed time: 4 seconds (0d 0h 0m 4s)

