#
# A fatal error has been detected by the Java Runtime Environment:
#
#  SIGSEGV (0xb) at pc=0x00007fff8ad2fec1, pid=36677, tid=162063
#
# JRE version: Java(TM) SE Runtime Environment (8.0_66-b17) (build 1.8.0_66-b17)
# Java VM: Java HotSpot(TM) 64-Bit Server VM (25.66-b17 mixed mode bsd-amd64 compressed oops)
# Problematic frame:
# C  [libobjc.A.dylib+0x7ec1]  objc_retain+0x21
#
# Failed to write core dump. Core dumps have been disabled. To enable core dumping, try "ulimit -c unlimited" before starting Java again
#
# If you would like to submit a bug report, please visit:
#   http://bugreport.java.com/bugreport/crash.jsp
#

---------------  T H R E A D  ---------------

Current thread is native thread

siginfo: si_signo: 11 (SIGSEGV), si_code: 1 (SEGV_MAPERR), si_addr: 0x000007fb8f68fbc0

Registers:
RAX=0x600007fb8f68fba0, RBX=0x0000000000000003, RCX=0x000007fb8f68fba0, RDX=0x0000000000000003
RSP=0x0000700005bbe140, RBP=0x0000700005bbe140, RSI=0x00007fb8f8af15c0, RDI=0x00007fb8f8af15c0
R8 =0x0000000000000001, R9 =0x0000000000000000, R10=0x00007fb8f95f47e0, R11=0x00000fb8eb4aa810
R12=0x00007fff98a54931, R13=0x0000000080000000, R14=0x00007fb8f1068a70, R15=0x00007fb8f8af15c0
RIP=0x00007fff8ad2fec1, EFLAGS=0x0000000000010206, ERR=0x0000000000000004
  TRAPNO=0x000000000000000e

Top of Stack: (sp=0x0000700005bbe140)
0x0000700005bbe140:   0000700005bbe170 00007fff94901986
0x0000700005bbe150:   00007fff770e1960 00007fb8f1068a50
0x0000700005bbe160:   0000700005bbe240 00007fff770e1960
0x0000700005bbe170:   0000700005bbe190 00007fff94534f13
0x0000700005bbe180:   0000700005bbe240 00007fb8f1068a50
0x0000700005bbe190:   0000700005bbe1d0 00007fff9490159d
0x0000700005bbe1a0:   00007fff94534ead 0000700005bbe240
0x0000700005bbe1b0:   00007fff98a54931 0000000080000000
0x0000700005bbe1c0:   00007fb8f8a47530 0000000000000000
0x0000700005bbe1d0:   0000700005bbe1f0 00007fff98a49690
0x0000700005bbe1e0:   00007fff94534ead 0000000000000000
0x0000700005bbe1f0:   0000700005bbe230 00007fff98a5408f
0x0000700005bbe200:   00007fb8f875b4a0 00007fb8f875b4a0
0x0000700005bbe210:   00007fb8f7f96420 00007fb8dc60d490
0x0000700005bbe220:   00007fb8f8a47530 0000700005bbe3c0
0x0000700005bbe230:   0000700005bbe280 00007fff94534e7b
0x0000700005bbe240:   00007fff772100a0 0000000042000000
0x0000700005bbe250:   00007fff94534ead 00007fff770e1960
0x0000700005bbe260:   00007fb8f8af15c0 00007fb8f875b4a0
0x0000700005bbe270:   0000700005bbe358 0000000000000000
0x0000700005bbe280:   0000700005bbe2a0 00007fff945353de
0x0000700005bbe290:   000000000002790f 00007fb8f5b51a60
0x0000700005bbe2a0:   0000700005bbe2c0 00007fff98a4940b
0x0000700005bbe2b0:   000000000002790f 00007fb8f5b51a60
0x0000700005bbe2c0:   0000700005bbe2e0 00007fff98a4a9f2
0x0000700005bbe2d0:   00007fb8f875b4a0 00007fb8f5b51a60
0x0000700005bbe2e0:   0000700005bbe370 00007fff94533566
0x0000700005bbe2f0:   00007fb8f82c7fe0 00007fb8f82fc080
0x0000700005bbe300:   000000010b32a000 0000000000000002
0x0000700005bbe310:   00007fb8f6cfc080 00007fb8f6c06f80
0x0000700005bbe320:   00007fb8f6c06ee0 000000010b327000
0x0000700005bbe330:   00007fff772100a0 0000000042000000 

Instructions: (pc=0x00007fff8ad2fec1)
0x00007fff8ad2fea1:   48 89 e5 31 c0 48 85 ff 74 59 40 f6 c7 01 75 50
0x00007fff8ad2feb1:   48 8b 07 48 b9 f8 ff ff ff ff 7f 00 00 48 21 c1
0x00007fff8ad2fec1:   f6 41 20 02 75 10 48 8d 05 ba ae 7e ea 48 8b 30
0x00007fff8ad2fed1:   5d e9 e9 95 ff ff a8 01 74 20 48 b9 00 00 00 00 

Register to memory mapping:

RAX=0x600007fb8f68fba0 is an unknown value
RBX=0x0000000000000003 is an unknown value
RCX=0x000007fb8f68fba0 is an unknown value
RDX=0x0000000000000003 is an unknown value
RSP=0x0000700005bbe140 is an unknown value
RBP=0x0000700005bbe140 is an unknown value
RSI=0x00007fb8f8af15c0 is an unknown value
RDI=0x00007fb8f8af15c0 is an unknown value
R8 =0x0000000000000001 is an unknown value
R9 =0x0000000000000000 is an unknown value
R10=0x00007fb8f95f47e0 is an unknown value
R11=0x00000fb8eb4aa810 is an unknown value
R12=0x00007fff98a54931: _dispatch_call_block_and_release+0 in /usr/lib/system/libdispatch.dylib at 0x00007fff98a47000
R13=0x0000000080000000 is an unknown value
R14=0x00007fb8f1068a70 is an unknown value
R15=0x00007fb8f8af15c0 is an unknown value


Stack: [0x0000700005b40000,0x0000700005bc0000],  sp=0x0000700005bbe140,  free space=504k
Native frames: (J=compiled Java code, j=interpreted, Vv=VM code, C=native code)
C  [libobjc.A.dylib+0x7ec1]  objc_retain+0x21
C  [libsystem_blocks.dylib+0x1986]  _Block_object_assign+0x16c
C  [AVFoundation+0x130f13]  __copy_helper_block_202+0x1f
C  [libsystem_blocks.dylib+0x159d]  _Block_copy_internal+0x145
C  [libdispatch.dylib+0x2690]  _dispatch_Block_copy+0x2b
C  [libdispatch.dylib+0xd08f]  dispatch_async+0x3f
C  [AVFoundation+0x130e7b]  -[AVPlayerItemVideoOutput _dispatchOutputMediaDataWillChange]+0x84
C  [AVFoundation+0x1313de]  __AVPlayerItemVideoOutput_figVCSequentialAvailable_block_invoke+0x4a
C  [libdispatch.dylib+0x240b]  _dispatch_client_callout+0x8
C  [libdispatch.dylib+0x39f2]  _dispatch_barrier_sync_f_invoke+0x4a
C  [AVFoundation+0x12f566]  AVPlayerItemVideoOutput_figVCSequentialAvailable+0xef
C  [MediaToolbox+0x71b3c]  FigVisualContextImageAvailableSequential+0x5f
C  [MediaToolbox+0x211492]  FigImageQueueCreateForDiscarding+0x3066
C  [MediaToolbox+0x20f100]  FigImageQueueCreateForDiscarding+0xcd4
C  [MediaToolbox+0x18e28b]  FigImageQueueCreateForCacheAndFanOut+0x1dd9
C  [MediaToolbox+0x593ca]  VMC2MakeOutputCallbacksForImageQueueArray+0xa4f
C  [MediaToolbox+0x6f85f]  VMC2SetProperty+0x1949
C  [VideoToolbox+0xe396]  VTDecoderSessionSetPixelBufferAttributes+0x330
C  [VideoToolbox+0xe1e7]  VTDecoderSessionSetPixelBufferAttributes+0x181
C  [VideoToolbox+0xa8d97]  VTRemoteVideoDecoderGetClassID+0xbf7
C  [VideoToolbox+0x9fb6a]  VCH263VideoDecoder_CreateInstance+0x261d
C  [VideoToolbox+0x9fc6f]  VCH263VideoDecoder_CreateInstance+0x2722
C  [VideoToolbox+0xaaeea]  VTRemoteVideoDecoderGetClassID+0x2d4a
C  [CoreMedia+0x4e82e]  figThreadMain+0x268
C  [libsystem_pthread.dylib+0x399d]  _pthread_body+0x83
C  [libsystem_pthread.dylib+0x391a]  _pthread_body+0x0
C  [libsystem_pthread.dylib+0x1351]  thread_start+0xd


---------------  P R O C E S S  ---------------

VM state:not at safepoint (normal execution)

VM Mutex/Monitor currently owned by a thread: None

Heap:
 PSYoungGen      total 1365504K, used 1095544K [0x000000076ab00000, 0x00000007bf900000, 0x00000007c0000000)
  eden space 1342464K, 81% used [0x000000076ab00000,0x00000007ad6f72d0,0x00000007bca00000)
  from space 23040K, 8% used [0x00000007be280000,0x00000007be466ed8,0x00000007bf900000)
  to   space 24064K, 0% used [0x00000007bca00000,0x00000007bca00000,0x00000007be180000)
 ParOldGen       total 751616K, used 397536K [0x00000006c0000000, 0x00000006ede00000, 0x000000076ab00000)
  object space 751616K, 52% used [0x00000006c0000000,0x00000006d8438218,0x00000006ede00000)
 Metaspace       used 24082K, capacity 25246K, committed 25472K, reserved 1071104K
  class space    used 3139K, capacity 3383K, committed 3456K, reserved 1048576K

Card table byte_map: [0x000000011c9d1000,0x000000011d1d2000] byte_map_base: 0x00000001193d1000

Marking Bits: (ParMarkBitMap*) 0x000000010bebee20
 Begin Bits: [0x000000011d728000, 0x0000000121728000)
 End Bits:   [0x0000000121728000, 0x0000000125728000)

Polling page: 0x000000010c5ae000

CodeCache: size=245760Kb used=16473Kb max_used=16473Kb free=229286Kb
 bounds [0x000000010d611000, 0x000000010e641000, 0x000000011c611000]
 total_blobs=5359 nmethods=4612 adapters=668
 compilation: enabled

Compilation events (10 events):
Event: 215.601 Thread 0x00007fb8ec01d000 5452       3       javafx.scene.web.WebEngine$LoadWorker::access$1200 (15 bytes)
Event: 215.601 Thread 0x00007fb8ec01d000 nmethod 5452 0x000000010de7ae10 code [0x000000010de7af80, 0x000000010de7b148]
Event: 215.601 Thread 0x00007fb8ec01d000 5453       3       javafx.scene.web.WebEngine$LoadWorker::dispatchLoadEvent (318 bytes)
Event: 215.603 Thread 0x00007fb8ec01d000 nmethod 5453 0x000000010e637e50 code [0x000000010e638400, 0x000000010e63b2d8]
Event: 215.603 Thread 0x00007fb8ec01d000 5454       3       javafx.scene.web.WebEngine::access$1900 (5 bytes)
Event: 215.604 Thread 0x00007fb8ec01d000 nmethod 5454 0x000000010de7a910 code [0x000000010de7aa80, 0x000000010de7ace8]
Event: 215.604 Thread 0x00007fb8ec01d000 5455       3       javafx.scene.web.WebEngine::getMainFrame (8 bytes)
Event: 215.604 Thread 0x00007fb8ec01d000 nmethod 5455 0x000000010e63d2d0 code [0x000000010e63d440, 0x000000010e63d668]
Event: 215.634 Thread 0x00007fb8ec01d000 5456       3       java.util.ArrayList::remove (69 bytes)
Event: 215.634 Thread 0x00007fb8ec01d000 nmethod 5456 0x000000010e63d710 code [0x000000010e63d8e0, 0x000000010e63df28]

GC Heap History (10 events):
Event: 74.859 GC heap before
{Heap before GC invocations=111 (full 7):
 PSYoungGen      total 1350144K, used 1311904K [0x000000076ab00000, 0x00000007bfc00000, 0x00000007c0000000)
  eden space 1311744K, 100% used [0x000000076ab00000,0x00000007bac00000,0x00000007bac00000)
  from space 38400K, 0% used [0x00000007bac00000,0x00000007bac28000,0x00000007bd180000)
  to   space 35840K, 0% used [0x00000007bd900000,0x00000007bd900000,0x00000007bfc00000)
 ParOldGen       total 751616K, used 397488K [0x00000006c0000000, 0x00000006ede00000, 0x000000076ab00000)
  object space 751616K, 52% used [0x00000006c0000000,0x00000006d842c218,0x00000006ede00000)
 Metaspace       used 23747K, capacity 24886K, committed 25216K, reserved 1071104K
  class space    used 3105K, capacity 3355K, committed 3456K, reserved 1048576K
Event: 74.860 GC heap after
Heap after GC invocations=111 (full 7):
 PSYoungGen      total 1355776K, used 128K [0x000000076ab00000, 0x00000007bf880000, 0x00000007c0000000)
  eden space 1323520K, 0% used [0x000000076ab00000,0x000000076ab00000,0x00000007bb780000)
  from space 32256K, 0% used [0x00000007bd900000,0x00000007bd920000,0x00000007bf880000)
  to   space 33280K, 0% used [0x00000007bb780000,0x00000007bb780000,0x00000007bd800000)
 ParOldGen       total 751616K, used 397488K [0x00000006c0000000, 0x00000006ede00000, 0x000000076ab00000)
  object space 751616K, 52% used [0x00000006c0000000,0x00000006d842c218,0x00000006ede00000)
 Metaspace       used 23747K, capacity 24886K, committed 25216K, reserved 1071104K
  class space    used 3105K, capacity 3355K, committed 3456K, reserved 1048576K
}
Event: 74.877 GC heap before
{Heap before GC invocations=112 (full 7):
 PSYoungGen      total 1355776K, used 1323648K [0x000000076ab00000, 0x00000007bf880000, 0x00000007c0000000)
  eden space 1323520K, 100% used [0x000000076ab00000,0x00000007bb780000,0x00000007bb780000)
  from space 32256K, 0% used [0x00000007bd900000,0x00000007bd920000,0x00000007bf880000)
  to   space 33280K, 0% used [0x00000007bb780000,0x00000007bb780000,0x00000007bd800000)
 ParOldGen       total 751616K, used 397488K [0x00000006c0000000, 0x00000006ede00000, 0x000000076ab00000)
  object space 751616K, 52% used [0x00000006c0000000,0x00000006d842c218,0x00000006ede00000)
 Metaspace       used 23747K, capacity 24886K, committed 25216K, reserved 1071104K
  class space    used 3105K, capacity 3355K, committed 3456K, reserved 1048576K
Event: 74.879 GC heap after
Heap after GC invocations=112 (full 7):
 PSYoungGen      total 1356800K, used 192K [0x000000076ab00000, 0x00000007bfc00000, 0x00000007c0000000)
  eden space 1323520K, 0% used [0x000000076ab00000,0x000000076ab00000,0x00000007bb780000)
  from space 33280K, 0% used [0x00000007bb780000,0x00000007bb7b0000,0x00000007bd800000)
  to   space 30720K, 0% used [0x00000007bde00000,0x00000007bde00000,0x00000007bfc00000)
 ParOldGen       total 751616K, used 397528K [0x00000006c0000000, 0x00000006ede00000, 0x000000076ab00000)
  object space 751616K, 52% used [0x00000006c0000000,0x00000006d8436218,0x00000006ede00000)
 Metaspace       used 23747K, capacity 24886K, committed 25216K, reserved 1071104K
  class space    used 3105K, capacity 3355K, committed 3456K, reserved 1048576K
}
Event: 74.940 GC heap before
{Heap before GC invocations=113 (full 7):
 PSYoungGen      total 1356800K, used 1323712K [0x000000076ab00000, 0x00000007bfc00000, 0x00000007c0000000)
  eden space 1323520K, 100% used [0x000000076ab00000,0x00000007bb780000,0x00000007bb780000)
  from space 33280K, 0% used [0x00000007bb780000,0x00000007bb7b0000,0x00000007bd800000)
  to   space 30720K, 0% used [0x00000007bde00000,0x00000007bde00000,0x00000007bfc00000)
 ParOldGen       total 751616K, used 397528K [0x00000006c0000000, 0x00000006ede00000, 0x000000076ab00000)
  object space 751616K, 52% used [0x00000006c0000000,0x00000006d8436218,0x00000006ede00000)
 Metaspace       used 23747K, capacity 24886K, committed 25216K, reserved 1071104K
  class space    used 3105K, capacity 3355K, committed 3456K, reserved 1048576K
Event: 74.942 GC heap after
Heap after GC invocations=113 (full 7):
 PSYoungGen      total 1361920K, used 160K [0x000000076ab00000, 0x00000007bf980000, 0x00000007c0000000)
  eden space 1333760K, 0% used [0x000000076ab00000,0x000000076ab00000,0x00000007bc180000)
  from space 28160K, 0% used [0x00000007bde00000,0x00000007bde28000,0x00000007bf980000)
  to   space 28672K, 0% used [0x00000007bc180000,0x00000007bc180000,0x00000007bdd80000)
 ParOldGen       total 751616K, used 397528K [0x00000006c0000000, 0x00000006ede00000, 0x000000076ab00000)
  object space 751616K, 52% used [0x00000006c0000000,0x00000006d8436218,0x00000006ede00000)
 Metaspace       used 23747K, capacity 24886K, committed 25216K, reserved 1071104K
  class space    used 3105K, capacity 3355K, committed 3456K, reserved 1048576K
}
Event: 74.960 GC heap before
{Heap before GC invocations=114 (full 7):
 PSYoungGen      total 1361920K, used 1333920K [0x000000076ab00000, 0x00000007bf980000, 0x00000007c0000000)
  eden space 1333760K, 100% used [0x000000076ab00000,0x00000007bc180000,0x00000007bc180000)
  from space 28160K, 0% used [0x00000007bde00000,0x00000007bde28000,0x00000007bf980000)
  to   space 28672K, 0% used [0x00000007bc180000,0x00000007bc180000,0x00000007bdd80000)
 ParOldGen       total 751616K, used 397528K [0x00000006c0000000, 0x00000006ede00000, 0x000000076ab00000)
  object space 751616K, 52% used [0x00000006c0000000,0x00000006d8436218,0x00000006ede00000)
 Metaspace       used 23747K, capacity 24886K, committed 25216K, reserved 1071104K
  class space    used 3105K, capacity 3355K, committed 3456K, reserved 1048576K
Event: 74.961 GC heap after
Heap after GC invocations=114 (full 7):
 PSYoungGen      total 1362432K, used 96K [0x000000076ab00000, 0x00000007bfc80000, 0x00000007c0000000)
  eden space 1333760K, 0% used [0x000000076ab00000,0x000000076ab00000,0x00000007bc180000)
  from space 28672K, 0% used [0x00000007bc180000,0x00000007bc198000,0x00000007bdd80000)
  to   space 26624K, 0% used [0x00000007be280000,0x00000007be280000,0x00000007bfc80000)
 ParOldGen       total 751616K, used 397528K [0x00000006c0000000, 0x00000006ede00000, 0x000000076ab00000)
  object space 751616K, 52% used [0x00000006c0000000,0x00000006d8436218,0x00000006ede00000)
 Metaspace       used 23747K, capacity 24886K, committed 25216K, reserved 1071104K
  class space    used 3105K, capacity 3355K, committed 3456K, reserved 1048576K
}
Event: 89.323 GC heap before
{Heap before GC invocations=115 (full 7):
 PSYoungGen      total 1362432K, used 1333856K [0x000000076ab00000, 0x00000007bfc80000, 0x00000007c0000000)
  eden space 1333760K, 100% used [0x000000076ab00000,0x00000007bc180000,0x00000007bc180000)
  from space 28672K, 0% used [0x00000007bc180000,0x00000007bc198000,0x00000007bdd80000)
  to   space 26624K, 0% used [0x00000007be280000,0x00000007be280000,0x00000007bfc80000)
 ParOldGen       total 751616K, used 397528K [0x00000006c0000000, 0x00000006ede00000, 0x000000076ab00000)
  object space 751616K, 52% used [0x00000006c0000000,0x00000006d8436218,0x00000006ede00000)
 Metaspace       used 23978K, capacity 25172K, committed 25472K, reserved 1071104K
  class space    used 3134K, capacity 3382K, committed 3456K, reserved 1048576K
Event: 89.326 GC heap after
Heap after GC invocations=115 (full 7):
 PSYoungGen      total 1365504K, used 1947K [0x000000076ab00000, 0x00000007bf900000, 0x00000007c0000000)
  eden space 1342464K, 0% used [0x000000076ab00000,0x000000076ab00000,0x00000007bca00000)
  from space 23040K, 8% used [0x00000007be280000,0x00000007be466ed8,0x00000007bf900000)
  to   space 24064K, 0% used [0x00000007bca00000,0x00000007bca00000,0x00000007be180000)
 ParOldGen       total 751616K, used 397536K [0x00000006c0000000, 0x00000006ede00000, 0x000000076ab00000)
  object space 751616K, 52% used [0x00000006c0000000,0x00000006d8438218,0x00000006ede00000)
 Metaspace       used 23978K, capacity 25172K, committed 25472K, reserved 1071104K
  class space    used 3134K, capacity 3382K, committed 3456K, reserved 1048576K
}

Deoptimization events (10 events):
Event: 89.557 Thread 0x00007fb8eb084800 Uncommon trap: reason=unstable_if action=reinterpret pc=0x000000010df87e88 method=com.sun.javafx.geom.transform.AffineBase.updateState2D()V @ 95
Event: 89.557 Thread 0x00007fb8eb084800 Uncommon trap: reason=unstable_if action=reinterpret pc=0x000000010e167b68 method=com.sun.javafx.geom.transform.AffineBase.updateState2D()V @ 95
Event: 89.557 Thread 0x00007fb8eb084800 Uncommon trap: reason=unstable_if action=reinterpret pc=0x000000010de28e78 method=com.sun.javafx.geom.transform.AffineBase.updateState2D()V @ 95
Event: 89.567 Thread 0x00007fb8eb084800 Uncommon trap: reason=class_check action=maybe_recompile pc=0x000000010e593ed0 method=com.sun.webkit.graphics.GraphicsDecoder.decode(Lcom/sun/webkit/graphics/WCGraphicsManager;Lcom/sun/webkit/graphics/WCGraphicsContext;Lcom/sun/webkit/graphics/BufferData;
Event: 89.574 Thread 0x00007fb8eb084800 Uncommon trap: reason=unstable_if action=reinterpret pc=0x000000010e4976d0 method=com.sun.javafx.geom.transform.AffineBase.updateState2D()V @ 95
Event: 89.588 Thread 0x00007fb8eb084800 Uncommon trap: reason=class_check action=maybe_recompile pc=0x000000010e59482c method=com.sun.webkit.graphics.GraphicsDecoder.decode(Lcom/sun/webkit/graphics/WCGraphicsManager;Lcom/sun/webkit/graphics/WCGraphicsContext;Lcom/sun/webkit/graphics/BufferData;
Event: 89.609 Thread 0x00007fb8eb084800 Uncommon trap: reason=class_check action=maybe_recompile pc=0x000000010e593fa8 method=com.sun.webkit.graphics.GraphicsDecoder.decode(Lcom/sun/webkit/graphics/WCGraphicsManager;Lcom/sun/webkit/graphics/WCGraphicsContext;Lcom/sun/webkit/graphics/BufferData;
Event: 89.616 Thread 0x00007fb8eb084800 Uncommon trap: reason=unstable_if action=reinterpret pc=0x000000010e58bc14 method=com.sun.prism.impl.BaseGraphics.translate(FF)V @ 9
Event: 92.337 Thread 0x00007fb8ef017000 Uncommon trap: reason=bimorphic action=maybe_recompile pc=0x000000010dbf0cbc method=com.sun.javafx.webkit.prism.PrismInvoker.invokeOnEventThread(Ljava/lang/Runnable;)V @ 8
Event: 215.685 Thread 0x00007fb8f654f800 Uncommon trap: reason=unstable_if action=reinterpret pc=0x000000010dc902b8 method=java.util.ArrayList$Itr.checkForComodification()V @ 11

Internal exceptions (10 events):
Event: 215.569 Thread 0x00007fb8ef017000 Exception <a 'java/lang/ClassNotFoundException': sun/net/www/protocol/about/Handler> (0x00000007aa158cc8) thrown at [/HUDSON3/workspace/8-2-build-macosx-x86_64/jdk8u66/4988/hotspot/src/share/vm/classfile/systemDictionary.cpp, line 210]
Event: 215.569 Thread 0x00007fb8ef017000 Exception <a 'java/lang/ClassNotFoundException': sun/net/www/protocol/about/Handler> (0x00000007aa15b0d8) thrown at [/HUDSON3/workspace/8-2-build-macosx-x86_64/jdk8u66/4988/hotspot/src/share/vm/classfile/systemDictionary.cpp, line 210]
Event: 215.570 Thread 0x00007fb8ef017000 Exception <a 'java/lang/ClassNotFoundException': sun/net/www/protocol/about/Handler> (0x00000007aa15d498) thrown at [/HUDSON3/workspace/8-2-build-macosx-x86_64/jdk8u66/4988/hotspot/src/share/vm/classfile/systemDictionary.cpp, line 210]
Event: 215.570 Thread 0x00007fb8ef017000 Exception <a 'java/lang/ClassNotFoundException': sun/net/www/protocol/about/Handler> (0x00000007aa15f858) thrown at [/HUDSON3/workspace/8-2-build-macosx-x86_64/jdk8u66/4988/hotspot/src/share/vm/classfile/systemDictionary.cpp, line 210]
Event: 215.570 Thread 0x00007fb8ef017000 Exception <a 'java/lang/ClassNotFoundException': sun/net/www/protocol/about/Handler> (0x00000007aa161c18) thrown at [/HUDSON3/workspace/8-2-build-macosx-x86_64/jdk8u66/4988/hotspot/src/share/vm/classfile/systemDictionary.cpp, line 210]
Event: 215.570 Thread 0x00007fb8ef017000 Exception <a 'java/lang/ClassNotFoundException': sun/net/www/protocol/about/Handler> (0x00000007aa163fd8) thrown at [/HUDSON3/workspace/8-2-build-macosx-x86_64/jdk8u66/4988/hotspot/src/share/vm/classfile/systemDictionary.cpp, line 210]
Event: 215.570 Thread 0x00007fb8ef017000 Exception <a 'java/lang/ClassNotFoundException': sun/net/www/protocol/about/Handler> (0x00000007aa166398) thrown at [/HUDSON3/workspace/8-2-build-macosx-x86_64/jdk8u66/4988/hotspot/src/share/vm/classfile/systemDictionary.cpp, line 210]
Event: 215.570 Thread 0x00007fb8ef017000 Exception <a 'java/lang/ClassNotFoundException': sun/net/www/protocol/about/Handler> (0x00000007aa168778) thrown at [/HUDSON3/workspace/8-2-build-macosx-x86_64/jdk8u66/4988/hotspot/src/share/vm/classfile/systemDictionary.cpp, line 210]
Event: 215.570 Thread 0x00007fb8ef017000 Exception <a 'java/lang/ClassNotFoundException': sun/net/www/protocol/about/Handler> (0x00000007aa16ab38) thrown at [/HUDSON3/workspace/8-2-build-macosx-x86_64/jdk8u66/4988/hotspot/src/share/vm/classfile/systemDictionary.cpp, line 210]
Event: 215.601 Thread 0x00007fb8ef017000 Exception <a 'java/lang/ClassNotFoundException': sun/net/www/protocol/about/Handler> (0x00000007ab538f88) thrown at [/HUDSON3/workspace/8-2-build-macosx-x86_64/jdk8u66/4988/hotspot/src/share/vm/classfile/systemDictionary.cpp, line 210]

Events (10 events):
Event: 215.604 Thread 0x00007fb8eea2e800 Thread exited: 0x00007fb8eea2e800
Event: 215.605 Thread 0x00007fb8ef3e7000 Thread exited: 0x00007fb8ef3e7000
Event: 215.634 Thread 0x00007fb8ef498800 Thread exited: 0x00007fb8ef498800
Event: 215.685 Thread 0x00007fb8edf3e800 Thread exited: 0x00007fb8edf3e800
Event: 215.685 Thread 0x00007fb8f654f800 Uncommon trap: trap_request=0xffffff65 fr.pc=0x000000010dc902b8
Event: 215.685 Thread 0x00007fb8f654f800 DEOPT PACKING pc=0x000000010dc902b8 sp=0x0000700005d45820
Event: 215.685 Thread 0x00007fb8f654f800 DEOPT UNPACKING pc=0x000000010d616229 sp=0x0000700005d45798 mode 2
Event: 215.685 loading class java/util/ConcurrentModificationException
Event: 215.685 loading class java/util/ConcurrentModificationException done
Event: 215.686 Thread 0x00007fb8f654f800 Thread exited: 0x00007fb8f654f800


Dynamic libraries:
0x0000000004651000 	/System/Library/Frameworks/Cocoa.framework/Versions/A/Cocoa
0x0000000004651000 	/System/Library/Frameworks/Security.framework/Versions/A/Security
0x0000000004651000 	/System/Library/Frameworks/ApplicationServices.framework/Versions/A/ApplicationServices
0x0000000004651000 	/usr/lib/libz.1.dylib
0x0000000004651000 	/usr/lib/libSystem.B.dylib
0x0000000004651000 	/usr/lib/libobjc.A.dylib
0x0000000004651000 	/System/Library/Frameworks/CoreFoundation.framework/Versions/A/CoreFoundation
0x0000000004651000 	/System/Library/Frameworks/Foundation.framework/Versions/C/Foundation
0x0000000004651000 	/System/Library/Frameworks/AppKit.framework/Versions/C/AppKit
0x0000000004651000 	/System/Library/Frameworks/CoreData.framework/Versions/A/CoreData
0x0000000004651000 	/System/Library/PrivateFrameworks/RemoteViewServices.framework/Versions/A/RemoteViewServices
0x0000000004651000 	/System/Library/PrivateFrameworks/UIFoundation.framework/Versions/A/UIFoundation
0x0000000004651000 	/usr/lib/libScreenReader.dylib
0x0000000004651000 	/System/Library/Frameworks/Accelerate.framework/Versions/A/Accelerate
0x0000000004651000 	/System/Library/Frameworks/IOSurface.framework/Versions/A/IOSurface
0x0000000004651000 	/System/Library/Frameworks/AudioToolbox.framework/Versions/A/AudioToolbox
0x0000000004651000 	/System/Library/Frameworks/AudioUnit.framework/Versions/A/AudioUnit
0x0000000004651000 	/System/Library/PrivateFrameworks/DataDetectorsCore.framework/Versions/A/DataDetectorsCore
0x0000000004651000 	/System/Library/PrivateFrameworks/DesktopServicesPriv.framework/Versions/A/DesktopServicesPriv
0x0000000004651000 	/System/Library/Frameworks/Carbon.framework/Versions/A/Frameworks/HIToolbox.framework/Versions/A/HIToolbox
0x0000000004651000 	/System/Library/Frameworks/QuartzCore.framework/Versions/A/QuartzCore
0x0000000004651000 	/System/Library/Frameworks/Carbon.framework/Versions/A/Frameworks/SpeechRecognition.framework/Versions/A/SpeechRecognition
0x0000000004651000 	/usr/lib/libauto.dylib
0x0000000004651000 	/usr/lib/libicucore.A.dylib
0x0000000004651000 	/usr/lib/libxml2.2.dylib
0x0000000004651000 	/System/Library/PrivateFrameworks/CoreUI.framework/Versions/A/CoreUI
0x0000000004651000 	/System/Library/Frameworks/CoreAudio.framework/Versions/A/CoreAudio
0x0000000004651000 	/System/Library/Frameworks/DiskArbitration.framework/Versions/A/DiskArbitration
0x0000000004651000 	/usr/lib/liblangid.dylib
0x0000000004651000 	/System/Library/PrivateFrameworks/MultitouchSupport.framework/Versions/A/MultitouchSupport
0x0000000004651000 	/System/Library/Frameworks/IOKit.framework/Versions/A/IOKit
0x0000000004651000 	/usr/lib/libDiagnosticMessagesClient.dylib
0x0000000004651000 	/System/Library/Frameworks/CoreServices.framework/Versions/A/CoreServices
0x0000000004651000 	/System/Library/PrivateFrameworks/PerformanceAnalysis.framework/Versions/A/PerformanceAnalysis
0x0000000004651000 	/System/Library/PrivateFrameworks/GenerationalStorage.framework/Versions/A/GenerationalStorage
0x0000000004651000 	/System/Library/Frameworks/OpenGL.framework/Versions/A/OpenGL
0x0000000004651000 	/System/Library/PrivateFrameworks/Sharing.framework/Versions/A/Sharing
0x0000000004651000 	/System/Library/Frameworks/CoreGraphics.framework/Versions/A/CoreGraphics
0x0000000004651000 	/System/Library/Frameworks/CoreImage.framework/Versions/A/CoreImage
0x0000000004651000 	/System/Library/Frameworks/CoreText.framework/Versions/A/CoreText
0x0000000004651000 	/System/Library/Frameworks/ImageIO.framework/Versions/A/ImageIO
0x0000000004651000 	/System/Library/PrivateFrameworks/Backup.framework/Versions/A/Backup
0x0000000004651000 	/usr/lib/libextension.dylib
0x0000000004651000 	/usr/lib/libarchive.2.dylib
0x0000000004651000 	/System/Library/Frameworks/CFNetwork.framework/Versions/A/CFNetwork
0x0000000004651000 	/System/Library/Frameworks/SystemConfiguration.framework/Versions/A/SystemConfiguration
0x0000000004651000 	/usr/lib/libCRFSuite.dylib
0x0000000004651000 	/usr/lib/libc++.1.dylib
0x0000000004651000 	/usr/lib/libc++abi.dylib
0x0000000004651000 	/usr/lib/system/libcache.dylib
0x0000000004651000 	/usr/lib/system/libcommonCrypto.dylib
0x0000000004651000 	/usr/lib/system/libcompiler_rt.dylib
0x0000000004651000 	/usr/lib/system/libcopyfile.dylib
0x0000000004651000 	/usr/lib/system/libcorecrypto.dylib
0x0000000004651000 	/usr/lib/system/libdispatch.dylib
0x0000000004651000 	/usr/lib/system/libdyld.dylib
0x0000000004651000 	/usr/lib/system/libkeymgr.dylib
0x0000000004651000 	/usr/lib/system/liblaunch.dylib
0x0000000004651000 	/usr/lib/system/libmacho.dylib
0x0000000004651000 	/usr/lib/system/libquarantine.dylib
0x0000000004651000 	/usr/lib/system/libremovefile.dylib
0x0000000004651000 	/usr/lib/system/libsystem_asl.dylib
0x0000000004651000 	/usr/lib/system/libsystem_blocks.dylib
0x0000000004651000 	/usr/lib/system/libsystem_c.dylib
0x0000000004651000 	/usr/lib/system/libsystem_configuration.dylib
0x0000000004651000 	/usr/lib/system/libsystem_coreservices.dylib
0x0000000004651000 	/usr/lib/system/libsystem_coretls.dylib
0x0000000004651000 	/usr/lib/system/libsystem_dnssd.dylib
0x0000000004651000 	/usr/lib/system/libsystem_info.dylib
0x0000000004651000 	/usr/lib/system/libsystem_kernel.dylib
0x0000000004651000 	/usr/lib/system/libsystem_m.dylib
0x0000000004651000 	/usr/lib/system/libsystem_malloc.dylib
0x0000000004651000 	/usr/lib/system/libsystem_network.dylib
0x0000000004651000 	/usr/lib/system/libsystem_networkextension.dylib
0x0000000004651000 	/usr/lib/system/libsystem_notify.dylib
0x0000000004651000 	/usr/lib/system/libsystem_platform.dylib
0x0000000004651000 	/usr/lib/system/libsystem_pthread.dylib
0x0000000004651000 	/usr/lib/system/libsystem_sandbox.dylib
0x0000000004651000 	/usr/lib/system/libsystem_secinit.dylib
0x0000000004651000 	/usr/lib/system/libsystem_trace.dylib
0x0000000004651000 	/usr/lib/system/libunc.dylib
0x0000000004651000 	/usr/lib/system/libunwind.dylib
0x0000000004651000 	/usr/lib/system/libxpc.dylib
0x0000000004651000 	/usr/lib/libenergytrace.dylib
0x0000000004651000 	/usr/lib/libbsm.0.dylib
0x0000000004651000 	/usr/lib/system/libkxld.dylib
0x0000000004651000 	/usr/lib/libxar.1.dylib
0x0000000004651000 	/usr/lib/libsqlite3.dylib
0x0000000004651000 	/usr/lib/libpam.2.dylib
0x0000000004651000 	/usr/lib/libOpenScriptingUtil.dylib
0x0000000004651000 	/usr/lib/libbz2.1.0.dylib
0x0000000004651000 	/usr/lib/liblzma.5.dylib
0x0000000004651000 	/System/Library/Frameworks/CoreServices.framework/Versions/A/Frameworks/FSEvents.framework/Versions/A/FSEvents
0x0000000004651000 	/System/Library/Frameworks/CoreServices.framework/Versions/A/Frameworks/CarbonCore.framework/Versions/A/CarbonCore
0x0000000004651000 	/System/Library/Frameworks/CoreServices.framework/Versions/A/Frameworks/Metadata.framework/Versions/A/Metadata
0x0000000004651000 	/System/Library/Frameworks/CoreServices.framework/Versions/A/Frameworks/OSServices.framework/Versions/A/OSServices
0x0000000004651000 	/System/Library/Frameworks/CoreServices.framework/Versions/A/Frameworks/SearchKit.framework/Versions/A/SearchKit
0x0000000004651000 	/System/Library/Frameworks/CoreServices.framework/Versions/A/Frameworks/AE.framework/Versions/A/AE
0x0000000004651000 	/System/Library/Frameworks/CoreServices.framework/Versions/A/Frameworks/LaunchServices.framework/Versions/A/LaunchServices
0x0000000004651000 	/System/Library/Frameworks/CoreServices.framework/Versions/A/Frameworks/DictionaryServices.framework/Versions/A/DictionaryServices
0x0000000004651000 	/System/Library/Frameworks/CoreServices.framework/Versions/A/Frameworks/SharedFileList.framework/Versions/A/SharedFileList
0x0000000004651000 	/System/Library/Frameworks/NetFS.framework/Versions/A/NetFS
0x0000000004651000 	/System/Library/PrivateFrameworks/NetAuth.framework/Versions/A/NetAuth
0x0000000004651000 	/System/Library/PrivateFrameworks/login.framework/Versions/A/Frameworks/loginsupport.framework/Versions/A/loginsupport
0x0000000004651000 	/System/Library/PrivateFrameworks/TCC.framework/Versions/A/TCC
0x0000000004651000 	/usr/lib/libmecabra.dylib
0x0000000004651000 	/System/Library/Frameworks/ApplicationServices.framework/Versions/A/Frameworks/ATS.framework/Versions/A/ATS
0x0000000004651000 	/System/Library/Frameworks/ApplicationServices.framework/Versions/A/Frameworks/ColorSync.framework/Versions/A/ColorSync
0x0000000004651000 	/System/Library/Frameworks/ApplicationServices.framework/Versions/A/Frameworks/HIServices.framework/Versions/A/HIServices
0x0000000004651000 	/System/Library/Frameworks/ApplicationServices.framework/Versions/A/Frameworks/LangAnalysis.framework/Versions/A/LangAnalysis
0x0000000004651000 	/System/Library/Frameworks/ApplicationServices.framework/Versions/A/Frameworks/PrintCore.framework/Versions/A/PrintCore
0x0000000004651000 	/System/Library/Frameworks/ApplicationServices.framework/Versions/A/Frameworks/QD.framework/Versions/A/QD
0x0000000004651000 	/System/Library/Frameworks/ApplicationServices.framework/Versions/A/Frameworks/SpeechSynthesis.framework/Versions/A/SpeechSynthesis
0x0000000004651000 	/System/Library/Frameworks/Metal.framework/Versions/A/Metal
0x0000000004651000 	/System/Library/Frameworks/Accelerate.framework/Versions/A/Frameworks/vImage.framework/Versions/A/vImage
0x0000000004651000 	/System/Library/Frameworks/Accelerate.framework/Versions/A/Frameworks/vecLib.framework/Versions/A/vecLib
0x0000000004651000 	/System/Library/Frameworks/Accelerate.framework/Versions/A/Frameworks/vecLib.framework/Versions/A/libvDSP.dylib
0x0000000004651000 	/System/Library/Frameworks/Accelerate.framework/Versions/A/Frameworks/vecLib.framework/Versions/A/libvMisc.dylib
0x0000000004651000 	/System/Library/Frameworks/Accelerate.framework/Versions/A/Frameworks/vecLib.framework/Versions/A/libLAPACK.dylib
0x0000000004651000 	/System/Library/Frameworks/Accelerate.framework/Versions/A/Frameworks/vecLib.framework/Versions/A/libBLAS.dylib
0x0000000004651000 	/System/Library/Frameworks/Accelerate.framework/Versions/A/Frameworks/vecLib.framework/Versions/A/libLinearAlgebra.dylib
0x0000000004651000 	/System/Library/Frameworks/Accelerate.framework/Versions/A/Frameworks/vecLib.framework/Versions/A/libSparseBLAS.dylib
0x0000000004651000 	/System/Library/PrivateFrameworks/GPUCompiler.framework/libmetal_timestamp.dylib
0x0000000004651000 	/System/Library/Frameworks/OpenGL.framework/Versions/A/Libraries/libCoreFSCache.dylib
0x0000000004651000 	/System/Library/PrivateFrameworks/IOAccelerator.framework/Versions/A/IOAccelerator
0x0000000004651000 	/System/Library/Frameworks/ApplicationServices.framework/Versions/A/Frameworks/ATS.framework/Versions/A/Resources/libFontParser.dylib
0x0000000004651000 	/System/Library/Frameworks/ApplicationServices.framework/Versions/A/Frameworks/ATS.framework/Versions/A/Resources/libFontRegistry.dylib
0x0000000004651000 	/System/Library/PrivateFrameworks/AppleVPA.framework/Versions/A/AppleVPA
0x0000000004651000 	/System/Library/PrivateFrameworks/AppleJPEG.framework/Versions/A/AppleJPEG
0x0000000004651000 	/System/Library/Frameworks/ImageIO.framework/Versions/A/Resources/libJPEG.dylib
0x0000000004651000 	/System/Library/Frameworks/ImageIO.framework/Versions/A/Resources/libTIFF.dylib
0x0000000004651000 	/System/Library/Frameworks/ImageIO.framework/Versions/A/Resources/libPng.dylib
0x0000000004651000 	/System/Library/Frameworks/ImageIO.framework/Versions/A/Resources/libGIF.dylib
0x0000000004651000 	/System/Library/Frameworks/ImageIO.framework/Versions/A/Resources/libJP2.dylib
0x0000000004651000 	/System/Library/Frameworks/ImageIO.framework/Versions/A/Resources/libRadiance.dylib
0x0000000004651000 	/System/Library/Frameworks/CoreVideo.framework/Versions/A/CoreVideo
0x0000000004651000 	/System/Library/Frameworks/OpenGL.framework/Versions/A/Libraries/libGLU.dylib
0x0000000004651000 	/System/Library/Frameworks/OpenGL.framework/Versions/A/Libraries/libGFXShared.dylib
0x0000000004651000 	/System/Library/Frameworks/OpenGL.framework/Versions/A/Libraries/libGL.dylib
0x0000000004651000 	/System/Library/Frameworks/OpenGL.framework/Versions/A/Libraries/libGLImage.dylib
0x0000000004651000 	/System/Library/Frameworks/OpenGL.framework/Versions/A/Libraries/libCVMSPluginSupport.dylib
0x0000000004651000 	/System/Library/Frameworks/OpenGL.framework/Versions/A/Libraries/libCoreVMClient.dylib
0x0000000004651000 	/usr/lib/libcompression.dylib
0x0000000004651000 	/usr/lib/libcups.2.dylib
0x0000000004651000 	/System/Library/Frameworks/Kerberos.framework/Versions/A/Kerberos
0x0000000004651000 	/System/Library/Frameworks/GSS.framework/Versions/A/GSS
0x0000000004651000 	/usr/lib/libresolv.9.dylib
0x0000000004651000 	/usr/lib/libiconv.2.dylib
0x0000000004651000 	/System/Library/PrivateFrameworks/Heimdal.framework/Versions/A/Heimdal
0x0000000004651000 	/usr/lib/libheimdal-asn1.dylib
0x0000000004651000 	/System/Library/Frameworks/OpenDirectory.framework/Versions/A/OpenDirectory
0x0000000004651000 	/System/Library/PrivateFrameworks/CommonAuth.framework/Versions/A/CommonAuth
0x0000000004651000 	/System/Library/Frameworks/OpenDirectory.framework/Versions/A/Frameworks/CFOpenDirectory.framework/Versions/A/CFOpenDirectory
0x0000000004651000 	/System/Library/Frameworks/SecurityFoundation.framework/Versions/A/SecurityFoundation
0x0000000004651000 	/System/Library/PrivateFrameworks/LanguageModeling.framework/Versions/A/LanguageModeling
0x0000000004651000 	/usr/lib/libmarisa.dylib
0x0000000004651000 	/usr/lib/libChineseTokenizer.dylib
0x0000000004651000 	/usr/lib/libcmph.dylib
0x0000000004651000 	/System/Library/Frameworks/ServiceManagement.framework/Versions/A/ServiceManagement
0x0000000004651000 	/usr/lib/libxslt.1.dylib
0x0000000004651000 	/System/Library/Frameworks/Carbon.framework/Versions/A/Frameworks/Ink.framework/Versions/A/Ink
0x0000000004651000 	/usr/lib/libFosl_dynamic.dylib
0x0000000004651000 	/System/Library/PrivateFrameworks/FaceCore.framework/Versions/A/FaceCore
0x0000000004651000 	/System/Library/Frameworks/OpenCL.framework/Versions/A/OpenCL
0x0000000004651000 	/System/Library/PrivateFrameworks/CrashReporterSupport.framework/Versions/A/CrashReporterSupport
0x0000000004651000 	/System/Library/PrivateFrameworks/IconServices.framework/Versions/A/IconServices
0x0000000004651000 	/System/Library/PrivateFrameworks/Apple80211.framework/Versions/A/Apple80211
0x0000000004651000 	/System/Library/Frameworks/CoreWLAN.framework/Versions/A/CoreWLAN
0x0000000004651000 	/System/Library/Frameworks/IOBluetooth.framework/Versions/A/IOBluetooth
0x0000000004651000 	/System/Library/PrivateFrameworks/CoreWiFi.framework/Versions/A/CoreWiFi
0x0000000004651000 	/System/Library/Frameworks/CoreBluetooth.framework/Versions/A/CoreBluetooth
0x0000000004651000 	/System/Library/PrivateFrameworks/ChunkingLibrary.framework/Versions/A/ChunkingLibrary
0x0000000004651000 	/System/Library/PrivateFrameworks/DebugSymbols.framework/Versions/A/DebugSymbols
0x0000000004651000 	/System/Library/PrivateFrameworks/CoreSymbolication.framework/Versions/A/CoreSymbolication
0x0000000004651000 	/System/Library/PrivateFrameworks/Symbolication.framework/Versions/A/Symbolication
0x0000000004651000 	/System/Library/PrivateFrameworks/SpeechRecognitionCore.framework/Versions/A/SpeechRecognitionCore
0x0000000050a58000 	/System/Library/CoreServices/Encodings/libKoreanConverter.dylib
0x000000010b5e1000 	/Library/Java/JavaVirtualMachines/jdk1.8.0_66.jdk/Contents/Home/jre/lib/server/libjvm.dylib
0x0000000004651000 	/usr/lib/libstdc++.6.dylib
0x000000010c56b000 	/Library/Java/JavaVirtualMachines/jdk1.8.0_66.jdk/Contents/Home/jre/lib/libverify.dylib
0x000000010c579000 	/Library/Java/JavaVirtualMachines/jdk1.8.0_66.jdk/Contents/Home/jre/lib/libjava.dylib
0x000000010c5af000 	/Library/Java/JavaVirtualMachines/jdk1.8.0_66.jdk/Contents/Home/jre/lib/libjdwp.dylib
0x000000010c5fa000 	/Library/Java/JavaVirtualMachines/jdk1.8.0_66.jdk/Contents/Home/jre/lib/libnpt.dylib
0x000000010d608000 	/Library/Java/JavaVirtualMachines/jdk1.8.0_66.jdk/Contents/Home/jre/lib/libzip.dylib
0x000000012869e000 	/System/Library/Frameworks/JavaVM.framework/Frameworks/JavaRuntimeSupport.framework/JavaRuntimeSupport
0x00000001286b9000 	/System/Library/Frameworks/JavaVM.framework/Versions/A/Frameworks/JavaNativeFoundation.framework/Versions/A/JavaNativeFoundation
0x00000001286ce000 	/System/Library/Frameworks/JavaVM.framework/Versions/A/JavaVM
0x0000000004651000 	/System/Library/Frameworks/Carbon.framework/Versions/A/Carbon
0x00000001286db000 	/System/Library/PrivateFrameworks/JavaLaunching.framework/Versions/A/JavaLaunching
0x0000000004651000 	/System/Library/Frameworks/Carbon.framework/Versions/A/Frameworks/CommonPanels.framework/Versions/A/CommonPanels
0x0000000004651000 	/System/Library/Frameworks/Carbon.framework/Versions/A/Frameworks/Help.framework/Versions/A/Help
0x0000000004651000 	/System/Library/Frameworks/Carbon.framework/Versions/A/Frameworks/ImageCapture.framework/Versions/A/ImageCapture
0x0000000004651000 	/System/Library/Frameworks/Carbon.framework/Versions/A/Frameworks/OpenScripting.framework/Versions/A/OpenScripting
0x0000000004651000 	/System/Library/Frameworks/Carbon.framework/Versions/A/Frameworks/Print.framework/Versions/A/Print
0x0000000004651000 	/System/Library/Frameworks/Carbon.framework/Versions/A/Frameworks/SecurityHI.framework/Versions/A/SecurityHI
0x0000000129ffd000 	/Library/Java/JavaVirtualMachines/jdk1.8.0_66.jdk/Contents/Home/jre/lib/libdt_socket.dylib
0x000000012a0dc000 	/Library/Java/JavaVirtualMachines/jdk1.8.0_66.jdk/Contents/Home/jre/lib/libprism_es2.dylib
0x0000000004651000 	/System/Library/Frameworks/OpenGL.framework/Versions/A/Resources/GLEngine.bundle/GLEngine
0x0000000004651000 	/System/Library/Frameworks/OpenGL.framework/Versions/A/Libraries/libGLProgrammability.dylib
0x000000012a15e000 	/System/Library/Extensions/AppleIntelHD5000GraphicsGLDriver.bundle/Contents/MacOS/AppleIntelHD5000GraphicsGLDriver
0x0000000004651000 	/System/Library/PrivateFrameworks/GPUSupport.framework/Versions/A/Libraries/libGPUSupportMercury.dylib
0x0000000004651000 	/System/Library/Extensions/GeForceGLDriver.bundle/Contents/MacOS/GeForceGLDriver
0x0000000004651000 	/System/Library/Extensions/GeForceGLDriver.bundle/Contents/MacOS/libclh.dylib
0x0000000004651000 	/System/Library/Frameworks/OpenGL.framework/Versions/A/Resources/GLRendererFloat.bundle/GLRendererFloat
0x0000000004651000 	/System/Library/Frameworks/OpenCL.framework/Versions/A/Libraries/libcldcpuengine.dylib
0x0000000004651000 	/System/Library/PrivateFrameworks/DiskImages.framework/Versions/A/DiskImages
0x0000000004651000 	/System/Library/Frameworks/DiscRecording.framework/Versions/A/DiscRecording
0x0000000004651000 	/usr/lib/libcsfde.dylib
0x0000000004651000 	/usr/lib/libcurl.4.dylib
0x0000000004651000 	/System/Library/PrivateFrameworks/MediaKit.framework/Versions/A/MediaKit
0x0000000004651000 	/System/Library/PrivateFrameworks/ProtectedCloudStorage.framework/Versions/A/ProtectedCloudStorage
0x0000000004651000 	/usr/lib/libCoreStorage.dylib
0x0000000004651000 	/System/Library/PrivateFrameworks/EFILogin.framework/Versions/A/EFILogin
0x0000000004651000 	/usr/lib/libutil.dylib
0x0000000004651000 	/System/Library/PrivateFrameworks/FindMyDevice.framework/Versions/A/FindMyDevice
0x0000000004651000 	/System/Library/Frameworks/LDAP.framework/Versions/A/LDAP
0x0000000004651000 	/usr/lib/libsasl2.2.dylib
0x0000000004651000 	/System/Library/PrivateFrameworks/CoreDaemon.framework/Versions/B/CoreDaemon
0x0000000004651000 	/usr/lib/libcrypto.0.9.8.dylib
0x0000000004651000 	/System/Library/PrivateFrameworks/AppleSRP.framework/Versions/A/AppleSRP
0x0000000004651000 	/System/Library/PrivateFrameworks/TrustEvaluationAgent.framework/Versions/A/TrustEvaluationAgent
0x000000012ab1c000 	/Library/Java/JavaVirtualMachines/jdk1.8.0_66.jdk/Contents/Home/jre/lib/libglass.dylib
0x0000000004651000 	/System/Library/PrivateFrameworks/CoreServicesInternal.framework/Versions/A/CoreServicesInternal
0x0000000004651000 	/System/Library/CoreServices/RawCamera.bundle/Contents/MacOS/RawCamera
0x0000000004651000 	/System/Library/Frameworks/CoreGraphics.framework/Versions/A/Resources/libRIP.A.dylib
0x0000000004651000 	/System/Library/Frameworks/Accelerate.framework/Versions/A/Frameworks/vImage.framework/Versions/A/Libraries/libCGInterfaces.dylib
0x0000000004651000 	/System/Library/PrivateFrameworks/FamilyControls.framework/Versions/A/FamilyControls
0x0000000004651000 	/System/Library/PrivateFrameworks/CommerceKit.framework/Versions/A/Frameworks/CommerceCore.framework/Versions/A/CommerceCore
0x0000000004651000 	/System/Library/PrivateFrameworks/SystemAdministration.framework/Versions/A/SystemAdministration
0x0000000004651000 	/System/Library/PrivateFrameworks/AppContainer.framework/Versions/A/AppContainer
0x0000000004651000 	/System/Library/PrivateFrameworks/SecCodeWrapper.framework/Versions/A/SecCodeWrapper
0x0000000004651000 	/System/Library/Frameworks/DirectoryService.framework/Versions/A/DirectoryService
0x0000000004651000 	/System/Library/PrivateFrameworks/LoginUIKit.framework/Versions/A/Frameworks/LoginUICore.framework/Versions/A/LoginUICore
0x0000000004651000 	/usr/lib/libodfde.dylib
0x000000012ed54000 	/Library/Java/JavaVirtualMachines/jdk1.8.0_66.jdk/Contents/Home/jre/lib/libjfxwebkit.dylib
0x000000013143c000 	/Library/Java/JavaVirtualMachines/jdk1.8.0_66.jdk/Contents/Home/jre/lib/libjavafx_font.dylib
0x0000000004651000 	/System/Library/Frameworks/CoreGraphics.framework/Versions/A/Resources/libCGXType.A.dylib
0x00000001352dc000 	cl_kernels
0x0000000004651000 	/System/Library/Frameworks/OpenCL.framework/Versions/A/Libraries/ImageFormats/unorm8_bgra.dylib
0x0000000004651000 	/System/Library/Frameworks/OpenCL.framework/Versions/A/Libraries/ImageFormats/unorm8_rgba.dylib
0x000000013602d000 	/Library/Java/JavaVirtualMachines/jdk1.8.0_66.jdk/Contents/Home/jre/lib/libprism_common.dylib
0x000000013617f000 	/Library/Java/JavaVirtualMachines/jdk1.8.0_66.jdk/Contents/Home/jre/lib/libnet.dylib
0x0000000137d26000 	/Library/Java/JavaVirtualMachines/jdk1.8.0_66.jdk/Contents/Home/jre/lib/libnio.dylib
0x000000013862f000 	/System/Library/Extensions/GeForceMTLDriver.bundle/Contents/MacOS/GeForceMTLDriver
0x000000013877c000 	/System/Library/Extensions/AppleIntelHD5000GraphicsMTLDriver.bundle/Contents/MacOS/AppleIntelHD5000GraphicsMTLDriver
0x000000013f616000 	/Library/Java/JavaVirtualMachines/jdk1.8.0_66.jdk/Contents/Home/jre/lib/libglib-lite.dylib
0x000000013f738000 	/Library/Java/JavaVirtualMachines/jdk1.8.0_66.jdk/Contents/Home/jre/lib/libgstreamer-lite.dylib
0x000000013f8b0000 	/Library/Java/JavaVirtualMachines/jdk1.8.0_66.jdk/Contents/Home/jre/lib/libjfxmedia.dylib
0x000000013f99e000 	/Library/Java/JavaVirtualMachines/jdk1.8.0_66.jdk/Contents/Home/jre/lib/libjfxmedia_avf.dylib
0x0000000004651000 	/System/Library/Frameworks/AVFoundation.framework/Versions/A/AVFoundation
0x0000000004651000 	/System/Library/Frameworks/CoreMedia.framework/Versions/A/CoreMedia
0x0000000004651000 	/System/Library/Frameworks/MediaToolbox.framework/Versions/A/MediaToolbox
0x0000000004651000 	/System/Library/Frameworks/AVFoundation.framework/Versions/A/Resources/libAVFAudio.dylib
0x0000000004651000 	/System/Library/Frameworks/VideoToolbox.framework/Versions/A/VideoToolbox
0x0000000004651000 	/System/Library/Frameworks/CoreMediaIO.framework/Versions/A/CoreMediaIO
0x0000000004651000 	/usr/lib/libspindump.dylib
0x0000000004651000 	/System/Library/PrivateFrameworks/CoreAVCHD.framework/Versions/A/CoreAVCHD
0x0000000004651000 	/System/Library/Frameworks/MediaAccessibility.framework/Versions/A/MediaAccessibility
0x0000000004651000 	/System/Library/PrivateFrameworks/Mangrove.framework/Versions/A/Mangrove
0x0000000004651000 	/System/Library/PrivateFrameworks/CoreAUC.framework/Versions/A/CoreAUC
0x0000000004651000 	/System/Library/PrivateFrameworks/AppleVA.framework/Versions/A/AppleVA
0x0000000004651000 	/System/Library/PrivateFrameworks/XPCService.framework/Versions/A/XPCService
0x0000000004651000 	/System/Library/PrivateFrameworks/AppSandbox.framework/Versions/A/AppSandbox
0x0000000004651000 	/usr/lib/libsandbox.1.dylib
0x0000000004651000 	/usr/lib/libMatch.1.dylib
0x000000013bc82000 	/Library/Java/JavaVirtualMachines/jdk1.8.0_66.jdk/Contents/Home/jre/lib/libjfxmedia_qtkit.dylib
0x0000000004651000 	/System/Library/Frameworks/QTKit.framework/Versions/A/QTKit
0x0000000004651000 	/System/Library/PrivateFrameworks/CoreMediaAuthoring.framework/Versions/A/CoreMediaAuthoring
0x000000013ff13000 	/Library/Java/JavaVirtualMachines/jdk1.8.0_66.jdk/Contents/Home/jre/lib/libfxplugins.dylib
0x000000013fa41000 	/System/Library/Frameworks/VideoDecodeAcceleration.framework/Versions/A/VideoDecodeAcceleration
0x0000000140010000 	/System/Library/Extensions/AppleHDA.kext/Contents/PlugIns/AppleHDAHALPlugIn.bundle/Contents/MacOS/AppleHDAHALPlugIn
0x0000000140057000 	/System/Library/Components/CoreAudio.component/Contents/MacOS/CoreAudio
0x0000000004651000 	/System/Library/PrivateFrameworks/AppleGVA.framework/Versions/A/AppleGVA
0x00000001402d4000 	/System/Library/Extensions/AppleIntelHD5000GraphicsVADriver.bundle/Contents/MacOS/AppleIntelHD5000GraphicsVADriver
0x0000000140540000 	/System/Library/Extensions/GeForceVADriver.bundle/Contents/MacOS/GeForceVADriver
0x000000013fa48000 	/System/Library/Extensions/AppleIntelHSWVA.bundle/Contents/MacOS/AppleIntelHSWVA
0x0000000141094000 	/System/Library/Components/AudioCodecs.component/Contents/MacOS/AudioCodecs
0x000000013a561000 	/Library/Java/JavaVirtualMachines/jdk1.8.0_66.jdk/Contents/Home/jre/lib/libjavafx_iio.dylib
0x0000000004651000 	/System/Library/PrivateFrameworks/RTCReporting.framework/Versions/A/RTCReporting

VM Arguments:
jvm_args: -Xdebug -Xrunjdwp:transport=dt_socket,address=localhost:57689 -Dfile.encoding=UTF-8 
java_command: /Users/skytree/NetBeansProjects/SkyBooks/dist/run819799660/SkyBooks.jar
java_class_path (initial): /Users/skytree/NetBeansProjects/SkyBooks/dist/run819799660/SkyBooks.jar
Launcher Type: SUN_STANDARD

Environment Variables:
PATH=/usr/bin:/bin:/usr/sbin:/sbin
LD_LIBRARY_PATH=/Library/Java/JavaVirtualMachines/jdk1.8.0_66.jdk/Contents/Home/jre/lib/amd64:/Library/Java/JavaVirtualMachines/jdk1.8.0_66.jdk/Contents/Home/jre/lib/i386:
SHELL=/bin/bash
DISPLAY=/private/tmp/com.apple.launchd.yyHZt6TnIw/org.macosforge.xquartz:0

Signal Handlers:
SIGSEGV: [libjvm.dylib+0x5a65d5], sa_mask[0]=11111111011111110111111111111111, sa_flags=SA_ONSTACK|SA_RESTART|SA_SIGINFO
SIGBUS: [libjvm.dylib+0x5a65d5], sa_mask[0]=11111111011111110111111111111111, sa_flags=SA_RESTART|SA_SIGINFO
SIGFPE: [libjvm.dylib+0x4802e8], sa_mask[0]=11111111011111110111111111111111, sa_flags=SA_RESTART|SA_SIGINFO
SIGPIPE: [libjvm.dylib+0x4802e8], sa_mask[0]=11111111011111110111111111111111, sa_flags=SA_RESTART|SA_SIGINFO
SIGXFSZ: [libjvm.dylib+0x4802e8], sa_mask[0]=11111111011111110111111111111111, sa_flags=SA_RESTART|SA_SIGINFO
SIGILL: [libjvm.dylib+0x4802e8], sa_mask[0]=11111111011111110111111111111111, sa_flags=SA_RESTART|SA_SIGINFO
SIGUSR1: SIG_DFL, sa_mask[0]=00000000000000000000000000000000, sa_flags=none
SIGUSR2: [libjvm.dylib+0x47fe06], sa_mask[0]=00100000000000000000000000000000, sa_flags=SA_RESTART|SA_SIGINFO
SIGHUP: [AudioToolbox+0xedc42], sa_mask[0]=00000000000000000000000000000000, sa_flags=SA_RESTART
SIGINT: SIG_IGN, sa_mask[0]=00000000000000000000000000000000, sa_flags=none
SIGTERM: [libjvm.dylib+0x47e3dd], sa_mask[0]=11111111011111110111111111111111, sa_flags=SA_RESTART|SA_SIGINFO
SIGQUIT: [libjvm.dylib+0x47e3dd], sa_mask[0]=11111111011111110111111111111111, sa_flags=SA_RESTART|SA_SIGINFO


---------------  S Y S T E M  ---------------

OS:Bsduname:Darwin 15.5.0 Darwin Kernel Version 15.5.0: Tue Apr 19 18:36:36 PDT 2016; root:xnu-3248.50.21~8/RELEASE_X86_64 x86_64
rlimit: STACK 8192k, CORE 0k, NPROC 709, NOFILE 10240, AS infinity
load average:1.72 2.10 1.98

CPU:total 8 (4 cores per cpu, 2 threads per core) family 6 model 70 stepping 1, cmov, cx8, fxsr, mmx, sse, sse2, sse3, ssse3, sse4.1, sse4.2, popcnt, avx, avx2, aes, clmul, erms, rtm, lzcnt, ht, tsc, tscinvbit, bmi1, bmi2

Memory: 4k page, physical 16777216k(506308k free)

/proc/meminfo:


vm_info: Java HotSpot(TM) 64-Bit Server VM (25.66-b17) for bsd-amd64 JRE (1.8.0_66-b17), built on Oct  6 2015 16:09:13 by "java_re" with gcc 4.2.1 (Based on Apple Inc. build 5658) (LLVM build 2336.11.00)

time: Thu Jun 30 11:26:21 2016
elapsed time: 215 seconds (0d 0h 3m 35s)

